{"/Users/rifky/InsightHub/app/api/articles/[id]/route.ts": {"path":"/Users/rifky/InsightHub/app/api/articles/[id]/route.ts","statementMap":{"0":{"start":{"line":6,"column":0},"end":{"line":6,"column":7}},"1":{"start":{"line":64,"column":0},"end":{"line":64,"column":7}},"2":{"start":{"line":1,"column":0},"end":{"line":1,"column":43}},"3":{"start":{"line":2,"column":0},"end":{"line":2,"column":37}},"4":{"start":{"line":3,"column":0},"end":{"line":3,"column":61}},"5":{"start":{"line":4,"column":0},"end":{"line":4,"column":66}},"6":{"start":{"line":10,"column":2},"end":{"line":61,"column":3}},"7":{"start":{"line":11,"column":17},"end":{"line":11,"column":39}},"8":{"start":{"line":12,"column":4},"end":{"line":12,"column":38}},"9":{"start":{"line":12,"column":20},"end":{"line":12,"column":38}},"10":{"start":{"line":13,"column":19},"end":{"line":13,"column":31}},"11":{"start":{"line":15,"column":26},"end":{"line":15,"column":38}},"12":{"start":{"line":16,"column":25},"end":{"line":16,"column":69}},"13":{"start":{"line":17,"column":4},"end":{"line":22,"column":5}},"14":{"start":{"line":18,"column":6},"end":{"line":21,"column":8}},"15":{"start":{"line":23,"column":19},"end":{"line":23,"column":36}},"16":{"start":{"line":25,"column":20},"end":{"line":35,"column":6}},"17":{"start":{"line":37,"column":4},"end":{"line":42,"column":5}},"18":{"start":{"line":38,"column":6},"end":{"line":41,"column":8}},"19":{"start":{"line":45,"column":4},"end":{"line":50,"column":5}},"20":{"start":{"line":46,"column":6},"end":{"line":49,"column":8}},"21":{"start":{"line":52,"column":4},"end":{"line":55,"column":7}},"22":{"start":{"line":57,"column":4},"end":{"line":60,"column":6}},"23":{"start":{"line":68,"column":2},"end":{"line":113,"column":3}},"24":{"start":{"line":69,"column":17},"end":{"line":69,"column":39}},"25":{"start":{"line":70,"column":4},"end":{"line":70,"column":38}},"26":{"start":{"line":70,"column":20},"end":{"line":70,"column":38}},"27":{"start":{"line":71,"column":19},"end":{"line":71,"column":31}},"28":{"start":{"line":73,"column":26},"end":{"line":73,"column":38}},"29":{"start":{"line":74,"column":25},"end":{"line":74,"column":69}},"30":{"start":{"line":75,"column":4},"end":{"line":80,"column":5}},"31":{"start":{"line":76,"column":6},"end":{"line":79,"column":8}},"32":{"start":{"line":81,"column":19},"end":{"line":81,"column":36}},"33":{"start":{"line":86,"column":20},"end":{"line":86,"column":70}},"34":{"start":{"line":87,"column":4},"end":{"line":92,"column":5}},"35":{"start":{"line":88,"column":6},"end":{"line":91,"column":8}},"36":{"start":{"line":93,"column":4},"end":{"line":98,"column":5}},"37":{"start":{"line":94,"column":6},"end":{"line":97,"column":8}},"38":{"start":{"line":100,"column":4},"end":{"line":102,"column":7}},"39":{"start":{"line":104,"column":4},"end":{"line":107,"column":7}},"40":{"start":{"line":109,"column":4},"end":{"line":112,"column":6}}},"fnMap":{"0":{"name":"GET","decl":{"start":{"line":6,"column":22},"end":{"line":6,"column":25}},"loc":{"start":{"line":8,"column":49},"end":{"line":62,"column":1}}},"1":{"name":"DELETE","decl":{"start":{"line":64,"column":22},"end":{"line":64,"column":28}},"loc":{"start":{"line":66,"column":49},"end":{"line":114,"column":1}}}},"branchMap":{"0":{"loc":{"start":{"line":12,"column":4},"end":{"line":12,"column":38}},"type":"if","locations":[{"start":{"line":12,"column":4},"end":{"line":12,"column":38}}]},"1":{"loc":{"start":{"line":17,"column":4},"end":{"line":22,"column":5}},"type":"if","locations":[{"start":{"line":17,"column":4},"end":{"line":22,"column":5}}]},"2":{"loc":{"start":{"line":37,"column":4},"end":{"line":42,"column":5}},"type":"if","locations":[{"start":{"line":37,"column":4},"end":{"line":42,"column":5}}]},"3":{"loc":{"start":{"line":45,"column":4},"end":{"line":50,"column":5}},"type":"if","locations":[{"start":{"line":45,"column":4},"end":{"line":50,"column":5}}]},"4":{"loc":{"start":{"line":45,"column":8},"end":{"line":45,"column":51}},"type":"binary-expr","locations":[{"start":{"line":45,"column":8},"end":{"line":45,"column":22}},{"start":{"line":45,"column":26},"end":{"line":45,"column":51}}]},"5":{"loc":{"start":{"line":70,"column":4},"end":{"line":70,"column":38}},"type":"if","locations":[{"start":{"line":70,"column":4},"end":{"line":70,"column":38}}]},"6":{"loc":{"start":{"line":75,"column":4},"end":{"line":80,"column":5}},"type":"if","locations":[{"start":{"line":75,"column":4},"end":{"line":80,"column":5}}]},"7":{"loc":{"start":{"line":87,"column":4},"end":{"line":92,"column":5}},"type":"if","locations":[{"start":{"line":87,"column":4},"end":{"line":92,"column":5}}]},"8":{"loc":{"start":{"line":93,"column":4},"end":{"line":98,"column":5}},"type":"if","locations":[{"start":{"line":93,"column":4},"end":{"line":98,"column":5}}]},"9":{"loc":{"start":{"line":93,"column":8},"end":{"line":93,"column":72}},"type":"cond-expr","locations":[{"start":{"line":93,"column":25},"end":{"line":93,"column":50}},{"start":{"line":93,"column":53},"end":{"line":93,"column":72}}]}},"s":{"0":1,"1":1,"2":1,"3":1,"4":1,"5":1,"6":1,"7":1,"8":1,"9":0,"10":1,"11":1,"12":1,"13":1,"14":0,"15":1,"16":1,"17":1,"18":0,"19":1,"20":0,"21":1,"22":0,"23":4,"24":4,"25":4,"26":0,"27":4,"28":4,"29":4,"30":4,"31":0,"32":4,"33":4,"34":4,"35":0,"36":4,"37":2,"38":2,"39":2,"40":0},"f":{"0":1,"1":4},"b":{"0":[0],"1":[0],"2":[0],"3":[0],"4":[1,0],"5":[0],"6":[0],"7":[0],"8":[2],"9":[2,2]}}
,"/Users/rifky/InsightHub/app/api/crawl/route.ts": {"path":"/Users/rifky/InsightHub/app/api/crawl/route.ts","statementMap":{"0":{"start":{"line":1,"column":0},"end":{"line":1,"column":43}},"1":{"start":{"line":2,"column":0},"end":{"line":2,"column":54}},"2":{"start":{"line":3,"column":0},"end":{"line":3,"column":61}},"3":{"start":{"line":4,"column":0},"end":{"line":4,"column":37}},"4":{"start":{"line":5,"column":0},"end":{"line":5,"column":62}},"5":{"start":{"line":6,"column":0},"end":{"line":6,"column":51}},"6":{"start":{"line":7,"column":0},"end":{"line":7,"column":49}},"7":{"start":{"line":8,"column":0},"end":{"line":8,"column":57}},"8":{"start":{"line":9,"column":0},"end":{"line":9,"column":60}},"9":{"start":{"line":11,"column":13},"end":{"line":110,"column":3}},"10":{"start":{"line":12,"column":2},"end":{"line":109,"column":3}},"11":{"start":{"line":13,"column":17},"end":{"line":13,"column":39}},"12":{"start":{"line":14,"column":4},"end":{"line":14,"column":38}},"13":{"start":{"line":14,"column":20},"end":{"line":14,"column":38}},"14":{"start":{"line":15,"column":19},"end":{"line":15,"column":31}},"15":{"start":{"line":17,"column":17},"end":{"line":17,"column":37}},"16":{"start":{"line":18,"column":23},"end":{"line":18,"column":54}},"17":{"start":{"line":19,"column":4},"end":{"line":24,"column":5}},"18":{"start":{"line":20,"column":6},"end":{"line":23,"column":8}},"19":{"start":{"line":26,"column":47},"end":{"line":26,"column":62}},"20":{"start":{"line":28,"column":21},"end":{"line":28,"column":42}},"21":{"start":{"line":29,"column":4},"end":{"line":34,"column":5}},"22":{"start":{"line":30,"column":6},"end":{"line":33,"column":8}},"23":{"start":{"line":36,"column":22},"end":{"line":36,"column":34}},"24":{"start":{"line":40,"column":19},"end":{"line":40,"column":57}},"25":{"start":{"line":42,"column":4},"end":{"line":55,"column":5}},"26":{"start":{"line":43,"column":6},"end":{"line":43,"column":79}},"27":{"start":{"line":46,"column":6},"end":{"line":54,"column":7}},"28":{"start":{"line":50,"column":8},"end":{"line":53,"column":10}},"29":{"start":{"line":58,"column":18},"end":{"line":58,"column":53}},"30":{"start":{"line":59,"column":4},"end":{"line":67,"column":5}},"31":{"start":{"line":60,"column":6},"end":{"line":66,"column":8}},"32":{"start":{"line":69,"column":4},"end":{"line":79,"column":5}},"33":{"start":{"line":70,"column":6},"end":{"line":78,"column":9}},"34":{"start":{"line":82,"column":19},"end":{"line":88,"column":6}},"35":{"start":{"line":91,"column":24},"end":{"line":93,"column":6}},"36":{"start":{"line":95,"column":4},"end":{"line":106,"column":7}},"37":{"start":{"line":108,"column":4},"end":{"line":108,"column":52}},"38":{"start":{"line":112,"column":13},"end":{"line":140,"column":3}},"39":{"start":{"line":113,"column":2},"end":{"line":139,"column":3}},"40":{"start":{"line":114,"column":17},"end":{"line":114,"column":39}},"41":{"start":{"line":115,"column":4},"end":{"line":115,"column":38}},"42":{"start":{"line":115,"column":20},"end":{"line":115,"column":38}},"43":{"start":{"line":116,"column":19},"end":{"line":116,"column":31}},"44":{"start":{"line":118,"column":20},"end":{"line":128,"column":6}},"45":{"start":{"line":130,"column":4},"end":{"line":133,"column":7}},"46":{"start":{"line":135,"column":4},"end":{"line":138,"column":6}}},"fnMap":{"0":{"name":"(anonymous_1)","decl":{"start":{"line":11,"column":34},"end":{"line":11,"column":39}},"loc":{"start":{"line":11,"column":61},"end":{"line":110,"column":1}}},"1":{"name":"(anonymous_2)","decl":{"start":{"line":112,"column":33},"end":{"line":112,"column":38}},"loc":{"start":{"line":112,"column":44},"end":{"line":140,"column":1}}}},"branchMap":{"0":{"loc":{"start":{"line":14,"column":4},"end":{"line":14,"column":38}},"type":"if","locations":[{"start":{"line":14,"column":4},"end":{"line":14,"column":38}}]},"1":{"loc":{"start":{"line":19,"column":4},"end":{"line":24,"column":5}},"type":"if","locations":[{"start":{"line":19,"column":4},"end":{"line":24,"column":5}}]},"2":{"loc":{"start":{"line":29,"column":4},"end":{"line":34,"column":5}},"type":"if","locations":[{"start":{"line":29,"column":4},"end":{"line":34,"column":5}}]},"3":{"loc":{"start":{"line":42,"column":4},"end":{"line":55,"column":5}},"type":"if","locations":[{"start":{"line":42,"column":4},"end":{"line":55,"column":5}}]},"4":{"loc":{"start":{"line":46,"column":6},"end":{"line":54,"column":7}},"type":"if","locations":[{"start":{"line":46,"column":6},"end":{"line":54,"column":7}}]},"5":{"loc":{"start":{"line":47,"column":8},"end":{"line":48,"column":72}},"type":"binary-expr","locations":[{"start":{"line":47,"column":8},"end":{"line":47,"column":14}},{"start":{"line":48,"column":9},"end":{"line":48,"column":71}}]},"6":{"loc":{"start":{"line":48,"column":9},"end":{"line":48,"column":71}},"type":"cond-expr","locations":[{"start":{"line":48,"column":25},"end":{"line":48,"column":49}},{"start":{"line":48,"column":52},"end":{"line":48,"column":71}}]},"7":{"loc":{"start":{"line":59,"column":4},"end":{"line":67,"column":5}},"type":"if","locations":[{"start":{"line":59,"column":4},"end":{"line":67,"column":5}}]},"8":{"loc":{"start":{"line":69,"column":4},"end":{"line":79,"column":5}},"type":"if","locations":[{"start":{"line":69,"column":4},"end":{"line":79,"column":5}}]},"9":{"loc":{"start":{"line":115,"column":4},"end":{"line":115,"column":38}},"type":"if","locations":[{"start":{"line":115,"column":4},"end":{"line":115,"column":38}}]}},"s":{"0":1,"1":1,"2":1,"3":1,"4":1,"5":1,"6":1,"7":1,"8":1,"9":1,"10":1,"11":1,"12":1,"13":0,"14":1,"15":1,"16":1,"17":1,"18":0,"19":1,"20":1,"21":1,"22":0,"23":1,"24":1,"25":1,"26":1,"27":1,"28":1,"29":0,"30":0,"31":0,"32":0,"33":0,"34":0,"35":0,"36":0,"37":0,"38":1,"39":0,"40":0,"41":0,"42":0,"43":0,"44":0,"45":0,"46":0},"f":{"0":1,"1":0},"b":{"0":[0],"1":[0],"2":[0],"3":[1],"4":[1],"5":[1,1],"6":[0,1],"7":[0],"8":[0],"9":[0]}}
,"/Users/rifky/InsightHub/app/api/health/route.ts": {"path":"/Users/rifky/InsightHub/app/api/health/route.ts","statementMap":{"0":{"start":{"line":3,"column":0},"end":{"line":3,"column":7}},"1":{"start":{"line":1,"column":0},"end":{"line":1,"column":43}},"2":{"start":{"line":4,"column":2},"end":{"line":4,"column":82}}},"fnMap":{"0":{"name":"GET","decl":{"start":{"line":3,"column":22},"end":{"line":3,"column":25}},"loc":{"start":{"line":3,"column":25},"end":{"line":5,"column":1}}}},"branchMap":{},"s":{"0":1,"1":1,"2":1},"f":{"0":1},"b":{}}
,"/Users/rifky/InsightHub/app/api/notifications/route.ts": {"path":"/Users/rifky/InsightHub/app/api/notifications/route.ts","statementMap":{"0":{"start":{"line":1,"column":0},"end":{"line":1,"column":43}},"1":{"start":{"line":2,"column":0},"end":{"line":2,"column":54}},"2":{"start":{"line":3,"column":0},"end":{"line":3,"column":52}},"3":{"start":{"line":4,"column":0},"end":{"line":4,"column":68}},"4":{"start":{"line":5,"column":0},"end":{"line":5,"column":37}},"5":{"start":{"line":7,"column":28},"end":{"line":7,"column":30}},"6":{"start":{"line":9,"column":13},"end":{"line":37,"column":3}},"7":{"start":{"line":10,"column":2},"end":{"line":36,"column":3}},"8":{"start":{"line":11,"column":17},"end":{"line":11,"column":39}},"9":{"start":{"line":12,"column":4},"end":{"line":12,"column":38}},"10":{"start":{"line":12,"column":20},"end":{"line":12,"column":38}},"11":{"start":{"line":13,"column":19},"end":{"line":13,"column":31}},"12":{"start":{"line":15,"column":41},"end":{"line":24,"column":6}},"13":{"start":{"line":26,"column":4},"end":{"line":30,"column":7}},"14":{"start":{"line":32,"column":4},"end":{"line":35,"column":6}},"15":{"start":{"line":39,"column":13},"end":{"line":69,"column":3}},"16":{"start":{"line":40,"column":2},"end":{"line":68,"column":3}},"17":{"start":{"line":41,"column":17},"end":{"line":41,"column":39}},"18":{"start":{"line":42,"column":4},"end":{"line":42,"column":38}},"19":{"start":{"line":42,"column":20},"end":{"line":42,"column":38}},"20":{"start":{"line":43,"column":19},"end":{"line":43,"column":31}},"21":{"start":{"line":45,"column":17},"end":{"line":45,"column":37}},"22":{"start":{"line":46,"column":23},"end":{"line":46,"column":60}},"23":{"start":{"line":47,"column":4},"end":{"line":52,"column":5}},"24":{"start":{"line":48,"column":6},"end":{"line":51,"column":8}},"25":{"start":{"line":54,"column":4},"end":{"line":57,"column":7}},"26":{"start":{"line":59,"column":4},"end":{"line":62,"column":7}},"27":{"start":{"line":64,"column":4},"end":{"line":67,"column":6}}},"fnMap":{"0":{"name":"(anonymous_1)","decl":{"start":{"line":9,"column":33},"end":{"line":9,"column":38}},"loc":{"start":{"line":9,"column":44},"end":{"line":37,"column":1}}},"1":{"name":"(anonymous_2)","decl":{"start":{"line":39,"column":34},"end":{"line":39,"column":39}},"loc":{"start":{"line":39,"column":61},"end":{"line":69,"column":1}}}},"branchMap":{"0":{"loc":{"start":{"line":12,"column":4},"end":{"line":12,"column":38}},"type":"if","locations":[{"start":{"line":12,"column":4},"end":{"line":12,"column":38}}]},"1":{"loc":{"start":{"line":42,"column":4},"end":{"line":42,"column":38}},"type":"if","locations":[{"start":{"line":42,"column":4},"end":{"line":42,"column":38}}]},"2":{"loc":{"start":{"line":47,"column":4},"end":{"line":52,"column":5}},"type":"if","locations":[{"start":{"line":47,"column":4},"end":{"line":52,"column":5}}]}},"s":{"0":1,"1":1,"2":1,"3":1,"4":1,"5":1,"6":1,"7":2,"8":2,"9":2,"10":1,"11":1,"12":1,"13":1,"14":0,"15":1,"16":3,"17":3,"18":3,"19":1,"20":2,"21":2,"22":2,"23":2,"24":1,"25":1,"26":1,"27":0},"f":{"0":2,"1":3},"b":{"0":[1],"1":[1],"2":[1]}}
,"/Users/rifky/InsightHub/app/api/notifications/[id]/route.ts": {"path":"/Users/rifky/InsightHub/app/api/notifications/[id]/route.ts","statementMap":{"0":{"start":{"line":6,"column":0},"end":{"line":6,"column":7}},"1":{"start":{"line":1,"column":0},"end":{"line":1,"column":43}},"2":{"start":{"line":2,"column":0},"end":{"line":2,"column":37}},"3":{"start":{"line":3,"column":0},"end":{"line":3,"column":52}},"4":{"start":{"line":4,"column":0},"end":{"line":4,"column":66}},"5":{"start":{"line":10,"column":2},"end":{"line":52,"column":3}},"6":{"start":{"line":11,"column":17},"end":{"line":11,"column":39}},"7":{"start":{"line":12,"column":4},"end":{"line":12,"column":38}},"8":{"start":{"line":12,"column":20},"end":{"line":12,"column":38}},"9":{"start":{"line":13,"column":19},"end":{"line":13,"column":31}},"10":{"start":{"line":15,"column":26},"end":{"line":15,"column":38}},"11":{"start":{"line":16,"column":25},"end":{"line":16,"column":69}},"12":{"start":{"line":17,"column":4},"end":{"line":22,"column":5}},"13":{"start":{"line":18,"column":6},"end":{"line":21,"column":8}},"14":{"start":{"line":23,"column":19},"end":{"line":23,"column":36}},"15":{"start":{"line":25,"column":25},"end":{"line":25,"column":80}},"16":{"start":{"line":26,"column":4},"end":{"line":31,"column":5}},"17":{"start":{"line":27,"column":6},"end":{"line":30,"column":8}},"18":{"start":{"line":34,"column":4},"end":{"line":39,"column":5}},"19":{"start":{"line":35,"column":6},"end":{"line":38,"column":8}},"20":{"start":{"line":41,"column":4},"end":{"line":44,"column":7}},"21":{"start":{"line":46,"column":4},"end":{"line":46,"column":48}},"22":{"start":{"line":48,"column":4},"end":{"line":51,"column":6}}},"fnMap":{"0":{"name":"POST","decl":{"start":{"line":6,"column":22},"end":{"line":6,"column":26}},"loc":{"start":{"line":8,"column":49},"end":{"line":53,"column":1}}}},"branchMap":{"0":{"loc":{"start":{"line":12,"column":4},"end":{"line":12,"column":38}},"type":"if","locations":[{"start":{"line":12,"column":4},"end":{"line":12,"column":38}}]},"1":{"loc":{"start":{"line":17,"column":4},"end":{"line":22,"column":5}},"type":"if","locations":[{"start":{"line":17,"column":4},"end":{"line":22,"column":5}}]},"2":{"loc":{"start":{"line":26,"column":4},"end":{"line":31,"column":5}},"type":"if","locations":[{"start":{"line":26,"column":4},"end":{"line":31,"column":5}}]},"3":{"loc":{"start":{"line":34,"column":4},"end":{"line":39,"column":5}},"type":"if","locations":[{"start":{"line":34,"column":4},"end":{"line":39,"column":5}}]}},"s":{"0":1,"1":1,"2":1,"3":1,"4":1,"5":3,"6":3,"7":3,"8":0,"9":3,"10":3,"11":3,"12":3,"13":0,"14":3,"15":3,"16":3,"17":1,"18":2,"19":1,"20":1,"21":1,"22":0},"f":{"0":3},"b":{"0":[0],"1":[0],"2":[1],"3":[1]}}
,"/Users/rifky/InsightHub/app/api/sources/[id]/route.ts": {"path":"/Users/rifky/InsightHub/app/api/sources/[id]/route.ts","statementMap":{"0":{"start":{"line":7,"column":0},"end":{"line":7,"column":7}},"1":{"start":{"line":90,"column":0},"end":{"line":90,"column":7}},"2":{"start":{"line":1,"column":0},"end":{"line":1,"column":43}},"3":{"start":{"line":2,"column":0},"end":{"line":2,"column":37}},"4":{"start":{"line":3,"column":0},"end":{"line":3,"column":61}},"5":{"start":{"line":4,"column":0},"end":{"line":4,"column":86}},"6":{"start":{"line":5,"column":0},"end":{"line":5,"column":58}},"7":{"start":{"line":11,"column":2},"end":{"line":87,"column":3}},"8":{"start":{"line":12,"column":17},"end":{"line":12,"column":39}},"9":{"start":{"line":13,"column":4},"end":{"line":13,"column":38}},"10":{"start":{"line":13,"column":20},"end":{"line":13,"column":38}},"11":{"start":{"line":14,"column":19},"end":{"line":14,"column":31}},"12":{"start":{"line":16,"column":26},"end":{"line":16,"column":38}},"13":{"start":{"line":17,"column":25},"end":{"line":17,"column":69}},"14":{"start":{"line":18,"column":4},"end":{"line":23,"column":5}},"15":{"start":{"line":19,"column":6},"end":{"line":22,"column":8}},"16":{"start":{"line":24,"column":19},"end":{"line":24,"column":36}},"17":{"start":{"line":27,"column":21},"end":{"line":27,"column":74}},"18":{"start":{"line":28,"column":4},"end":{"line":33,"column":5}},"19":{"start":{"line":29,"column":6},"end":{"line":32,"column":8}},"20":{"start":{"line":36,"column":4},"end":{"line":41,"column":5}},"21":{"start":{"line":37,"column":6},"end":{"line":40,"column":8}},"22":{"start":{"line":43,"column":17},"end":{"line":43,"column":37}},"23":{"start":{"line":44,"column":23},"end":{"line":44,"column":61}},"24":{"start":{"line":45,"column":4},"end":{"line":50,"column":5}},"25":{"start":{"line":46,"column":6},"end":{"line":49,"column":8}},"26":{"start":{"line":53,"column":6},"end":{"line":53,"column":21}},"27":{"start":{"line":58,"column":6},"end":{"line":58,"column":71}},"28":{"start":{"line":59,"column":24},"end":{"line":59,"column":77}},"29":{"start":{"line":61,"column":19},"end":{"line":76,"column":6}},"30":{"start":{"line":78,"column":4},"end":{"line":81,"column":7}},"31":{"start":{"line":83,"column":4},"end":{"line":86,"column":6}},"32":{"start":{"line":94,"column":2},"end":{"line":131,"column":3}},"33":{"start":{"line":95,"column":17},"end":{"line":95,"column":39}},"34":{"start":{"line":96,"column":4},"end":{"line":96,"column":38}},"35":{"start":{"line":96,"column":20},"end":{"line":96,"column":38}},"36":{"start":{"line":97,"column":19},"end":{"line":97,"column":31}},"37":{"start":{"line":99,"column":19},"end":{"line":99,"column":31}},"38":{"start":{"line":102,"column":21},"end":{"line":102,"column":74}},"39":{"start":{"line":103,"column":4},"end":{"line":108,"column":5}},"40":{"start":{"line":104,"column":6},"end":{"line":107,"column":8}},"41":{"start":{"line":111,"column":4},"end":{"line":116,"column":5}},"42":{"start":{"line":112,"column":6},"end":{"line":115,"column":8}},"43":{"start":{"line":118,"column":4},"end":{"line":120,"column":7}},"44":{"start":{"line":122,"column":4},"end":{"line":125,"column":7}},"45":{"start":{"line":127,"column":4},"end":{"line":130,"column":6}}},"fnMap":{"0":{"name":"PUT","decl":{"start":{"line":7,"column":22},"end":{"line":7,"column":25}},"loc":{"start":{"line":9,"column":49},"end":{"line":88,"column":1}}},"1":{"name":"DELETE","decl":{"start":{"line":90,"column":22},"end":{"line":90,"column":28}},"loc":{"start":{"line":92,"column":49},"end":{"line":132,"column":1}}}},"branchMap":{"0":{"loc":{"start":{"line":13,"column":4},"end":{"line":13,"column":38}},"type":"if","locations":[{"start":{"line":13,"column":4},"end":{"line":13,"column":38}}]},"1":{"loc":{"start":{"line":18,"column":4},"end":{"line":23,"column":5}},"type":"if","locations":[{"start":{"line":18,"column":4},"end":{"line":23,"column":5}}]},"2":{"loc":{"start":{"line":28,"column":4},"end":{"line":33,"column":5}},"type":"if","locations":[{"start":{"line":28,"column":4},"end":{"line":33,"column":5}}]},"3":{"loc":{"start":{"line":36,"column":4},"end":{"line":41,"column":5}},"type":"if","locations":[{"start":{"line":36,"column":4},"end":{"line":41,"column":5}}]},"4":{"loc":{"start":{"line":36,"column":8},"end":{"line":36,"column":74}},"type":"cond-expr","locations":[{"start":{"line":36,"column":26},"end":{"line":36,"column":52}},{"start":{"line":36,"column":55},"end":{"line":36,"column":74}}]},"5":{"loc":{"start":{"line":45,"column":4},"end":{"line":50,"column":5}},"type":"if","locations":[{"start":{"line":45,"column":4},"end":{"line":50,"column":5}}]},"6":{"loc":{"start":{"line":58,"column":6},"end":{"line":58,"column":71}},"type":"binary-expr","locations":[{"start":{"line":58,"column":6},"end":{"line":58,"column":31}},{"start":{"line":58,"column":35},"end":{"line":58,"column":71}}]},"7":{"loc":{"start":{"line":59,"column":24},"end":{"line":59,"column":77}},"type":"binary-expr","locations":[{"start":{"line":59,"column":24},"end":{"line":59,"column":45}},{"start":{"line":59,"column":49},"end":{"line":59,"column":77}}]},"8":{"loc":{"start":{"line":64,"column":12},"end":{"line":64,"column":42}},"type":"binary-expr","locations":[{"start":{"line":64,"column":12},"end":{"line":64,"column":30}},{"start":{"line":64,"column":34},"end":{"line":64,"column":42}}]},"9":{"loc":{"start":{"line":65,"column":12},"end":{"line":65,"column":46}},"type":"binary-expr","locations":[{"start":{"line":65,"column":12},"end":{"line":65,"column":32}},{"start":{"line":65,"column":36},"end":{"line":65,"column":46}}]},"10":{"loc":{"start":{"line":66,"column":12},"end":{"line":66,"column":40}},"type":"binary-expr","locations":[{"start":{"line":66,"column":12},"end":{"line":66,"column":29}},{"start":{"line":66,"column":33},"end":{"line":66,"column":40}}]},"11":{"loc":{"start":{"line":67,"column":12},"end":{"line":67,"column":48}},"type":"binary-expr","locations":[{"start":{"line":67,"column":12},"end":{"line":67,"column":33}},{"start":{"line":67,"column":37},"end":{"line":67,"column":48}}]},"12":{"loc":{"start":{"line":68,"column":12},"end":{"line":68,"column":56}},"type":"binary-expr","locations":[{"start":{"line":68,"column":12},"end":{"line":68,"column":37}},{"start":{"line":68,"column":41},"end":{"line":68,"column":56}}]},"13":{"loc":{"start":{"line":69,"column":12},"end":{"line":69,"column":50}},"type":"binary-expr","locations":[{"start":{"line":69,"column":12},"end":{"line":69,"column":34}},{"start":{"line":69,"column":38},"end":{"line":69,"column":50}}]},"14":{"loc":{"start":{"line":70,"column":12},"end":{"line":70,"column":46}},"type":"binary-expr","locations":[{"start":{"line":70,"column":12},"end":{"line":70,"column":32}},{"start":{"line":70,"column":36},"end":{"line":70,"column":46}}]},"15":{"loc":{"start":{"line":71,"column":12},"end":{"line":71,"column":56}},"type":"binary-expr","locations":[{"start":{"line":71,"column":12},"end":{"line":71,"column":37}},{"start":{"line":71,"column":41},"end":{"line":71,"column":56}}]},"16":{"loc":{"start":{"line":72,"column":12},"end":{"line":74,"column":10}},"type":"binary-expr","locations":[{"start":{"line":72,"column":13},"end":{"line":72,"column":28}},{"start":{"line":72,"column":32},"end":{"line":72,"column":43}},{"start":{"line":72,"column":48},"end":{"line":74,"column":10}}]},"17":{"loc":{"start":{"line":73,"column":42},"end":{"line":73,"column":77}},"type":"cond-expr","locations":[{"start":{"line":73,"column":42},"end":{"line":73,"column":53}},{"start":{"line":73,"column":57},"end":{"line":73,"column":77}}]},"18":{"loc":{"start":{"line":73,"column":42},"end":{"line":73,"column":57}},"type":"binary-expr","locations":[{"start":{"line":73,"column":42},"end":{"line":73,"column":57}},{"start":{"line":73,"column":42},"end":{"line":73,"column":57}}]},"19":{"loc":{"start":{"line":96,"column":4},"end":{"line":96,"column":38}},"type":"if","locations":[{"start":{"line":96,"column":4},"end":{"line":96,"column":38}}]},"20":{"loc":{"start":{"line":103,"column":4},"end":{"line":108,"column":5}},"type":"if","locations":[{"start":{"line":103,"column":4},"end":{"line":108,"column":5}}]},"21":{"loc":{"start":{"line":111,"column":4},"end":{"line":116,"column":5}},"type":"if","locations":[{"start":{"line":111,"column":4},"end":{"line":116,"column":5}}]},"22":{"loc":{"start":{"line":111,"column":8},"end":{"line":111,"column":74}},"type":"cond-expr","locations":[{"start":{"line":111,"column":26},"end":{"line":111,"column":52}},{"start":{"line":111,"column":55},"end":{"line":111,"column":74}}]}},"s":{"0":1,"1":1,"2":1,"3":1,"4":1,"5":1,"6":1,"7":2,"8":2,"9":2,"10":0,"11":2,"12":2,"13":2,"14":2,"15":0,"16":2,"17":2,"18":2,"19":0,"20":2,"21":1,"22":1,"23":1,"24":1,"25":0,"26":1,"27":1,"28":1,"29":1,"30":1,"31":0,"32":3,"33":3,"34":3,"35":0,"36":3,"37":3,"38":3,"39":3,"40":0,"41":3,"42":1,"43":2,"44":2,"45":0},"f":{"0":2,"1":3},"b":{"0":[0],"1":[0],"2":[0],"3":[1],"4":[1,1],"5":[0],"6":[1,0],"7":[1,0],"8":[1,1],"9":[1,0],"10":[1,0],"11":[1,0],"12":[1,0],"13":[1,0],"14":[1,0],"15":[1,0],"16":[1,1,0],"17":[0,0],"18":[0,0],"19":[0],"20":[0],"21":[1],"22":[1,2]}}
,"/Users/rifky/InsightHub/app/api/topics/[id]/route.ts": {"path":"/Users/rifky/InsightHub/app/api/topics/[id]/route.ts","statementMap":{"0":{"start":{"line":6,"column":0},"end":{"line":6,"column":7}},"1":{"start":{"line":1,"column":0},"end":{"line":1,"column":43}},"2":{"start":{"line":2,"column":0},"end":{"line":2,"column":61}},"3":{"start":{"line":3,"column":0},"end":{"line":3,"column":66}},"4":{"start":{"line":4,"column":0},"end":{"line":4,"column":37}},"5":{"start":{"line":10,"column":2},"end":{"line":53,"column":3}},"6":{"start":{"line":11,"column":17},"end":{"line":11,"column":39}},"7":{"start":{"line":12,"column":4},"end":{"line":12,"column":38}},"8":{"start":{"line":12,"column":20},"end":{"line":12,"column":38}},"9":{"start":{"line":14,"column":26},"end":{"line":14,"column":38}},"10":{"start":{"line":15,"column":25},"end":{"line":15,"column":69}},"11":{"start":{"line":16,"column":4},"end":{"line":21,"column":5}},"12":{"start":{"line":17,"column":6},"end":{"line":20,"column":8}},"13":{"start":{"line":22,"column":19},"end":{"line":22,"column":36}},"14":{"start":{"line":24,"column":21},"end":{"line":24,"column":69}},"15":{"start":{"line":25,"column":4},"end":{"line":30,"column":5}},"16":{"start":{"line":26,"column":6},"end":{"line":29,"column":8}},"17":{"start":{"line":34,"column":4},"end":{"line":39,"column":5}},"18":{"start":{"line":35,"column":6},"end":{"line":38,"column":8}},"19":{"start":{"line":41,"column":4},"end":{"line":41,"column":49}},"20":{"start":{"line":43,"column":4},"end":{"line":46,"column":7}},"21":{"start":{"line":48,"column":4},"end":{"line":48,"column":48}},"22":{"start":{"line":49,"column":4},"end":{"line":52,"column":6}}},"fnMap":{"0":{"name":"DELETE","decl":{"start":{"line":6,"column":22},"end":{"line":6,"column":28}},"loc":{"start":{"line":8,"column":49},"end":{"line":54,"column":1}}}},"branchMap":{"0":{"loc":{"start":{"line":12,"column":4},"end":{"line":12,"column":38}},"type":"if","locations":[{"start":{"line":12,"column":4},"end":{"line":12,"column":38}}]},"1":{"loc":{"start":{"line":16,"column":4},"end":{"line":21,"column":5}},"type":"if","locations":[{"start":{"line":16,"column":4},"end":{"line":21,"column":5}}]},"2":{"loc":{"start":{"line":25,"column":4},"end":{"line":30,"column":5}},"type":"if","locations":[{"start":{"line":25,"column":4},"end":{"line":30,"column":5}}]},"3":{"loc":{"start":{"line":34,"column":4},"end":{"line":39,"column":5}},"type":"if","locations":[{"start":{"line":34,"column":4},"end":{"line":39,"column":5}}]}},"s":{"0":1,"1":1,"2":1,"3":1,"4":1,"5":2,"6":2,"7":2,"8":0,"9":2,"10":2,"11":2,"12":0,"13":2,"14":2,"15":2,"16":0,"17":2,"18":1,"19":1,"20":1,"21":0,"22":0},"f":{"0":2},"b":{"0":[0],"1":[0],"2":[0],"3":[1]}}
,"/Users/rifky/InsightHub/lib/logger.ts": {"path":"/Users/rifky/InsightHub/lib/logger.ts","statementMap":{"0":{"start":{"line":25,"column":0},"end":{"line":25,"column":16}},"1":{"start":{"line":1,"column":0},"end":{"line":1,"column":24}},"2":{"start":{"line":3,"column":14},"end":{"line":3,"column":51}},"3":{"start":{"line":4,"column":14},"end":{"line":4,"column":65}},"4":{"start":{"line":11,"column":22},"end":{"line":11,"column":55}},"5":{"start":{"line":13,"column":13},"end":{"line":23,"column":2}},"6":{"start":{"line":26,"column":18},"end":{"line":26,"column":72}},"7":{"start":{"line":27,"column":2},"end":{"line":27,"column":72}}},"fnMap":{"0":{"name":"logError","decl":{"start":{"line":25,"column":16},"end":{"line":25,"column":24}},"loc":{"start":{"line":25,"column":88},"end":{"line":28,"column":1}}}},"branchMap":{"0":{"loc":{"start":{"line":4,"column":14},"end":{"line":4,"column":65}},"type":"binary-expr","locations":[{"start":{"line":4,"column":14},"end":{"line":4,"column":35}},{"start":{"line":4,"column":40},"end":{"line":4,"column":64}}]},"1":{"loc":{"start":{"line":4,"column":40},"end":{"line":4,"column":64}},"type":"cond-expr","locations":[{"start":{"line":4,"column":48},"end":{"line":4,"column":55}},{"start":{"line":4,"column":58},"end":{"line":4,"column":64}}]},"2":{"loc":{"start":{"line":14,"column":2},"end":{"line":22,"column":15}},"type":"cond-expr","locations":[{"start":{"line":15,"column":6},"end":{"line":21,"column":null}},{"start":{"line":22,"column":6},"end":{"line":22,"column":15}}]},"3":{"loc":{"start":{"line":14,"column":2},"end":{"line":14,"column":25}},"type":"binary-expr","locations":[{"start":{"line":14,"column":2},"end":{"line":14,"column":7}},{"start":{"line":14,"column":11},"end":{"line":14,"column":25}}]},"4":{"loc":{"start":{"line":26,"column":18},"end":{"line":26,"column":72}},"type":"cond-expr","locations":[{"start":{"line":26,"column":43},"end":{"line":26,"column":56}},{"start":{"line":26,"column":59},"end":{"line":26,"column":72}}]}},"s":{"0":8,"1":8,"2":8,"3":8,"4":8,"5":8,"6":0,"7":0},"f":{"0":0},"b":{"0":[8,8],"1":[8,0],"2":[8,0],"3":[8,8],"4":[0,0]}}
,"/Users/rifky/InsightHub/lib/validations.ts": {"path":"/Users/rifky/InsightHub/lib/validations.ts","statementMap":{"0":{"start":{"line":161,"column":0},"end":{"line":161,"column":16}},"1":{"start":{"line":180,"column":0},"end":{"line":180,"column":16}},"2":{"start":{"line":1,"column":0},"end":{"line":1,"column":24}},"3":{"start":{"line":2,"column":0},"end":{"line":2,"column":51}},"4":{"start":{"line":15,"column":22},"end":{"line":15,"column":73}},"5":{"start":{"line":15,"column":41},"end":{"line":15,"column":73}},"6":{"start":{"line":19,"column":13},"end":{"line":29,"column":3}},"7":{"start":{"line":31,"column":13},"end":{"line":33,"column":3}},"8":{"start":{"line":37,"column":13},"end":{"line":37,"column":80}},"9":{"start":{"line":39,"column":13},"end":{"line":52,"column":3}},"10":{"start":{"line":54,"column":13},"end":{"line":69,"column":3}},"11":{"start":{"line":73,"column":13},"end":{"line":76,"column":3}},"12":{"start":{"line":78,"column":13},"end":{"line":83,"column":3}},"13":{"start":{"line":87,"column":13},"end":{"line":96,"column":3}},"14":{"start":{"line":100,"column":13},"end":{"line":105,"column":3}},"15":{"start":{"line":109,"column":13},"end":{"line":112,"column":3}},"16":{"start":{"line":116,"column":13},"end":{"line":118,"column":3}},"17":{"start":{"line":122,"column":13},"end":{"line":125,"column":3}},"18":{"start":{"line":129,"column":13},"end":{"line":135,"column":3}},"19":{"start":{"line":139,"column":13},"end":{"line":141,"column":3}},"20":{"start":{"line":145,"column":13},"end":{"line":149,"column":3}},"21":{"start":{"line":165,"column":17},"end":{"line":165,"column":39}},"22":{"start":{"line":166,"column":2},"end":{"line":168,"column":3}},"23":{"start":{"line":167,"column":4},"end":{"line":167,"column":48}},"24":{"start":{"line":169,"column":21},"end":{"line":169,"column":43}},"25":{"start":{"line":170,"column":2},"end":{"line":173,"column":4}},"26":{"start":{"line":184,"column":38},"end":{"line":184,"column":40}},"27":{"start":{"line":185,"column":2},"end":{"line":187,"column":5}},"28":{"start":{"line":186,"column":4},"end":{"line":186,"column":21}},"29":{"start":{"line":188,"column":2},"end":{"line":188,"column":35}}},"fnMap":{"0":{"name":"(anonymous_0)","decl":{"start":{"line":15,"column":22},"end":{"line":15,"column":23}},"loc":{"start":{"line":15,"column":41},"end":{"line":15,"column":73}}},"1":{"name":"validateBody","decl":{"start":{"line":161,"column":16},"end":{"line":161,"column":28}},"loc":{"start":{"line":163,"column":15},"end":{"line":174,"column":1}}},"2":{"name":"validateQuery","decl":{"start":{"line":180,"column":16},"end":{"line":180,"column":29}},"loc":{"start":{"line":182,"column":31},"end":{"line":189,"column":1}}},"3":{"name":"(anonymous_3)","decl":{"start":{"line":185,"column":23},"end":{"line":185,"column":24}},"loc":{"start":{"line":185,"column":38},"end":{"line":187,"column":3}}}},"branchMap":{"0":{"loc":{"start":{"line":166,"column":2},"end":{"line":168,"column":3}},"type":"if","locations":[{"start":{"line":166,"column":2},"end":{"line":168,"column":3}}]},"1":{"loc":{"start":{"line":172,"column":11},"end":{"line":172,"column":95}},"type":"cond-expr","locations":[{"start":{"line":172,"column":24},"end":{"line":172,"column":77}},{"start":{"line":172,"column":80},"end":{"line":172,"column":95}}]}},"s":{"0":3,"1":3,"2":3,"3":3,"4":3,"5":4,"6":3,"7":3,"8":3,"9":3,"10":3,"11":3,"12":3,"13":3,"14":3,"15":3,"16":3,"17":3,"18":3,"19":3,"20":3,"21":17,"22":17,"23":15,"24":2,"25":2,"26":0,"27":0,"28":0,"29":0},"f":{"0":4,"1":17,"2":0,"3":0},"b":{"0":[15],"1":[2,0]}}
,"/Users/rifky/InsightHub/lib/auth/jwt.ts": {"path":"/Users/rifky/InsightHub/lib/auth/jwt.ts","statementMap":{"0":{"start":{"line":34,"column":0},"end":{"line":34,"column":7}},"1":{"start":{"line":1,"column":0},"end":{"line":1,"column":37}},"2":{"start":{"line":40,"column":2},"end":{"line":63,"column":3}},"3":{"start":{"line":42,"column":4},"end":{"line":47,"column":5}},"4":{"start":{"line":43,"column":6},"end":{"line":43,"column":26}},"5":{"start":{"line":44,"column":6},"end":{"line":44,"column":25}},"6":{"start":{"line":45,"column":6},"end":{"line":45,"column":29}},"7":{"start":{"line":46,"column":6},"end":{"line":46,"column":19}},"8":{"start":{"line":52,"column":19},"end":{"line":57,"column":12}},"9":{"start":{"line":58,"column":4},"end":{"line":58,"column":29}},"10":{"start":{"line":58,"column":17},"end":{"line":58,"column":29}},"11":{"start":{"line":59,"column":4},"end":{"line":59,"column":26}},"12":{"start":{"line":60,"column":4},"end":{"line":60,"column":25}},"13":{"start":{"line":61,"column":4},"end":{"line":61,"column":29}},"14":{"start":{"line":62,"column":4},"end":{"line":62,"column":17}},"15":{"start":{"line":68,"column":17},"end":{"line":68,"column":62}},"16":{"start":{"line":69,"column":2},"end":{"line":69,"column":27}},"17":{"start":{"line":69,"column":15},"end":{"line":69,"column":27}},"18":{"start":{"line":70,"column":17},"end":{"line":73,"column":4}},"19":{"start":{"line":74,"column":2},"end":{"line":74,"column":27}},"20":{"start":{"line":74,"column":15},"end":{"line":74,"column":27}},"21":{"start":{"line":75,"column":2},"end":{"line":75,"column":24}},"22":{"start":{"line":76,"column":2},"end":{"line":76,"column":23}},"23":{"start":{"line":77,"column":2},"end":{"line":77,"column":44}},"24":{"start":{"line":77,"column":19},"end":{"line":77,"column":44}},"25":{"start":{"line":78,"column":2},"end":{"line":78,"column":15}}},"fnMap":{"0":{"name":"resolveJwtToken","decl":{"start":{"line":34,"column":22},"end":{"line":34,"column":37}},"loc":{"start":{"line":38,"column":19},"end":{"line":79,"column":1}}}},"branchMap":{"0":{"loc":{"start":{"line":40,"column":2},"end":{"line":63,"column":3}},"type":"if","locations":[{"start":{"line":40,"column":2},"end":{"line":63,"column":3}}]},"1":{"loc":{"start":{"line":42,"column":4},"end":{"line":47,"column":5}},"type":"if","locations":[{"start":{"line":42,"column":4},"end":{"line":47,"column":5}}]},"2":{"loc":{"start":{"line":42,"column":8},"end":{"line":42,"column":54}},"type":"binary-expr","locations":[{"start":{"line":42,"column":8},"end":{"line":42,"column":16}},{"start":{"line":42,"column":20},"end":{"line":42,"column":54}}]},"3":{"loc":{"start":{"line":52,"column":19},"end":{"line":57,"column":12}},"type":"cond-expr","locations":[{"start":{"line":53,"column":8},"end":{"line":56,"column":10}},{"start":{"line":57,"column":8},"end":{"line":57,"column":12}}]},"4":{"loc":{"start":{"line":58,"column":4},"end":{"line":58,"column":29}},"type":"if","locations":[{"start":{"line":58,"column":4},"end":{"line":58,"column":29}}]},"5":{"loc":{"start":{"line":68,"column":17},"end":{"line":68,"column":62}},"type":"cond-expr","locations":[{"start":{"line":68,"column":38},"end":{"line":68,"column":43}},{"start":{"line":68,"column":43},"end":{"line":68,"column":62}}]},"6":{"loc":{"start":{"line":68,"column":17},"end":{"line":68,"column":43}},"type":"binary-expr","locations":[{"start":{"line":68,"column":17},"end":{"line":68,"column":43}},{"start":{"line":68,"column":38},"end":{"line":68,"column":43}}]},"7":{"loc":{"start":{"line":69,"column":2},"end":{"line":69,"column":27}},"type":"if","locations":[{"start":{"line":69,"column":2},"end":{"line":69,"column":27}}]},"8":{"loc":{"start":{"line":74,"column":2},"end":{"line":74,"column":27}},"type":"if","locations":[{"start":{"line":74,"column":2},"end":{"line":74,"column":27}}]},"9":{"loc":{"start":{"line":77,"column":2},"end":{"line":77,"column":44}},"type":"if","locations":[{"start":{"line":77,"column":2},"end":{"line":77,"column":44}}]}},"s":{"0":1,"1":1,"2":7,"3":3,"4":1,"5":1,"6":1,"7":1,"8":2,"9":2,"10":1,"11":1,"12":1,"13":1,"14":1,"15":4,"16":4,"17":0,"18":4,"19":4,"20":2,"21":2,"22":2,"23":2,"24":2,"25":2},"f":{"0":7},"b":{"0":[3],"1":[1],"2":[3,3],"3":[1,1],"4":[1],"5":[4,0],"6":[4,4],"7":[0],"8":[2],"9":[2]}}
,"/Users/rifky/InsightHub/lib/db/prisma.ts": {"path":"/Users/rifky/InsightHub/lib/db/prisma.ts","statementMap":{"0":{"start":{"line":1,"column":0},"end":{"line":1,"column":46}},"1":{"start":{"line":3,"column":24},"end":{"line":3,"column":null}},"2":{"start":{"line":7,"column":13},"end":{"line":11,"column":5}},"3":{"start":{"line":13,"column":0},"end":{"line":13,"column":75}},"4":{"start":{"line":13,"column":43},"end":{"line":13,"column":75}},"5":{"start":{"line":15,"column":0},"end":{"line":15,"column":22}}},"fnMap":{},"branchMap":{"0":{"loc":{"start":{"line":8,"column":2},"end":{"line":11,"column":4}},"type":"cond-expr","locations":[{"start":{"line":8,"column":24},"end":{"line":8,"column":null}},{"start":{"line":9,"column":2},"end":{"line":11,"column":4}}]},"1":{"loc":{"start":{"line":8,"column":2},"end":{"line":8,"column":null}},"type":"binary-expr","locations":[{"start":{"line":8,"column":2},"end":{"line":8,"column":null}},{"start":{"line":8,"column":24},"end":{"line":8,"column":null}}]},"2":{"loc":{"start":{"line":10,"column":9},"end":{"line":10,"column":88}},"type":"cond-expr","locations":[{"start":{"line":10,"column":50},"end":{"line":10,"column":76}},{"start":{"line":10,"column":79},"end":{"line":10,"column":88}}]},"3":{"loc":{"start":{"line":13,"column":0},"end":{"line":13,"column":75}},"type":"if","locations":[{"start":{"line":13,"column":0},"end":{"line":13,"column":75}}]}},"s":{"0":3,"1":3,"2":3,"3":3,"4":3,"5":3},"f":{},"b":{"0":[0,3],"1":[3,3],"2":[0,3],"3":[3]}}
,"/Users/rifky/InsightHub/lib/email/client.ts": {"path":"/Users/rifky/InsightHub/lib/email/client.ts","statementMap":{"0":{"start":{"line":10,"column":0},"end":{"line":10,"column":16}},"1":{"start":{"line":41,"column":0},"end":{"line":41,"column":7}},"2":{"start":{"line":67,"column":0},"end":{"line":67,"column":7}},"3":{"start":{"line":1,"column":0},"end":{"line":1,"column":36}},"4":{"start":{"line":2,"column":0},"end":{"line":2,"column":38}},"5":{"start":{"line":11,"column":2},"end":{"line":16,"column":28}},"6":{"start":{"line":20,"column":15},"end":{"line":20,"column":36}},"7":{"start":{"line":21,"column":2},"end":{"line":21,"column":25}},"8":{"start":{"line":21,"column":13},"end":{"line":21,"column":25}},"9":{"start":{"line":23,"column":2},"end":{"line":31,"column":5}},"10":{"start":{"line":42,"column":20},"end":{"line":42,"column":37}},"11":{"start":{"line":43,"column":2},"end":{"line":46,"column":3}},"12":{"start":{"line":44,"column":4},"end":{"line":44,"column":56}},"13":{"start":{"line":45,"column":4},"end":{"line":45,"column":17}},"14":{"start":{"line":48,"column":15},"end":{"line":48,"column":63}},"15":{"start":{"line":50,"column":2},"end":{"line":63,"column":3}},"16":{"start":{"line":51,"column":4},"end":{"line":57,"column":7}},"17":{"start":{"line":58,"column":4},"end":{"line":58,"column":76}},"18":{"start":{"line":59,"column":4},"end":{"line":59,"column":16}},"19":{"start":{"line":61,"column":4},"end":{"line":61,"column":73}},"20":{"start":{"line":62,"column":4},"end":{"line":62,"column":17}},"21":{"start":{"line":75,"column":15},"end":{"line":87,"column":4}},"22":{"start":{"line":89,"column":2},"end":{"line":94,"column":5}}},"fnMap":{"0":{"name":"escapeHtml","decl":{"start":{"line":10,"column":16},"end":{"line":10,"column":26}},"loc":{"start":{"line":10,"column":40},"end":{"line":17,"column":1}}},"1":{"name":"createTransport","decl":{"start":{"line":19,"column":9},"end":{"line":19,"column":24}},"loc":{"start":{"line":19,"column":24},"end":{"line":32,"column":1}}},"2":{"name":"sendEmail","decl":{"start":{"line":41,"column":22},"end":{"line":41,"column":31}},"loc":{"start":{"line":41,"column":57},"end":{"line":64,"column":1}}},"3":{"name":"sendDigestEmail","decl":{"start":{"line":67,"column":22},"end":{"line":67,"column":37}},"loc":{"start":{"line":70,"column":17},"end":{"line":95,"column":1}}}},"branchMap":{"0":{"loc":{"start":{"line":21,"column":2},"end":{"line":21,"column":25}},"type":"if","locations":[{"start":{"line":21,"column":2},"end":{"line":21,"column":25}}]},"1":{"loc":{"start":{"line":25,"column":19},"end":{"line":25,"column":49}},"type":"binary-expr","locations":[{"start":{"line":25,"column":19},"end":{"line":25,"column":40}},{"start":{"line":25,"column":44},"end":{"line":25,"column":49}}]},"2":{"loc":{"start":{"line":28,"column":6},"end":{"line":30,"column":19}},"type":"cond-expr","locations":[{"start":{"line":29,"column":10},"end":{"line":29,"column":70}},{"start":{"line":30,"column":10},"end":{"line":30,"column":19}}]},"3":{"loc":{"start":{"line":28,"column":6},"end":{"line":28,"column":52}},"type":"binary-expr","locations":[{"start":{"line":28,"column":6},"end":{"line":28,"column":27}},{"start":{"line":28,"column":31},"end":{"line":28,"column":52}}]},"4":{"loc":{"start":{"line":43,"column":2},"end":{"line":46,"column":3}},"type":"if","locations":[{"start":{"line":43,"column":2},"end":{"line":46,"column":3}}]},"5":{"loc":{"start":{"line":48,"column":15},"end":{"line":48,"column":63}},"type":"binary-expr","locations":[{"start":{"line":48,"column":15},"end":{"line":48,"column":36}},{"start":{"line":48,"column":40},"end":{"line":48,"column":63}}]}},"s":{"0":1,"1":1,"2":1,"3":1,"4":1,"5":9,"6":3,"7":3,"8":0,"9":3,"10":3,"11":3,"12":0,"13":0,"14":3,"15":3,"16":3,"17":3,"18":3,"19":0,"20":0,"21":3,"22":3},"f":{"0":9,"1":3,"2":3,"3":3},"b":{"0":[0],"1":[3,0],"2":[3,0],"3":[3,3],"4":[0],"5":[3,3]}}
,"/Users/rifky/InsightHub/lib/utils/api-error.ts": {"path":"/Users/rifky/InsightHub/lib/utils/api-error.ts","statementMap":{"0":{"start":{"line":9,"column":0},"end":{"line":9,"column":16}},"1":{"start":{"line":1,"column":0},"end":{"line":1,"column":43}},"2":{"start":{"line":2,"column":0},"end":{"line":2,"column":40}},"3":{"start":{"line":14,"column":2},"end":{"line":14,"column":33}},"4":{"start":{"line":15,"column":2},"end":{"line":18,"column":4}}},"fnMap":{"0":{"name":"internalServerError","decl":{"start":{"line":9,"column":16},"end":{"line":9,"column":35}},"loc":{"start":{"line":12,"column":32},"end":{"line":19,"column":1}}}},"branchMap":{},"s":{"0":1,"1":1,"2":1,"3":0,"4":0},"f":{"0":0},"b":{}}
,"/Users/rifky/InsightHub/lib/utils/env.ts": {"path":"/Users/rifky/InsightHub/lib/utils/env.ts","statementMap":{"0":{"start":{"line":12,"column":0},"end":{"line":12,"column":16}},"1":{"start":{"line":32,"column":0},"end":{"line":32,"column":16}},"2":{"start":{"line":6,"column":27},"end":{"line":10,"column":2}},"3":{"start":{"line":13,"column":19},"end":{"line":19,"column":4}},"4":{"start":{"line":21,"column":18},"end":{"line":21,"column":61}},"5":{"start":{"line":21,"column":43},"end":{"line":21,"column":60}},"6":{"start":{"line":23,"column":2},"end":{"line":25,"column":3}},"7":{"start":{"line":24,"column":4},"end":{"line":24,"column":85}},"8":{"start":{"line":33,"column":17},"end":{"line":33,"column":52}},"9":{"start":{"line":34,"column":2},"end":{"line":40,"column":3}},"10":{"start":{"line":35,"column":4},"end":{"line":39,"column":6}}},"fnMap":{"0":{"name":"validateEnv","decl":{"start":{"line":12,"column":16},"end":{"line":12,"column":27}},"loc":{"start":{"line":12,"column":27},"end":{"line":26,"column":1}}},"1":{"name":"(anonymous_1)","decl":{"start":{"line":21,"column":34},"end":{"line":21,"column":35}},"loc":{"start":{"line":21,"column":43},"end":{"line":21,"column":60}}},"2":{"name":"assertSecureAuthSecret","decl":{"start":{"line":32,"column":16},"end":{"line":32,"column":38}},"loc":{"start":{"line":32,"column":38},"end":{"line":41,"column":1}}}},"branchMap":{"0":{"loc":{"start":{"line":23,"column":2},"end":{"line":25,"column":3}},"type":"if","locations":[{"start":{"line":23,"column":2},"end":{"line":25,"column":3}}]},"1":{"loc":{"start":{"line":33,"column":17},"end":{"line":33,"column":52}},"type":"cond-expr","locations":[{"start":{"line":33,"column":44},"end":{"line":33,"column":46}},{"start":{"line":33,"column":44},"end":{"line":33,"column":52}}]},"2":{"loc":{"start":{"line":33,"column":17},"end":{"line":33,"column":46}},"type":"binary-expr","locations":[{"start":{"line":33,"column":17},"end":{"line":33,"column":46}},{"start":{"line":33,"column":44},"end":{"line":33,"column":46}}]},"3":{"loc":{"start":{"line":34,"column":2},"end":{"line":40,"column":3}},"type":"if","locations":[{"start":{"line":34,"column":2},"end":{"line":40,"column":3}}]},"4":{"loc":{"start":{"line":34,"column":6},"end":{"line":34,"column":69}},"type":"binary-expr","locations":[{"start":{"line":34,"column":6},"end":{"line":34,"column":13}},{"start":{"line":34,"column":17},"end":{"line":34,"column":35}},{"start":{"line":34,"column":39},"end":{"line":34,"column":69}}]}},"s":{"0":1,"1":1,"2":1,"3":0,"4":0,"5":0,"6":0,"7":0,"8":6,"9":6,"10":4},"f":{"0":0,"1":0,"2":6},"b":{"0":[0],"1":[1,5],"2":[6,6],"3":[4],"4":[6,5,4]}}
,"/Users/rifky/InsightHub/lib/utils/format.ts": {"path":"/Users/rifky/InsightHub/lib/utils/format.ts","statementMap":{"0":{"start":{"line":14,"column":0},"end":{"line":14,"column":16}},"1":{"start":{"line":19,"column":0},"end":{"line":19,"column":16}},"2":{"start":{"line":24,"column":0},"end":{"line":24,"column":16}},"3":{"start":{"line":29,"column":0},"end":{"line":29,"column":16}},"4":{"start":{"line":35,"column":0},"end":{"line":35,"column":16}},"5":{"start":{"line":40,"column":0},"end":{"line":40,"column":16}},"6":{"start":{"line":48,"column":0},"end":{"line":48,"column":16}},"7":{"start":{"line":1,"column":0},"end":{"line":1,"column":71}},"8":{"start":{"line":2,"column":0},"end":{"line":2,"column":61}},"9":{"start":{"line":5,"column":40},"end":{"line":12,"column":2}},"10":{"start":{"line":15,"column":17},"end":{"line":15,"column":38}},"11":{"start":{"line":16,"column":2},"end":{"line":16,"column":74}},"12":{"start":{"line":20,"column":17},"end":{"line":20,"column":38}},"13":{"start":{"line":21,"column":2},"end":{"line":21,"column":52}},"14":{"start":{"line":25,"column":17},"end":{"line":25,"column":38}},"15":{"start":{"line":26,"column":2},"end":{"line":26,"column":59}},"16":{"start":{"line":30,"column":2},"end":{"line":30,"column":66}},"17":{"start":{"line":30,"column":24},"end":{"line":30,"column":66}},"18":{"start":{"line":31,"column":2},"end":{"line":31,"column":58}},"19":{"start":{"line":31,"column":20},"end":{"line":31,"column":58}},"20":{"start":{"line":32,"column":2},"end":{"line":32,"column":30}},"21":{"start":{"line":36,"column":2},"end":{"line":36,"column":39}},"22":{"start":{"line":36,"column":28},"end":{"line":36,"column":39}},"23":{"start":{"line":37,"column":2},"end":{"line":37,"column":46}},"24":{"start":{"line":41,"column":2},"end":{"line":45,"column":3}},"25":{"start":{"line":42,"column":4},"end":{"line":42,"column":53}},"26":{"start":{"line":44,"column":4},"end":{"line":44,"column":15}},"27":{"start":{"line":49,"column":2},"end":{"line":49,"column":36}}},"fnMap":{"0":{"name":"formatRelativeTime","decl":{"start":{"line":14,"column":16},"end":{"line":14,"column":34}},"loc":{"start":{"line":14,"column":75},"end":{"line":17,"column":1}}},"1":{"name":"formatDateTime","decl":{"start":{"line":19,"column":16},"end":{"line":19,"column":30}},"loc":{"start":{"line":19,"column":71},"end":{"line":22,"column":1}}},"2":{"name":"formatDate","decl":{"start":{"line":24,"column":16},"end":{"line":24,"column":26}},"loc":{"start":{"line":24,"column":67},"end":{"line":27,"column":1}}},"3":{"name":"formatNumber","decl":{"start":{"line":29,"column":16},"end":{"line":29,"column":28}},"loc":{"start":{"line":29,"column":40},"end":{"line":33,"column":1}}},"4":{"name":"truncate","decl":{"start":{"line":35,"column":16},"end":{"line":35,"column":24}},"loc":{"start":{"line":35,"column":52},"end":{"line":38,"column":1}}},"5":{"name":"getDomain","decl":{"start":{"line":40,"column":16},"end":{"line":40,"column":25}},"loc":{"start":{"line":40,"column":37},"end":{"line":46,"column":1}}},"6":{"name":"readingTime","decl":{"start":{"line":48,"column":16},"end":{"line":48,"column":27}},"loc":{"start":{"line":48,"column":45},"end":{"line":50,"column":1}}}},"branchMap":{"0":{"loc":{"start":{"line":14,"column":56},"end":{"line":14,"column":75}},"type":"default-arg","locations":[{"start":{"line":14,"column":71},"end":{"line":14,"column":75}}]},"1":{"loc":{"start":{"line":15,"column":17},"end":{"line":15,"column":38}},"type":"cond-expr","locations":[{"start":{"line":15,"column":30},"end":{"line":15,"column":34}},{"start":{"line":15,"column":34},"end":{"line":15,"column":38}}]},"2":{"loc":{"start":{"line":15,"column":17},"end":{"line":15,"column":34}},"type":"binary-expr","locations":[{"start":{"line":15,"column":17},"end":{"line":15,"column":34}},{"start":{"line":15,"column":30},"end":{"line":15,"column":34}}]},"3":{"loc":{"start":{"line":19,"column":52},"end":{"line":19,"column":71}},"type":"default-arg","locations":[{"start":{"line":19,"column":67},"end":{"line":19,"column":71}}]},"4":{"loc":{"start":{"line":20,"column":17},"end":{"line":20,"column":38}},"type":"cond-expr","locations":[{"start":{"line":20,"column":30},"end":{"line":20,"column":34}},{"start":{"line":20,"column":34},"end":{"line":20,"column":38}}]},"5":{"loc":{"start":{"line":20,"column":17},"end":{"line":20,"column":34}},"type":"binary-expr","locations":[{"start":{"line":20,"column":17},"end":{"line":20,"column":34}},{"start":{"line":20,"column":30},"end":{"line":20,"column":34}}]},"6":{"loc":{"start":{"line":24,"column":48},"end":{"line":24,"column":67}},"type":"default-arg","locations":[{"start":{"line":24,"column":63},"end":{"line":24,"column":67}}]},"7":{"loc":{"start":{"line":25,"column":17},"end":{"line":25,"column":38}},"type":"cond-expr","locations":[{"start":{"line":25,"column":30},"end":{"line":25,"column":34}},{"start":{"line":25,"column":34},"end":{"line":25,"column":38}}]},"8":{"loc":{"start":{"line":25,"column":17},"end":{"line":25,"column":34}},"type":"binary-expr","locations":[{"start":{"line":25,"column":17},"end":{"line":25,"column":34}},{"start":{"line":25,"column":30},"end":{"line":25,"column":34}}]},"9":{"loc":{"start":{"line":30,"column":2},"end":{"line":30,"column":66}},"type":"if","locations":[{"start":{"line":30,"column":2},"end":{"line":30,"column":66}}]},"10":{"loc":{"start":{"line":31,"column":2},"end":{"line":31,"column":58}},"type":"if","locations":[{"start":{"line":31,"column":2},"end":{"line":31,"column":58}}]},"11":{"loc":{"start":{"line":36,"column":2},"end":{"line":36,"column":39}},"type":"if","locations":[{"start":{"line":36,"column":2},"end":{"line":36,"column":39}}]}},"s":{"0":2,"1":2,"2":2,"3":2,"4":2,"5":2,"6":2,"7":2,"8":2,"9":2,"10":0,"11":0,"12":0,"13":0,"14":0,"15":0,"16":0,"17":0,"18":0,"19":0,"20":0,"21":0,"22":0,"23":0,"24":0,"25":0,"26":0,"27":3},"f":{"0":0,"1":0,"2":0,"3":0,"4":0,"5":0,"6":3},"b":{"0":[0],"1":[0,0],"2":[0,0],"3":[0],"4":[0,0],"5":[0,0],"6":[0],"7":[0,0],"8":[0,0],"9":[0],"10":[0],"11":[0]}}
,"/Users/rifky/InsightHub/lib/utils/ip.ts": {"path":"/Users/rifky/InsightHub/lib/utils/ip.ts","statementMap":{"0":{"start":{"line":17,"column":0},"end":{"line":17,"column":16}},"1":{"start":{"line":18,"column":2},"end":{"line":21,"column":3}},"2":{"start":{"line":19,"column":22},"end":{"line":19,"column":83}},"3":{"start":{"line":20,"column":4},"end":{"line":20,"column":36}},"4":{"start":{"line":20,"column":19},"end":{"line":20,"column":36}},"5":{"start":{"line":22,"column":2},"end":{"line":22,"column":55}},"6":{"start":{"line":26,"column":16},"end":{"line":26,"column":61}},"7":{"start":{"line":27,"column":2},"end":{"line":27,"column":80}}},"fnMap":{"0":{"name":"getClientIp","decl":{"start":{"line":17,"column":16},"end":{"line":17,"column":27}},"loc":{"start":{"line":17,"column":44},"end":{"line":23,"column":1}}},"1":{"name":"isTrustProxyEnabled","decl":{"start":{"line":25,"column":9},"end":{"line":25,"column":28}},"loc":{"start":{"line":25,"column":28},"end":{"line":28,"column":1}}}},"branchMap":{"0":{"loc":{"start":{"line":18,"column":2},"end":{"line":21,"column":3}},"type":"if","locations":[{"start":{"line":18,"column":2},"end":{"line":21,"column":3}}]},"1":{"loc":{"start":{"line":19,"column":22},"end":{"line":19,"column":83}},"type":"cond-expr","locations":[{"start":{"line":19,"column":75},"end":{"line":19,"column":77}},{"start":{"line":19,"column":75},"end":{"line":19,"column":83}}]},"2":{"loc":{"start":{"line":19,"column":22},"end":{"line":19,"column":77}},"type":"binary-expr","locations":[{"start":{"line":19,"column":22},"end":{"line":19,"column":77}},{"start":{"line":19,"column":75},"end":{"line":19,"column":77}}]},"3":{"loc":{"start":{"line":19,"column":22},"end":{"line":19,"column":75}},"type":"cond-expr","locations":[{"start":{"line":19,"column":60},"end":{"line":19,"column":62}},{"start":{"line":19,"column":60},"end":{"line":19,"column":75}}]},"4":{"loc":{"start":{"line":19,"column":22},"end":{"line":19,"column":62}},"type":"binary-expr","locations":[{"start":{"line":19,"column":22},"end":{"line":19,"column":62}},{"start":{"line":19,"column":60},"end":{"line":19,"column":62}}]},"5":{"loc":{"start":{"line":20,"column":4},"end":{"line":20,"column":36}},"type":"if","locations":[{"start":{"line":20,"column":4},"end":{"line":20,"column":36}}]},"6":{"loc":{"start":{"line":22,"column":9},"end":{"line":22,"column":54}},"type":"binary-expr","locations":[{"start":{"line":22,"column":9},"end":{"line":22,"column":41}},{"start":{"line":22,"column":45},"end":{"line":22,"column":54}}]},"7":{"loc":{"start":{"line":26,"column":16},"end":{"line":26,"column":61}},"type":"cond-expr","locations":[{"start":{"line":26,"column":39},"end":{"line":26,"column":41}},{"start":{"line":26,"column":39},"end":{"line":26,"column":61}}]},"8":{"loc":{"start":{"line":26,"column":16},"end":{"line":26,"column":41}},"type":"binary-expr","locations":[{"start":{"line":26,"column":16},"end":{"line":26,"column":41}},{"start":{"line":26,"column":39},"end":{"line":26,"column":41}}]},"9":{"loc":{"start":{"line":27,"column":9},"end":{"line":27,"column":79}},"type":"binary-expr","locations":[{"start":{"line":27,"column":9},"end":{"line":27,"column":25}},{"start":{"line":27,"column":29},"end":{"line":27,"column":42}},{"start":{"line":27,"column":46},"end":{"line":27,"column":61}},{"start":{"line":27,"column":65},"end":{"line":27,"column":79}}]}},"s":{"0":5,"1":19,"2":3,"3":3,"4":2,"5":17,"6":19,"7":19},"f":{"0":19,"1":19},"b":{"0":[3],"1":[1,2],"2":[3,3],"3":[1,2],"4":[3,2],"5":[2],"6":[17,15],"7":[16,3],"8":[19,19],"9":[19,17,16,16]}}
,"/Users/rifky/InsightHub/lib/utils/jobQueue.ts": {"path":"/Users/rifky/InsightHub/lib/utils/jobQueue.ts","statementMap":{"0":{"start":{"line":29,"column":0},"end":{"line":29,"column":7}},"1":{"start":{"line":81,"column":0},"end":{"line":81,"column":7}},"2":{"start":{"line":136,"column":0},"end":{"line":136,"column":7}},"3":{"start":{"line":153,"column":0},"end":{"line":153,"column":7}},"4":{"start":{"line":188,"column":0},"end":{"line":188,"column":7}},"5":{"start":{"line":201,"column":0},"end":{"line":201,"column":7}},"6":{"start":{"line":210,"column":0},"end":{"line":210,"column":7}},"7":{"start":{"line":1,"column":0},"end":{"line":1,"column":37}},"8":{"start":{"line":2,"column":0},"end":{"line":2,"column":38}},"9":{"start":{"line":9,"column":33},"end":{"line":9,"column":91}},"10":{"start":{"line":11,"column":24},"end":{"line":11,"column":74}},"11":{"start":{"line":30,"column":14},"end":{"line":39,"column":4}},"12":{"start":{"line":41,"column":2},"end":{"line":41,"column":27}},"13":{"start":{"line":52,"column":18},"end":{"line":59,"column":4}},"14":{"start":{"line":61,"column":2},"end":{"line":61,"column":39}},"15":{"start":{"line":61,"column":27},"end":{"line":61,"column":39}},"16":{"start":{"line":63,"column":2},"end":{"line":66,"column":5}},"17":{"start":{"line":83,"column":18},"end":{"line":86,"column":4}},"18":{"start":{"line":88,"column":2},"end":{"line":91,"column":3}},"19":{"start":{"line":89,"column":16},"end":{"line":89,"column":65}},"20":{"start":{"line":90,"column":4},"end":{"line":90,"column":24}},"21":{"start":{"line":90,"column":13},"end":{"line":90,"column":24}},"22":{"start":{"line":94,"column":22},"end":{"line":94,"column":69}},"23":{"start":{"line":95,"column":16},"end":{"line":98,"column":4}},"24":{"start":{"line":100,"column":2},"end":{"line":100,"column":26}},"25":{"start":{"line":100,"column":14},"end":{"line":100,"column":26}},"26":{"start":{"line":102,"column":2},"end":{"line":116,"column":3}},"27":{"start":{"line":103,"column":4},"end":{"line":106,"column":6}},"28":{"start":{"line":107,"column":4},"end":{"line":114,"column":7}},"29":{"start":{"line":115,"column":4},"end":{"line":115,"column":16}},"30":{"start":{"line":118,"column":14},"end":{"line":118,"column":93}},"31":{"start":{"line":119,"column":2},"end":{"line":128,"column":3}},"32":{"start":{"line":120,"column":4},"end":{"line":120,"column":81}},"33":{"start":{"line":123,"column":4},"end":{"line":126,"column":7}},"34":{"start":{"line":127,"column":4},"end":{"line":127,"column":15}},"35":{"start":{"line":130,"column":2},"end":{"line":130,"column":14}},"36":{"start":{"line":140,"column":2},"end":{"line":147,"column":5}},"37":{"start":{"line":157,"column":14},"end":{"line":159,"column":4}},"38":{"start":{"line":161,"column":2},"end":{"line":161,"column":19}},"39":{"start":{"line":161,"column":12},"end":{"line":161,"column":19}},"40":{"start":{"line":163,"column":2},"end":{"line":182,"column":3}},"41":{"start":{"line":165,"column":4},"end":{"line":171,"column":7}},"42":{"start":{"line":174,"column":4},"end":{"line":181,"column":7}},"43":{"start":{"line":189,"column":2},"end":{"line":195,"column":5}},"44":{"start":{"line":202,"column":2},"end":{"line":204,"column":5}},"45":{"start":{"line":211,"column":2},"end":{"line":216,"column":5}}},"fnMap":{"0":{"name":"enqueueCrawlJob","decl":{"start":{"line":29,"column":22},"end":{"line":29,"column":37}},"loc":{"start":{"line":29,"column":62},"end":{"line":42,"column":1}}},"1":{"name":"claimJob","decl":{"start":{"line":48,"column":15},"end":{"line":48,"column":23}},"loc":{"start":{"line":50,"column":53},"end":{"line":67,"column":1}}},"2":{"name":"dequeueCrawlJob","decl":{"start":{"line":81,"column":22},"end":{"line":81,"column":37}},"loc":{"start":{"line":81,"column":37},"end":{"line":131,"column":1}}},"3":{"name":"completeCrawlJob","decl":{"start":{"line":136,"column":22},"end":{"line":136,"column":38}},"loc":{"start":{"line":138,"column":29},"end":{"line":148,"column":1}}},"4":{"name":"failCrawlJob","decl":{"start":{"line":153,"column":22},"end":{"line":153,"column":34}},"loc":{"start":{"line":155,"column":15},"end":{"line":183,"column":1}}},"5":{"name":"cancelCrawlJob","decl":{"start":{"line":188,"column":22},"end":{"line":188,"column":36}},"loc":{"start":{"line":188,"column":50},"end":{"line":196,"column":1}}},"6":{"name":"getPendingJobCount","decl":{"start":{"line":201,"column":22},"end":{"line":201,"column":40}},"loc":{"start":{"line":201,"column":40},"end":{"line":205,"column":1}}},"7":{"name":"getFailedJobs","decl":{"start":{"line":210,"column":22},"end":{"line":210,"column":35}},"loc":{"start":{"line":210,"column":54},"end":{"line":217,"column":1}}}},"branchMap":{"0":{"loc":{"start":{"line":9,"column":42},"end":{"line":9,"column":86}},"type":"binary-expr","locations":[{"start":{"line":9,"column":42},"end":{"line":9,"column":74}},{"start":{"line":9,"column":78},"end":{"line":9,"column":86}}]},"1":{"loc":{"start":{"line":34,"column":16},"end":{"line":34,"column":38}},"type":"cond-expr","locations":[{"start":{"line":34,"column":32},"end":{"line":34,"column":36}},{"start":{"line":34,"column":36},"end":{"line":34,"column":38}}]},"2":{"loc":{"start":{"line":34,"column":16},"end":{"line":34,"column":36}},"type":"binary-expr","locations":[{"start":{"line":34,"column":16},"end":{"line":34,"column":36}},{"start":{"line":34,"column":32},"end":{"line":34,"column":36}}]},"3":{"loc":{"start":{"line":35,"column":13},"end":{"line":35,"column":31}},"type":"cond-expr","locations":[{"start":{"line":35,"column":26},"end":{"line":35,"column":30}},{"start":{"line":35,"column":30},"end":{"line":35,"column":31}}]},"4":{"loc":{"start":{"line":35,"column":13},"end":{"line":35,"column":30}},"type":"binary-expr","locations":[{"start":{"line":35,"column":13},"end":{"line":35,"column":30}},{"start":{"line":35,"column":26},"end":{"line":35,"column":30}}]},"5":{"loc":{"start":{"line":36,"column":19},"end":{"line":36,"column":43}},"type":"cond-expr","locations":[{"start":{"line":36,"column":38},"end":{"line":36,"column":42}},{"start":{"line":36,"column":42},"end":{"line":36,"column":43}}]},"6":{"loc":{"start":{"line":36,"column":19},"end":{"line":36,"column":42}},"type":"binary-expr","locations":[{"start":{"line":36,"column":19},"end":{"line":36,"column":42}},{"start":{"line":36,"column":38},"end":{"line":36,"column":42}}]},"7":{"loc":{"start":{"line":61,"column":2},"end":{"line":61,"column":39}},"type":"if","locations":[{"start":{"line":61,"column":2},"end":{"line":61,"column":39}}]},"8":{"loc":{"start":{"line":88,"column":2},"end":{"line":91,"column":3}},"type":"if","locations":[{"start":{"line":88,"column":2},"end":{"line":91,"column":3}}]},"9":{"loc":{"start":{"line":90,"column":4},"end":{"line":90,"column":24}},"type":"if","locations":[{"start":{"line":90,"column":4},"end":{"line":90,"column":24}}]},"10":{"loc":{"start":{"line":100,"column":2},"end":{"line":100,"column":26}},"type":"if","locations":[{"start":{"line":100,"column":2},"end":{"line":100,"column":26}}]},"11":{"loc":{"start":{"line":102,"column":2},"end":{"line":116,"column":3}},"type":"if","locations":[{"start":{"line":102,"column":2},"end":{"line":116,"column":3}}]},"12":{"loc":{"start":{"line":119,"column":2},"end":{"line":128,"column":3}},"type":"if","locations":[{"start":{"line":119,"column":2},"end":{"line":128,"column":3}}]},"13":{"loc":{"start":{"line":161,"column":2},"end":{"line":161,"column":19}},"type":"if","locations":[{"start":{"line":161,"column":2},"end":{"line":161,"column":19}}]},"14":{"loc":{"start":{"line":163,"column":2},"end":{"line":182,"column":3}},"type":"if","locations":[{"start":{"line":163,"column":2},"end":{"line":182,"column":3}},{"start":{"line":172,"column":9},"end":{"line":182,"column":3}}]},"15":{"loc":{"start":{"line":210,"column":36},"end":{"line":210,"column":54}},"type":"default-arg","locations":[{"start":{"line":210,"column":52},"end":{"line":210,"column":54}}]}},"s":{"0":4,"1":4,"2":4,"3":4,"4":4,"5":4,"6":4,"7":4,"8":4,"9":4,"10":4,"11":4,"12":0,"13":0,"14":0,"15":0,"16":0,"17":0,"18":0,"19":0,"20":0,"21":0,"22":0,"23":0,"24":0,"25":0,"26":0,"27":0,"28":0,"29":0,"30":0,"31":0,"32":0,"33":0,"34":0,"35":0,"36":0,"37":0,"38":0,"39":0,"40":0,"41":0,"42":0,"43":0,"44":0,"45":0},"f":{"0":4,"1":0,"2":0,"3":0,"4":0,"5":0,"6":0,"7":0},"b":{"0":[4,4],"1":[0,4],"2":[4,4],"3":[0,4],"4":[4,4],"5":[1,3],"6":[4,4],"7":[0],"8":[0],"9":[0],"10":[0],"11":[0],"12":[0],"13":[0],"14":[0,0],"15":[0]}}
,"/Users/rifky/InsightHub/lib/utils/rateLimit-prisma.ts": {"path":"/Users/rifky/InsightHub/lib/utils/rateLimit-prisma.ts","statementMap":{"0":{"start":{"line":52,"column":0},"end":{"line":52,"column":7}},"1":{"start":{"line":112,"column":0},"end":{"line":112,"column":16}},"2":{"start":{"line":1,"column":0},"end":{"line":1,"column":56}},"3":{"start":{"line":2,"column":0},"end":{"line":2,"column":41}},"4":{"start":{"line":3,"column":0},"end":{"line":3,"column":37}},"5":{"start":{"line":4,"column":0},"end":{"line":4,"column":51}},"6":{"start":{"line":5,"column":0},"end":{"line":5,"column":35}},"7":{"start":{"line":7,"column":20},"end":{"line":7,"column":78}},"8":{"start":{"line":8,"column":23},"end":{"line":8,"column":80}},"9":{"start":{"line":13,"column":13},"end":{"line":16,"column":2}},"10":{"start":{"line":17,"column":13},"end":{"line":20,"column":2}},"11":{"start":{"line":26,"column":13},"end":{"line":29,"column":2}},"12":{"start":{"line":41,"column":17},"end":{"line":41,"column":44}},"13":{"start":{"line":42,"column":2},"end":{"line":42,"column":27}},"14":{"start":{"line":42,"column":15},"end":{"line":42,"column":27}},"15":{"start":{"line":43,"column":2},"end":{"line":49,"column":3}},"16":{"start":{"line":44,"column":24},"end":{"line":44,"column":82}},"17":{"start":{"line":45,"column":18},"end":{"line":45,"column":62}},"18":{"start":{"line":46,"column":4},"end":{"line":46,"column":85}},"19":{"start":{"line":48,"column":4},"end":{"line":48,"column":16}},"20":{"start":{"line":57,"column":22},"end":{"line":57,"column":77}},"21":{"start":{"line":58,"column":2},"end":{"line":58,"column":38}},"22":{"start":{"line":58,"column":19},"end":{"line":58,"column":38}},"23":{"start":{"line":60,"column":14},"end":{"line":60,"column":24}},"24":{"start":{"line":61,"column":20},"end":{"line":61,"column":34}},"25":{"start":{"line":62,"column":18},"end":{"line":62,"column":37}},"26":{"start":{"line":65,"column":2},"end":{"line":69,"column":3}},"27":{"start":{"line":66,"column":4},"end":{"line":68,"column":7}},"28":{"start":{"line":72,"column":14},"end":{"line":74,"column":4}},"29":{"start":{"line":76,"column":2},"end":{"line":90,"column":3}},"30":{"start":{"line":77,"column":4},"end":{"line":88,"column":7}},"31":{"start":{"line":89,"column":4},"end":{"line":89,"column":96}},"32":{"start":{"line":92,"column":2},"end":{"line":98,"column":3}},"33":{"start":{"line":93,"column":4},"end":{"line":97,"column":6}},"34":{"start":{"line":100,"column":2},"end":{"line":103,"column":5}},"35":{"start":{"line":105,"column":2},"end":{"line":109,"column":4}},"36":{"start":{"line":117,"column":2},"end":{"line":164,"column":4}},"37":{"start":{"line":119,"column":15},"end":{"line":119,"column":35}},"38":{"start":{"line":125,"column":29},"end":{"line":125,"column":87}},"39":{"start":{"line":126,"column":19},"end":{"line":126,"column":56}},"40":{"start":{"line":127,"column":23},"end":{"line":127,"column":61}},"41":{"start":{"line":128,"column":23},"end":{"line":134,"column":21}},"42":{"start":{"line":135,"column":26},"end":{"line":135,"column":97}},"43":{"start":{"line":137,"column":18},"end":{"line":137,"column":72}},"44":{"start":{"line":139,"column":4},"end":{"line":155,"column":5}},"45":{"start":{"line":140,"column":6},"end":{"line":154,"column":8}},"46":{"start":{"line":157,"column":21},"end":{"line":157,"column":52}},"47":{"start":{"line":159,"column":4},"end":{"line":159,"column":66}},"48":{"start":{"line":160,"column":4},"end":{"line":160,"column":75}},"49":{"start":{"line":161,"column":4},"end":{"line":161,"column":69}},"50":{"start":{"line":163,"column":4},"end":{"line":163,"column":20}}},"fnMap":{"0":{"name":"getAuthenticatedUserId","decl":{"start":{"line":40,"column":15},"end":{"line":40,"column":37}},"loc":{"start":{"line":40,"column":54},"end":{"line":50,"column":1}}},"1":{"name":"rateLimit","decl":{"start":{"line":52,"column":22},"end":{"line":52,"column":31}},"loc":{"start":{"line":55,"column":35},"end":{"line":110,"column":1}}},"2":{"name":"withRateLimit","decl":{"start":{"line":112,"column":16},"end":{"line":112,"column":29}},"loc":{"start":{"line":115,"column":35},"end":{"line":165,"column":1}}},"3":{"name":"(anonymous_4)","decl":{"start":{"line":117,"column":9},"end":{"line":117,"column":14}},"loc":{"start":{"line":117,"column":51},"end":{"line":164,"column":3}}}},"branchMap":{"0":{"loc":{"start":{"line":7,"column":29},"end":{"line":7,"column":73}},"type":"binary-expr","locations":[{"start":{"line":7,"column":29},"end":{"line":7,"column":64}},{"start":{"line":7,"column":68},"end":{"line":7,"column":73}}]},"1":{"loc":{"start":{"line":8,"column":32},"end":{"line":8,"column":75}},"type":"binary-expr","locations":[{"start":{"line":8,"column":32},"end":{"line":8,"column":64}},{"start":{"line":8,"column":68},"end":{"line":8,"column":75}}]},"2":{"loc":{"start":{"line":14,"column":2},"end":{"line":14,"column":51}},"type":"binary-expr","locations":[{"start":{"line":14,"column":2},"end":{"line":14,"column":42}},{"start":{"line":14,"column":46},"end":{"line":14,"column":51}}]},"3":{"loc":{"start":{"line":18,"column":2},"end":{"line":18,"column":65}},"type":"binary-expr","locations":[{"start":{"line":18,"column":2},"end":{"line":18,"column":39}},{"start":{"line":18,"column":43},"end":{"line":18,"column":65}}]},"4":{"loc":{"start":{"line":27,"column":2},"end":{"line":27,"column":56}},"type":"binary-expr","locations":[{"start":{"line":27,"column":2},"end":{"line":27,"column":48}},{"start":{"line":27,"column":52},"end":{"line":27,"column":56}}]},"5":{"loc":{"start":{"line":42,"column":2},"end":{"line":42,"column":27}},"type":"if","locations":[{"start":{"line":42,"column":2},"end":{"line":42,"column":27}}]},"6":{"loc":{"start":{"line":46,"column":11},"end":{"line":46,"column":84}},"type":"cond-expr","locations":[{"start":{"line":46,"column":68},"end":{"line":46,"column":77}},{"start":{"line":46,"column":80},"end":{"line":46,"column":84}}]},"7":{"loc":{"start":{"line":46,"column":11},"end":{"line":46,"column":65}},"type":"binary-expr","locations":[{"start":{"line":46,"column":11},"end":{"line":46,"column":41}},{"start":{"line":46,"column":45},"end":{"line":46,"column":65}}]},"8":{"loc":{"start":{"line":46,"column":18},"end":{"line":46,"column":28}},"type":"cond-expr","locations":[{"start":{"line":46,"column":23},"end":{"line":46,"column":25}},{"start":{"line":46,"column":18},"end":{"line":46,"column":28}}]},"9":{"loc":{"start":{"line":46,"column":18},"end":{"line":46,"column":25}},"type":"binary-expr","locations":[{"start":{"line":46,"column":18},"end":{"line":46,"column":25}},{"start":{"line":46,"column":18},"end":{"line":46,"column":25}}]},"10":{"loc":{"start":{"line":54,"column":2},"end":{"line":54,"column":35}},"type":"default-arg","locations":[{"start":{"line":54,"column":24},"end":{"line":54,"column":35}}]},"11":{"loc":{"start":{"line":55,"column":2},"end":{"line":55,"column":35}},"type":"default-arg","locations":[{"start":{"line":55,"column":21},"end":{"line":55,"column":35}}]},"12":{"loc":{"start":{"line":58,"column":2},"end":{"line":58,"column":38}},"type":"if","locations":[{"start":{"line":58,"column":2},"end":{"line":58,"column":38}}]},"13":{"loc":{"start":{"line":65,"column":2},"end":{"line":69,"column":3}},"type":"if","locations":[{"start":{"line":65,"column":2},"end":{"line":69,"column":3}}]},"14":{"loc":{"start":{"line":76,"column":2},"end":{"line":90,"column":3}},"type":"if","locations":[{"start":{"line":76,"column":2},"end":{"line":90,"column":3}}]},"15":{"loc":{"start":{"line":76,"column":6},"end":{"line":76,"column":42}},"type":"binary-expr","locations":[{"start":{"line":76,"column":6},"end":{"line":76,"column":12}},{"start":{"line":76,"column":16},"end":{"line":76,"column":42}}]},"16":{"loc":{"start":{"line":92,"column":2},"end":{"line":98,"column":3}},"type":"if","locations":[{"start":{"line":92,"column":2},"end":{"line":98,"column":3}}]},"17":{"loc":{"start":{"line":114,"column":2},"end":{"line":114,"column":35}},"type":"default-arg","locations":[{"start":{"line":114,"column":24},"end":{"line":114,"column":35}}]},"18":{"loc":{"start":{"line":115,"column":2},"end":{"line":115,"column":35}},"type":"default-arg","locations":[{"start":{"line":115,"column":21},"end":{"line":115,"column":35}}]},"19":{"loc":{"start":{"line":125,"column":29},"end":{"line":125,"column":87}},"type":"binary-expr","locations":[{"start":{"line":125,"column":29},"end":{"line":125,"column":56}},{"start":{"line":125,"column":60},"end":{"line":125,"column":87}}]},"20":{"loc":{"start":{"line":127,"column":23},"end":{"line":127,"column":61}},"type":"cond-expr","locations":[{"start":{"line":127,"column":32},"end":{"line":127,"column":48}},{"start":{"line":127,"column":51},"end":{"line":127,"column":61}}]},"21":{"loc":{"start":{"line":128,"column":23},"end":{"line":134,"column":21}},"type":"cond-expr","locations":[{"start":{"line":129,"column":8},"end":{"line":131,"column":26}},{"start":{"line":132,"column":8},"end":{"line":134,"column":21}}]},"22":{"loc":{"start":{"line":129,"column":8},"end":{"line":131,"column":26}},"type":"cond-expr","locations":[{"start":{"line":130,"column":10},"end":{"line":130,"column":21}},{"start":{"line":131,"column":10},"end":{"line":131,"column":26}}]},"23":{"loc":{"start":{"line":132,"column":8},"end":{"line":134,"column":21}},"type":"cond-expr","locations":[{"start":{"line":133,"column":10},"end":{"line":133,"column":47}},{"start":{"line":134,"column":10},"end":{"line":134,"column":21}}]},"24":{"loc":{"start":{"line":135,"column":26},"end":{"line":135,"column":97}},"type":"cond-expr","locations":[{"start":{"line":135,"column":36},"end":{"line":135,"column":85}},{"start":{"line":135,"column":89},"end":{"line":135,"column":97}}]},"25":{"loc":{"start":{"line":135,"column":36},"end":{"line":135,"column":85}},"type":"cond-expr","locations":[{"start":{"line":135,"column":55},"end":{"line":135,"column":63}},{"start":{"line":135,"column":66},"end":{"line":135,"column":85}}]},"26":{"loc":{"start":{"line":139,"column":4},"end":{"line":155,"column":5}},"type":"if","locations":[{"start":{"line":139,"column":4},"end":{"line":155,"column":5}}]}},"s":{"0":4,"1":4,"2":4,"3":4,"4":4,"5":4,"6":4,"7":4,"8":4,"9":4,"10":4,"11":4,"12":14,"13":14,"14":0,"15":14,"16":14,"17":14,"18":13,"19":1,"20":14,"21":14,"22":0,"23":14,"24":14,"25":14,"26":14,"27":0,"28":14,"29":14,"30":13,"31":13,"32":1,"33":1,"34":0,"35":0,"36":12,"37":14,"38":14,"39":14,"40":14,"41":14,"42":14,"43":14,"44":14,"45":1,"46":13,"47":13,"48":13,"49":13,"50":13},"f":{"0":14,"1":14,"2":12,"3":14},"b":{"0":[4,4],"1":[4,4],"2":[4,4],"3":[4,4],"4":[4,4],"5":[0],"6":[4,9],"7":[13,4],"8":[9,4],"9":[13,4],"10":[0],"11":[0],"12":[0],"13":[0],"14":[13],"15":[14,1],"16":[1],"17":[9],"18":[9],"19":[14,11],"20":[4,10],"21":[4,10],"22":[1,3],"23":[9,1],"24":[4,10],"25":[1,3],"26":[1]}}
,"/Users/rifky/InsightHub/lib/utils/rateLimit-redis.ts": {"path":"/Users/rifky/InsightHub/lib/utils/rateLimit-redis.ts","statementMap":{"0":{"start":{"line":20,"column":0},"end":{"line":20,"column":7}},"1":{"start":{"line":1,"column":0},"end":{"line":1,"column":28}},"2":{"start":{"line":2,"column":0},"end":{"line":2,"column":38}},"3":{"start":{"line":4,"column":26},"end":{"line":4,"column":30}},"4":{"start":{"line":7,"column":14},"end":{"line":7,"column":35}},"5":{"start":{"line":8,"column":2},"end":{"line":8,"column":24}},"6":{"start":{"line":8,"column":12},"end":{"line":8,"column":24}},"7":{"start":{"line":10,"column":2},"end":{"line":16,"column":3}},"8":{"start":{"line":11,"column":4},"end":{"line":14,"column":7}},"9":{"start":{"line":15,"column":4},"end":{"line":15,"column":92}},"10":{"start":{"line":15,"column":31},"end":{"line":15,"column":90}},"11":{"start":{"line":17,"column":2},"end":{"line":17,"column":15}},"12":{"start":{"line":25,"column":17},"end":{"line":25,"column":27}},"13":{"start":{"line":26,"column":2},"end":{"line":26,"column":27}},"14":{"start":{"line":26,"column":15},"end":{"line":26,"column":27}},"15":{"start":{"line":28,"column":2},"end":{"line":55,"column":3}},"16":{"start":{"line":29,"column":4},"end":{"line":31,"column":5}},"17":{"start":{"line":30,"column":6},"end":{"line":30,"column":29}},"18":{"start":{"line":33,"column":16},"end":{"line":33,"column":41}},"19":{"start":{"line":34,"column":18},"end":{"line":34,"column":40}},"20":{"start":{"line":36,"column":4},"end":{"line":38,"column":5}},"21":{"start":{"line":37,"column":6},"end":{"line":37,"column":42}},"22":{"start":{"line":40,"column":16},"end":{"line":40,"column":38}},"23":{"start":{"line":41,"column":20},"end":{"line":41,"column":80}},"24":{"start":{"line":43,"column":4},"end":{"line":45,"column":5}},"25":{"start":{"line":44,"column":6},"end":{"line":44,"column":55}},"26":{"start":{"line":47,"column":4},"end":{"line":51,"column":6}},"27":{"start":{"line":53,"column":4},"end":{"line":53,"column":79}},"28":{"start":{"line":54,"column":4},"end":{"line":54,"column":16}}},"fnMap":{"0":{"name":"getRedis","decl":{"start":{"line":6,"column":9},"end":{"line":6,"column":17}},"loc":{"start":{"line":6,"column":17},"end":{"line":18,"column":1}}},"1":{"name":"(anonymous_2)","decl":{"start":{"line":15,"column":22},"end":{"line":15,"column":23}},"loc":{"start":{"line":15,"column":31},"end":{"line":15,"column":90}}},"2":{"name":"redisRateLimit","decl":{"start":{"line":20,"column":22},"end":{"line":20,"column":36}},"loc":{"start":{"line":23,"column":18},"end":{"line":56,"column":1}}}},"branchMap":{"0":{"loc":{"start":{"line":8,"column":2},"end":{"line":8,"column":24}},"type":"if","locations":[{"start":{"line":8,"column":2},"end":{"line":8,"column":24}}]},"1":{"loc":{"start":{"line":10,"column":2},"end":{"line":16,"column":3}},"type":"if","locations":[{"start":{"line":10,"column":2},"end":{"li
[...]
8},"end":{"line":90,"column":93}},"type":"cond-expr","locations":[{"start":{"line":90,"column":87},"end":{"line":90,"column":91}},{"start":{"line":90,"column":91},"end":{"line":90,"column":93}}]},"15":{"loc":{"start":{"line":90,"column":68},"end":{"line":90,"column":91}},"type":"binary-expr","locations":[{"start":{"line":90,"column":68},"end":{"line":90,"column":91}},{"start":{"line":90,"column":87},"end":{"line":90,"column":91}}]},"16":{"loc":{"start":{"line":109,"column":14},"end":{"line":109,"column":72}},"type":"cond-expr","locations":[{"start":{"line":109,"column":53},"end":{"line":109,"column":62}},{"start":{"line":109,"column":65},"end":{"line":109,"column":72}}]},"17":{"loc":{"start":{"line":109,"column":14},"end":{"line":109,"column":50}},"type":"binary-expr","locations":[{"start":{"line":109,"column":14},"end":{"line":109,"column":23}},{"start":{"line":109,"column":27},"end":{"line":109,"column":50}}]},"18":{"loc":{"start":{"line":113,"column":8},"end":{"line":117,"column":18}},"type":"cond-expr","locations":[{"start":{"line":114,"column":12},"end":{"line":114,"column":53}},{"start":{"line":115,"column":12},"end":{"line":117,"column":18}}]},"19":{"loc":{"start":{"line":113,"column":8},"end":{"line":113,"column":44}},"type":"binary-expr","locations":[{"start":{"line":113,"column":8},"end":{"line":113,"column":19}},{"start":{"line":113,"column":23},"end":{"line":113,"column":44}}]},"20":{"loc":{"start":{"line":115,"column":12},"end":{"line":117,"column":18}},"type":"cond-expr","locations":[{"start":{"line":116,"column":14},"end":{"line":116,"column":50}},{"start":{"line":117,"column":14},"end":{"line":117,"column":18}}]},"21":{"loc":{"start":{"line":144,"column":9},"end":{"line":144,"column":51}},"type":"cond-expr","locations":[{"start":{"line":144,"column":40},"end":{"line":144,"column":44}},{"start":{"line":144,"column":47},"end":{"line":144,"column":51}}]}},"s":{"0":2,"1":2,"2":2,"3":2,"4":2,"5":2,"6":2,"7":2,"8":7,"9":7,"10":1,"11":6,"12":1,"13":5,"14":5,"15":2,"16":3,"17":3,"18":2,"19":2,"20":2,"21":2,"22":2,"23":3,"24":0,"25":0,"26":3,"27":2,"28":2,"29":2,"30":3,"31":0,"32":0,"33":3,"34":3,"35":2,"36":3,"37":3,"38":3,"39":2,"40":2,"41":2,"42":2,"43":2,"44":2,"45":2,"46":2,"47":2,"48":0,"49":0},"f":{"0":7,"1":3,"2":0},"b":{"0":[1],"1":[1],"2":[2],"3":[0],"4":[3,3],"5":[0],"6":[3,0,0],"7":[0,3],"8":[3,3],"9":[0,3],"10":[0,3],"11":[3,3],"12":[0,3],"13":[3,0],"14":[0,3],"15":[3,3],"16":[1,1],"17":[2,1],"18":[1,1],"19":[2,1],"20":[0,1],"21":[0,0]}}
,"/Users/rifky/InsightHub/services/rss/parser.ts": {"path":"/Users/rifky/InsightHub/services/rss/parser.ts","statementMap":{"0":{"start":{"line":37,"column":0},"end":{"line":37,"column":7}},"1":{"start":{"line":96,"column":0},"end":{"line":96,"column":16}},"2":{"start":{"line":133,"column":0},"end":{"line":133,"column":16}},"3":{"start":{"line":151,"column":0},"end":{"line":151,"column":16}},"4":{"start":{"line":174,"column":0},"end":{"line":174,"column":16}},"5":{"start":{"line":1,"column":0},"end":{"line":1,"column":32}},"6":{"start":{"line":2,"column":0},"end":{"line":2,"column":38}},"7":{"start":{"line":31,"column":2},"end":{"line":31,"column":73}},"8":{"start":{"line":38,"column":17},"end":{"line":44,"column":4}},"9":{"start":{"line":46,"column":2},"end":{"line":46,"column":47}},"10":{"start":{"line":48,"column":15},"end":{"line":48,"column":45}},"11":{"start":{"line":50,"column":28},"end":{"line":62,"column":4}},"12":{"start":{"line":51,"column":24},"end":{"line":51,"column":69}},"13":{"start":{"line":52,"column":4},"end":{"line":61,"column":6}},"14":{"start":{"line":64,"column":2},"end":{"line":69,"column":4}},"15":{"start":{"line":74,"column":20},"end":{"line":74,"column":66}},"16":{"start":{"line":75,"column":2},"end":{"line":77,"column":3}},"17":{"start":{"line":76,"column":4},"end":{"line":76,"column":25}},"18":{"start":{"line":78,"column":17},"end":{"line":78,"column":79}},"19":{"start":{"line":79,"column":2},"end":{"line":79,"column":40}},"20":{"start":{"line":79,"column":21},"end":{"line":79,"column":40}},"21":{"start":{"line":80,"column":2},"end":{"line":80,"column":19}},"22":{"start":{"line":97,"column":2},"end":{"line":97,"column":29}},"23":{"start":{"line":97,"column":13},"end":{"line":97,"column":29}},"24":{"start":{"line":99,"column":18},"end":{"line":99,"column":66}},"25":{"start":{"line":100,"column":17},"end":{"line":100,"column":55}},"26":{"start":{"line":101,"column":19},"end":{"line":101,"column":72}},"27":{"start":{"line":103,"column":21},"end":{"line":107,"column":33}},"28":{"start":{"line":107,"column":17},"end":{"line":107,"column":32}},"29":{"start":{"line":109,"column":2},"end":{"line":111,"column":3}},"30":{"start":{"line":110,"column":4},"end":{"line":110,"column":61}},"31":{"start":{"line":110,"column":44},"end":{"line":110,"column":61}},"32":{"start":{"line":113,"column":2},"end":{"line":113,"column":18}},"33":{"start":{"line":117,"column":27},"end":{"line":126,"column":2}},"34":{"start":{"line":134,"column":12},"end":{"line":134,"column":28}},"35":{"start":{"line":135,"column":12},"end":{"line":135,"column":27}},"36":{"start":{"line":136,"column":2},"end":{"line":136,"column":34}},"37":{"start":{"line":136,"column":21},"end":{"line":136,"column":34}},"38":{"start":{"line":137,"column":17},"end":{"line":137,"column":32}},"39":{"start":{"line":138,"column":2},"end":{"line":140,"column":3}},"40":{"start":{"line":138,"column":41},"end":{"line":138,"column":91}},"41":{"start":{"line":139,"column":4},"end":{"line":139,"column":17}},"42":{"start":{"line":141,"column":2},"end":{"line":141,"column":42}},"43":{"start":{"line":141,"column":22},"end":{"line":141,"column":42}},"44":{"start":{"line":142,"column":2},"end":{"line":142,"column":47}},"45":{"start":{"line":142,"column":34},"end":{"line":142,"column":47}},"46":{"start":{"line":143,"column":2},"end":{"line":143,"column":33}},"47":{"start":{"line":152,"column":2},"end":{"line":152,"column":23}},"48":{"start":{"line":152,"column":13},"end":{"line":152,"column":23}},"49":{"start":{"line":153,"column":2},"end":{"line":166,"column":12}},"50":{"start":{"line":175,"column":2},"end":{"line":197,"column":3}},"51":{"start":{"line":176,"column":16},"end":{"line":176,"column":28}},"52":{"start":{"line":177,"column":17},"end":{"line":188,"column":6}},"53":{"start":{"line":189,"column":4},"end":{"line":189,"column":56}},"54":{"start":{"line":189,"column":26},"end":{"line":189,"column":54}},"55":{"start":{"line":190,"column":4},"end":{"line":190,"column":18}},"56":{"start":{"line":191,"column":15},"end":{"line":191,"column":47}},"57":{"start":{"line":192,"column":4},"end":{"line":192,"column":32}},"58":{"start":{"line":192,"column":21},"end":{"line":192,"column":32}},"59":{"start":{"line":193,"column":4},"end":{"line":193,"column":24}},"60":{"start":{"line":194,"column":4},"end":{"line":194,"column":26}},"61":{"start":{"line":196,"column":4},"end":{"line":196,"column":15}}},"fnMap":{"0":{"name":"parseFeedUrl","decl":{"start":{"line":37,"column":22},"end":{"line":37,"column":34}},"loc":{"start":{"line":37,"column":50},"end":{"line":70,"column":1}}},"1":{"name":"(anonymous_2)","decl":{"start":{"line":50,"column":51},"end":{"line":50,"column":52}},"loc":{"start":{"line":50,"column":60},"end":{"line":62,"column":3}}},"2":{"name":"extractImage","decl":{"start":{"line":73,"column":9},"end":{"line":73,"column":21}},"loc":{"start":{"line":73,"column":39},"end":{"line":81,"column":1}}},"3":{"name":"extractTitleFromHtml","decl":{"start":{"line":96,"column":16},"end":{"line":96,"column":36}},"loc":{"start":{"line":96,"column":67},"end":{"line":114,"column":1}}},"4":{"name":"(anonymous_5)","decl":{"start":{"line":107,"column":8},"end":{"line":107,"column":9}},"loc":{"start":{"line":107,"column":17},"end":{"line":107,"column":32}}},"5":{"name":"isBetterTitle","decl":{"start":{"line":133,"column":16},"end":{"line":133,"column":29}},"loc":{"start":{"line":133,"column":65},"end":{"line":144,"column":1}}},"6":{"name":"(anonymous_7)","decl":{"start":{"line":138,"column":30},"end":{"line":138,"column":31}},"loc":{"start":{"line":138,"column":41},"end":{"line":138,"column":91}}},"7":{"name":"htmlToText","decl":{"start":{"line":151,"column":16},"end":{"line":151,"column":26}},"loc":{"start":{"line":151,"column":39},"end":{"line":167,"column":1}}},"8":{"name":"normalizeArticleUrl","decl":{"start":{"line":174,"column":16},"end":{"line":174,"column":35}},"loc":{"start":{"line":174,"column":47},"end":{"line":198,"column":1}}},"9":{"name":"(anonymous_10)","decl":{"start":{"line":189,"column":17},"end":{"line":189,"column":18}},"loc":{"start":{"line":189,"column":26},"end":{"line":189,"column":54}}}},"branchMap":{"0":{"loc":{"start":{"line":50,"column":29},"end":{"line":50,"column":45}},"type":"cond-expr","locations":[{"start":{"line":50,"column":39},"end":{"line":50,"column":43}},{"start":{"line":50,"column":43},"end":{"line":50,"column":45}}]},"1":{"loc":{"start":{"line":50,"column":29},"end":{"line":50,"column":43}},"type":"binary-expr","locations":[{"start":{"line":50,"column":29},"end":{"line":50,"column":43}},{"start":{"line":50,"column":39},"end":{"line":50,"column":43}}]},"2":{"loc":{"start":{"line":51,"column":24},"end":{"line":51,"column":69}},"type":"binary-expr","locations":[{"start":{"line":51,"column":24},"end":{"line":51,"column":36}},{"start":{"line":51,"column":40},"end":{"line":51,"column":63}},{"start":{"line":51,"column":67},"end":{"line":51,"column":69}}]},"3":{"loc":{"start":{"line":53,"column":48},"end":{"line":53,"column":64}},"type":"cond-expr","locations":[{"start":{"line":53,"column":58},"end":{"line":53,"column":62}},{"start":{"line":53,"column":62},"end":{"line":53,"column":64}}]},"4":{"loc":{"start":{"line":53,"column":48},"end":{"line":53,"column":62}},"type":"binary-expr","locations":[{"start":{"line":53,"column":48},"end":{"line":53,"column":62}},{"start":{"line":53,"column":58},"end":{"line":53,"column":62}}]},"5":{"loc":{"start":{"line":54,"column":13},"end":{"line":54,"column":28}},"type":"cond-expr","locations":[{"start":{"line":54,"column":22},"end":{"line":54,"column":26}},{"start":{"line":54,"column":26},"end":{"line":54,"column":28}}]},"6":{"loc":{"start":{"line":54,"column":13},"end":{"line":54,"column":26}},"type":"binary-expr","locations":[{"start":{"line":54,"column":13},"end":{"line":54,"column":26}},{"start":{"line":54,"column":22},"end":{"line":54,"column":26}}]},"7":{"loc":{"start":{"line":55,"column":26},"end":{"line":55,"column":66}},"type":"binary-expr","locations":[{"start":{"line":55,"column":26},"end":{"line":55,"column":37}},{"start":{"line":55,"column":41},"end":{"line":55,"column":60}},{"start":{"line":55,"column":64},"end":{"line":55,"column":66}}]},"8":{"loc":{"start":{"line":56,"column":22},"end":{"line":56,"column":87}},"type":"cond-expr","locations":[{"start":{"line":56,"column":44},"end":{"line":56,"column":75}},{"start":{"line":56,"column":78},"end":{"line":56,"column":87}}]},"9":{"loc":{"start":{"line":57,"column":14},"end":{"line":57,"column":54}},"type":"binary-expr","locations":[{"start":{"line":57,"column":14},"end":{"line":57,"column":26}},{"start":{"line":57,"column":30},"end":{"line":57,"column":41}},{"start":{"line":57,"column":45},"end":{"line":57,"column":54}}]},"10":{"loc":{"start":{"line":58,"column":15},"end":{"line":58,"column":56}},"type":"binary-expr","locations":[{"start":{"line":58,"column":15},"end":{"line":58,"column":27}},{"start":{"line":58,"column":31},"end":{"line":58,"column":43}},{"start":{"line":58,"column":47},"end":{"line":58,"column":56}}]},"11":{"loc":{"start":{"line":60,"column":18},"end":{"line":60,"column":90}},"type":"cond-expr","locations":[{"start":{"line":60,"column":51},"end":{"line":60,"column":78}},{"start":{"line":60,"column":81},"end":{"line":60,"column":90}}]},"12":{"loc":{"start":{"line":65,"column":11},"end":{"line":65,"column":48}},"type":"binary-expr","locations":[{"start":{"line":65,"column":11},"end":{"line":65,"column":29}},{"start":{"line":65,"column":33},"end":{"line":65,"column":48}}]},"13":{"loc":{"start":{"line":65,"column":11},"end":{"line":65,"column":29}},"type":"cond-expr","locations":[{"start":{"line":65,"column":21},"end":{"line":65,"column":23}},{"start":{"line":65,"column":21},"end":{"line":65,"column":29}}]},"14":{"loc":{"start":{"line":65,"column":11},"end":{"line":65,"column":23}},"type":"binary-expr","locations":[{"start":{"line":65,"column":11},"end":{"line":65,"column":23}},{"start":{"line":65,"column":21},"end":{"line":65,"column":23}}]},"15":{"loc":{"start":{"line":75,"column":2},"end":{"line":77,"column":3}},"type":"if","locations":[{"start":{"line":75,"column":2},"end":{"line":77,"column":3}}]},"16":{"loc":{"start":{"line":75,"column":6},"end":{"line":75,"column":75}},"type":"binary-expr","locations":[{"start":{"line":75,"column":6},"end":{"line":75,"column":20}},{"start":{"line":75,"column":24},"end":{"line":75,"column":75}}]},"17":{"loc":{"start":{"line":75,"column":6},"end":{"line":75,"column":20}},"type":"cond-expr","locations":[{"start":{"line":75,"column":15},"end":{"line":75,"column":17}},{"start":{"line":75,"column":6},"end":{"line":75,"column":20}}]},"18":{"loc":{"start":{"line":75,"column":6},"end":{"line":75,"column":17}},"type":"binary-expr","locations":[{"start":{"line":75,"column":6},"end":{"line":75,"column":17}},{"start":{"line":75,"column":6},"end":{"line":75,"column":17}}]},"19":{"loc":{"start":{"line":79,"column":2},"end":{"line":79,"column":40}},"type":"if","locations":[{"start":{"line":79,"column":2},"end":{"line":79,"column":40}}]},"20":{"loc":{"start":{"line":79,"column":6},"end":{"line":79,"column":19}},"type":"cond-expr","locations":[{"start":{"line":79,"column":14},"end":{"line":79,"column":16}},{"start":{"line":79,"column":14},"end":{"line":79,"column":19}}]},"21":{"loc":{"start":{"line":79,"column":6},"end":{"line":79,"column":16}},"type":"binary-expr","locations":[{"start":{"line":79,"column":6},"end":{"line":79,"column":16}},{"start":{"line":79,"column":14},"end":{"line":79,"column":16}}]},"22":{"loc":{"start":{"line":79,"column":6},"end":{"line":79,"column":14}},"type":"cond-expr","locations":[{"start":{"line":79,"column":11},"end":{"line":79,"column":13}},{"start":{"line":79,"column":6},"end":{"line":79,"column":14}}]},"23":{"loc":{"start":{"line":79,"column":6},"end":{"line":79,"column":13}},"type":"binary-expr","locations":[{"start":{"line":79,"column":6},"end":{"line":79,"column":13}},{"start":{"line":79,"column":6},"end":{"line":79,"column":13}}]},"24":{"loc":{"start":{"line":97,"column":2},"end":{"line":97,"column":29}},"type":"if","locations":[{"start":{"line":97,"column":2},"end":{"line":97,"column":29}}]},"25":{"loc":{"start":{"line":104,"column":4},"end":{"line":104,"column":22}},"type":"cond-expr","locations":[{"start":{"line":104,"column":16},"end":{"line":104,"column":20}},{"start":{"line":104,"column":20},"end":{"line":104,"column":22}}]},"26":{"loc":{"start":{"line":104,"column":4},"end":{"line":104,"column":20}},"type":"binary-expr","locations":[{"start":{"line":104,"column":4},"end":{"line":104,"column":20}},{"start":{"line":104,"column":16},"end":{"line":104,"column":20}}]},"27":{"loc":{"start":{"line":104,"column":4},"end":{"line":104,"column":16}},"type":"cond-expr","locations":[{"start":{"line":104,"column":11},"end":{"line":104,"column":14}},{"start":{"line":104,"column":4},"end":{"line":104,"column":16}}]},"28":{"loc":{"start":{"line":104,"column":4},"end":{"line":104,"column":14}},"type":"binary-expr","locations":[{"start":{"line":104,"column":4},"end":{"line":104,"column":14}},{"start":{"line":104,"column":4},"end":{"line":104,"column":14}}]},"29":{"loc":{"start":{"line":105,"column":4},"end":{"line":105,"column":21}},"type":"cond-expr","locations":[{"start":{"line":105,"column":15},"end":{"line":105,"column":19}},{"start":{"line":105,"column":19},"end":{"line":105,"column":21}}]},"30":{"loc":{"start":{"line":105,"column":4},"end":{"line":105,"column":19}},"type":"binary-expr","locations":[{"start":{"line":105,"column":4},"end":{"line":105,"column":19}},{"start":{"line":105,"column":15},"end":{"line":105,"column":19}}]},"31":{"loc":{"start":{"line":105,"column":4},"end":{"line":105,"column":15}},"type":"cond-expr","locations":[{"start":{"line":105,"column":10},"end":{"line":105,"column":13}},{"start":{"line":105,"column":4},"end":{"line":105,"column":15}}]},"32":{"loc":{"start":{"line":105,"column":4},"end":{"line":105,"column":13}},"type":"binary-expr","locations":[{"start":{"line":105,"column":4},"end":{"line":105,"column":13}},{"start":{"line":105,"column":4},"end":{"line":105,"column":13}}]},"33":{"loc":{"start":{"line":106,"column":4},"end":{"line":106,"column":23}},"type":"cond-expr","locations":[{"start":{"line":106,"column":17},"end":{"line":106,"column":21}},{"start":{"line":106,"column":21},"end":{"line":106,"column":23}}]},"34":{"loc":{"start":{"line":106,"column":4},"end":{"line":106,"column":21}},"type":"binary-expr","locations":[{"start":{"line":106,"column":4},"end":{"line":106,"column":21}},{"start":{"line":106,"column":17},"end":{"line":106,"column":21}}]},"35":{"loc":{"start":{"line":106,"column":4},"end":{"line":106,"column":17}},"type":"cond-expr","locations":[{"start":{"line":106,"column":12},"end":{"line":106,"column":15}},{"start":{"line":106,"column":4},"end":{"line":106,"column":17}}]},"36":{"loc":{"start":{"line":106,"column":4},"end":{"line":106,"column":15}},"type":"binary-expr","locations":[{"start":{"line":106,"column":4},"end":{"line":106,"column":15}},{"start":{"line":106,"column":4},"end":{"line":106,"column":15}}]},"37":{"loc":{"start":{"line":110,"column":4},"end":{"line":110,"column":61}},"type":"if","locations":[{"start":{"line":110,"column":4},"end":{"line":110,"column":61}}]},"38":{"loc":{"start":{"line":136,"column":2},"end":{"line":136,"column":34}},"type":"if","locations":[{"start":{"line":136,"column":2},"end":{"line":136,"column":34}}]},"39":{"loc":{"start":{"line":138,"column":2},"end":{"line":140,"column":3}},"type":"if","locations":[{"start":{"line":138,"column":2},"end":{"line":140,"column":3}}]},"40":{"loc":{"start":{"line":138,"column":41},"end":{"line":138,"column":91}},"type":"binary-expr","locations":[{"start":{"line":138,"column":41},"end":{"line":138,"column":57}},{"start":{"line":138,"column":61},"end":{"line":138,"column":91}}]},"41":{"loc":{"start":{"line":141,"column":2},"end":{"line":141,"column":42}},"type":"if","locations":[{"start":{"line":141,"column":2},"end":{"line":141,"column":42}}]},"42":{"loc":{"start":{"line":142,"column":2},"end":{"line":142,"column":47}},"type":"if","locations":[{"start":{"line":142,"column":2},"end":{"line":142,"column":47}}]},"43":{"loc":{"start":{"line":152,"column":2},"end":{"line":152,"column":23}},"type":"if","locations":[{"start":{"line":152,"column":2},"end":{"line":152,"column":23}}]},"44":{"loc":{"start":{"line":192,"column":4},"end":{"line":192,"column":32}},"type":"if","locations":[{"start":{"line":192,"column":4},"end":{"line":192,"column":32}}]}},"s":{"0":2,"1":2,"2":2,"3":2,"4":2,"5":2,"6":2,"7":2,"8":0,"9":0,"10":0,"11":0,"12":0,"13":0,"14":0,"15":0,"16":0,"17":0,"18":0,"19":0,"20":0,"21":0,"22":6,"23":1,"24":5,"25":5,"26":5,"27":5,"28":15,"29":5,"30":13,"31":2,"32":3,"33":2,"34":17,"35":17,"36":17,"37":11,"38":6,"39":6,"40":41,"41":1,"42":5,"43":0,"44":5,"45":2,"46":3,"47":18,"48":10,"49":8,"50":6,"51":6,"52":6,"53":6,"54":60,"55":6,"56":6,"57":6,"58":0,"59":6,"60":6,"61":0},"f":{"0":0,"1":0,"2":0,"3":6,"4":15,"5":17,"6":41,"7":18,"8":6,"9":60},"b":{"0":[0,0],"1":[0,0],"2":[0,0,0],"3":[0,0],"4":[0,0],"5":[0,0],"6":[0,0],"7":[0,0,0],"8":[0,0],"9":[0,0,0],"10":[0,0,0],"11":[0,0],"12":[0,0],"13":[0,0],"14":[0,0],"15":[0],"16":[0,0],"17":[0,0],"18":[0,0],"19":[0],"20":[0,0],"21":[0,0],"22":[0,0],"23":[0,0],"24":[1],"25":[2,3],"26":[5,5],"27":[3,2],"28":[5,2],"29":[2,3],"30":[5,5],"31":[3,2],"32":[5,2],"33":[1,4],"34":[5,5],"35":[4,1],"36":[5,1],"37":[2],"38":[11],"39":[1],"40":[41,40],"41":[0],"42":[2],"43":[10],"44":[0]}}
}
