TN:
SF:app/api/articles/[id]/route.ts
FN:6,GET
FN:64,DELETE
FNF:2
FNH:2
FNDA:1,GET
FNDA:4,DELETE
DA:1,1
DA:2,1
DA:3,1
DA:4,1
DA:6,1
DA:10,1
DA:11,1
DA:12,1
DA:13,1
DA:15,1
DA:16,1
DA:17,1
DA:18,0
DA:23,1
DA:25,1
DA:37,1
DA:38,0
DA:45,1
DA:46,0
DA:52,1
DA:57,0
DA:64,1
DA:68,4
DA:69,4
DA:70,4
DA:71,4
DA:73,4
DA:74,4
DA:75,4
DA:76,0
DA:81,4
DA:86,4
DA:87,4
DA:88,0
DA:93,4
DA:94,2
DA:100,2
DA:104,2
DA:109,0
LF:39
LH:32
BRDA:12,0,0,0
BRDA:17,1,0,0
BRDA:37,2,0,0
BRDA:45,3,0,0
BRDA:45,4,0,1
BRDA:45,4,1,0
BRDA:70,5,0,0
BRDA:75,6,0,0
BRDA:87,7,0,0
BRDA:93,8,0,2
BRDA:93,9,0,2
BRDA:93,9,1,2
BRF:12
BRH:4
end_of_record
TN:
SF:app/api/crawl/route.ts
FN:11,(anonymous_1)
FN:112,(anonymous_2)
FNF:2
FNH:1
FNDA:1,(anonymous_1)
FNDA:0,(anonymous_2)
DA:1,1
DA:2,1
DA:3,1
DA:4,1
DA:5,1
DA:6,1
DA:7,1
DA:8,1
DA:9,1
DA:11,1
DA:12,1
DA:13,1
DA:14,1
DA:15,1
DA:17,1
DA:18,1
DA:19,1
DA:20,0
DA:26,1
DA:28,1
DA:29,1
DA:30,0
DA:36,1
DA:40,1
DA:42,1
DA:43,1
DA:46,1
DA:50,1
DA:58,0
DA:59,0
DA:60,0
DA:69,0
DA:70,0
DA:82,0
DA:91,0
DA:95,0
DA:108,0
DA:112,1
DA:113,0
DA:114,0
DA:115,0
DA:116,0
DA:118,0
DA:130,0
DA:135,0
LF:45
LH:27
BRDA:14,0,0,0
BRDA:19,1,0,0
BRDA:29,2,0,0
BRDA:42,3,0,1
BRDA:46,4,0,1
BRDA:47,5,0,1
BRDA:47,5,1,1
BRDA:48,6,0,0
BRDA:48,6,1,1
BRDA:59,7,0,0
BRDA:69,8,0,0
BRDA:115,9,0,0
BRF:12
BRH:5
end_of_record
TN:
SF:app/api/health/route.ts
FN:3,GET
FNF:1
FNH:1
FNDA:1,GET
DA:1,1
DA:3,1
DA:4,1
LF:3
LH:3
BRF:0
BRH:0
end_of_record
TN:
SF:app/api/notifications/route.ts
FN:9,(anonymous_1)
FN:39,(anonymous_2)
FNF:2
FNH:2
FNDA:2,(anonymous_1)
FNDA:3,(anonymous_2)
DA:1,1
DA:2,1
DA:3,1
DA:4,1
DA:5,1
DA:7,1
DA:9,1
DA:10,2
DA:11,2
DA:12,2
DA:13,1
DA:15,1
DA:26,1
DA:32,0
DA:39,1
DA:40,3
DA:41,3
DA:42,3
DA:43,2
DA:45,2
DA:46,2
DA:47,2
DA:48,1
DA:54,1
DA:59,1
DA:64,0
LF:26
LH:24
BRDA:12,0,0,1
BRDA:42,1,0,1
BRDA:47,2,0,1
BRF:3
BRH:3
end_of_record
TN:
SF:app/api/notifications/[id]/route.ts
FN:6,POST
FNF:1
FNH:1
FNDA:3,POST
DA:1,1
DA:2,1
DA:3,1
DA:4,1
DA:6,1
DA:10,3
DA:11,3
DA:12,3
DA:13,3
DA:15,3
DA:16,3
DA:17,3
DA:18,0
DA:23,3
DA:25,3
DA:26,3
DA:27,1
DA:34,2
DA:35,1
DA:41,1
DA:46,1
DA:48,0
LF:22
LH:20
BRDA:12,0,0,0
BRDA:17,1,0,0
BRDA:26,2,0,1
BRDA:34,3,0,1
BRF:4
BRH:2
end_of_record
TN:
SF:app/api/sources/[id]/route.ts
FN:7,PUT
FN:90,DELETE
FNF:2
FNH:2
FNDA:2,PUT
FNDA:3,DELETE
DA:1,1
DA:2,1
DA:3,1
DA:4,1
DA:5,1
DA:7,1
DA:11,2
DA:12,2
DA:13,2
DA:14,2
DA:16,2
DA:17,2
DA:18,2
DA:19,0
DA:24,2
DA:27,2
DA:28,2
DA:29,0
DA:36,2
DA:37,1
DA:43,1
DA:44,1
DA:45,1
DA:46,0
DA:53,1
DA:58,1
DA:59,1
DA:61,1
DA:78,1
DA:83,0
DA:90,1
DA:94,3
DA:95,3
DA:96,3
DA:97,3
DA:99,3
DA:102,3
DA:103,3
DA:104,0
DA:111,3
DA:112,1
DA:118,2
DA:122,2
DA:127,0
LF:44
LH:38
BRDA:13,0,0,0
BRDA:18,1,0,0
BRDA:28,2,0,0
BRDA:36,3,0,1
BRDA:36,4,0,1
BRDA:36,4,1,1
BRDA:45,5,0,0
BRDA:58,6,0,1
BRDA:58,6,1,0
BRDA:59,7,0,1
BRDA:59,7,1,0
BRDA:64,8,0,1
BRDA:64,8,1,1
BRDA:65,9,0,1
BRDA:65,9,1,0
BRDA:66,10,0,1
BRDA:66,10,1,0
BRDA:67,11,0,1
BRDA:67,11,1,0
BRDA:68,12,0,1
BRDA:68,12,1,0
BRDA:69,13,0,1
BRDA:69,13,1,0
BRDA:70,14,0,1
BRDA:70,14,1,0
BRDA:71,15,0,1
BRDA:71,15,1,0
BRDA:72,16,0,1
BRDA:72,16,1,1
BRDA:72,16,2,0
BRDA:73,17,0,0
BRDA:73,17,1,0
BRDA:73,18,0,0
BRDA:73,18,1,0
BRDA:96,19,0,0
BRDA:103,20,0,0
BRDA:111,21,0,1
BRDA:111,22,0,1
BRDA:111,22,1,2
BRF:39
BRH:19
end_of_record
TN:
SF:app/api/topics/[id]/route.ts
FN:6,DELETE
FNF:1
FNH:1
FNDA:2,DELETE
DA:1,1
DA:2,1
DA:3,1
DA:4,1
DA:6,1
DA:10,2
DA:11,2
DA:12,2
DA:14,2
DA:15,2
DA:16,2
DA:17,0
DA:22,2
DA:24,2
DA:25,2
DA:26,0
DA:34,2
DA:35,1
DA:41,1
DA:43,1
DA:48,0
DA:49,0
LF:22
LH:18
BRDA:12,0,0,0
BRDA:16,1,0,0
BRDA:25,2,0,0
BRDA:34,3,0,1
BRF:4
BRH:1
end_of_record
TN:
SF:lib/logger.ts
FN:25,logError
FNF:1
FNH:0
FNDA:0,logError
DA:1,8
DA:3,8
DA:4,8
DA:11,8
DA:13,8
DA:25,8
DA:26,0
DA:27,0
LF:8
LH:6
BRDA:4,0,0,8
BRDA:4,0,1,8
BRDA:4,1,0,8
BRDA:4,1,1,0
BRDA:14,2,0,8
BRDA:14,2,1,0
BRDA:14,3,0,8
BRDA:14,3,1,8
BRDA:26,4,0,0
BRDA:26,4,1,0
BRF:10
BRH:6
end_of_record
TN:
SF:lib/validations.ts
FN:15,(anonymous_0)
FN:161,validateBody
FN:180,validateQuery
FN:185,(anonymous_3)
FNF:4
FNH:2
FNDA:4,(anonymous_0)
FNDA:17,validateBody
FNDA:0,validateQuery
FNDA:0,(anonymous_3)
DA:1,3
DA:2,3
DA:15,4
DA:19,3
DA:31,3
DA:37,3
DA:39,3
DA:54,3
DA:73,3
DA:78,3
DA:87,3
DA:100,3
DA:109,3
DA:116,3
DA:122,3
DA:129,3
DA:139,3
DA:145,3
DA:161,3
DA:165,17
DA:166,17
DA:167,15
DA:169,2
DA:170,2
DA:180,3
DA:184,0
DA:185,0
DA:186,0
DA:188,0
LF:29
LH:25
BRDA:166,0,0,15
BRDA:172,1,0,2
BRDA:172,1,1,0
BRF:3
BRH:2
end_of_record
TN:
SF:lib/auth/jwt.ts
FN:34,resolveJwtToken
FNF:1
FNH:1
FNDA:7,resolveJwtToken
DA:1,1
DA:34,1
DA:40,7
DA:42,3
DA:43,1
DA:44,1
DA:45,1
DA:46,1
DA:52,2
DA:58,2
DA:59,1
DA:60,1
DA:61,1
DA:62,1
DA:68,4
DA:69,4
DA:70,4
DA:74,4
DA:75,2
DA:76,2
DA:77,2
DA:78,2
LF:22
LH:22
BRDA:40,0,0,3
BRDA:42,1,0,1
BRDA:42,2,0,3
BRDA:42,2,1,3
BRDA:52,3,0,1
BRDA:52,3,1,1
BRDA:58,4,0,1
BRDA:68,5,0,4
BRDA:68,5,1,0
BRDA:68,6,0,4
BRDA:68,6,1,4
BRDA:69,7,0,0
BRDA:74,8,0,2
BRDA:77,9,0,2
BRF:14
BRH:12
end_of_record
TN:
SF:lib/db/prisma.ts
FNF:0
FNH:0
DA:1,3
DA:3,3
DA:7,3
DA:13,3
DA:15,3
LF:5
LH:5
BRDA:8,0,0,0
BRDA:8,0,1,3
BRDA:8,1,0,3
BRDA:8,1,1,3
BRDA:10,2,0,0
BRDA:10,2,1,3
BRDA:13,3,0,3
BRF:7
BRH:5
end_of_record
TN:
SF:lib/email/client.ts
FN:10,escapeHtml
FN:19,createTransport
FN:41,sendEmail
FN:67,sendDigestEmail
FNF:4
FNH:4
FNDA:9,escapeHtml
FNDA:3,createTransport
FNDA:3,sendEmail
FNDA:3,sendDigestEmail
DA:1,1
DA:2,1
DA:10,1
DA:11,9
DA:20,3
DA:21,3
DA:23,3
DA:41,1
DA:42,3
DA:43,3
DA:44,0
DA:45,0
DA:48,3
DA:50,3
DA:51,3
DA:58,3
DA:59,3
DA:61,0
DA:62,0
DA:67,1
DA:75,3
DA:89,3
LF:22
LH:18
BRDA:21,0,0,0
BRDA:25,1,0,3
BRDA:25,1,1,0
BRDA:28,2,0,3
BRDA:28,2,1,0
BRDA:28,3,0,3
BRDA:28,3,1,3
BRDA:43,4,0,0
BRDA:48,5,0,3
BRDA:48,5,1,3
BRF:10
BRH:6
end_of_record
TN:
SF:lib/utils/api-error.ts
FN:9,internalServerError
FNF:1
FNH:0
FNDA:0,internalServerError
DA:1,1
DA:2,1
DA:9,1
DA:14,0
DA:15,0
LF:5
LH:3
BRF:0
BRH:0
end_of_record
TN:
SF:lib/utils/env.ts
FN:12,validateEnv
FN:21,(anonymous_1)
FN:32,assertSecureAuthSecret
FNF:3
FNH:1
FNDA:0,validateEnv
FNDA:0,(anonymous_1)
FNDA:6,assertSecureAuthSecret
DA:6,1
DA:12,1
DA:13,0
DA:21,0
DA:23,0
DA:24,0
DA:32,1
DA:33,6
DA:34,6
DA:35,4
LF:10
LH:6
BRDA:23,0,0,0
BRDA:33,1,0,1
BRDA:33,1,1,5
BRDA:33,2,0,6
BRDA:33,2,1,6
BRDA:34,3,0,4
BRDA:34,4,0,6
BRDA:34,4,1,5
BRDA:34,4,2,4
BRF:9
BRH:8
end_of_record
TN:
SF:lib/utils/format.ts
FN:14,formatRelativeTime
FN:19,formatDateTime
FN:24,formatDate
FN:29,formatNumber
FN:35,truncate
FN:40,getDomain
FN:48,readingTime
FNF:7
FNH:1
FNDA:0,formatRelativeTime
FNDA:0,formatDateTime
FNDA:0,formatDate
FNDA:0,formatNumber
FNDA:0,truncate
FNDA:0,getDomain
FNDA:3,readingTime
DA:1,2
DA:2,2
DA:5,2
DA:14,2
DA:15,0
DA:16,0
DA:19,2
DA:20,0
DA:21,0
DA:24,2
DA:25,0
DA:26,0
DA:29,2
DA:30,0
DA:31,0
DA:32,0
DA:35,2
DA:36,0
DA:37,0
DA:40,2
DA:41,0
DA:42,0
DA:44,0
DA:48,2
DA:49,3
LF:25
LH:11
BRDA:14,0,0,0
BRDA:15,1,0,0
BRDA:15,1,1,0
BRDA:15,2,0,0
BRDA:15,2,1,0
BRDA:19,3,0,0
BRDA:20,4,0,0
BRDA:20,4,1,0
BRDA:20,5,0,0
BRDA:20,5,1,0
BRDA:24,6,0,0
BRDA:25,7,0,0
BRDA:25,7,1,0
BRDA:25,8,0,0
BRDA:25,8,1,0
BRDA:30,9,0,0
BRDA:31,10,0,0
BRDA:36,11,0,0
BRF:18
BRH:0
end_of_record
TN:
SF:lib/utils/ip.ts
FN:17,getClientIp
FN:25,isTrustProxyEnabled
FNF:2
FNH:2
FNDA:19,getClientIp
FNDA:19,isTrustProxyEnabled
DA:17,5
DA:18,19
DA:19,3
DA:20,3
DA:22,17
DA:26,19
DA:27,19
LF:7
LH:7
BRDA:18,0,0,3
BRDA:19,1,0,1
BRDA:19,1,1,2
BRDA:19,2,0,3
BRDA:19,2,1,3
BRDA:19,3,0,1
BRDA:19,3,1,2
BRDA:19,4,0,3
BRDA:19,4,1,2
BRDA:20,5,0,2
BRDA:22,6,0,17
BRDA:22,6,1,15
BRDA:26,7,0,16
BRDA:26,7,1,3
BRDA:26,8,0,19
BRDA:26,8,1,19
BRDA:27,9,0,19
BRDA:27,9,1,17
BRDA:27,9,2,16
BRDA:27,9,3,16
BRF:20
BRH:20
end_of_record
TN:
SF:lib/utils/jobQueue.ts
FN:29,enqueueCrawlJob
FN:48,claimJob
FN:81,dequeueCrawlJob
FN:136,completeCrawlJob
FN:153,failCrawlJob
FN:188,cancelCrawlJob
FN:201,getPendingJobCount
FN:210,getFailedJobs
FNF:8
FNH:1
FNDA:4,enqueueCrawlJob
FNDA:0,claimJob
FNDA:0,dequeueCrawlJob
FNDA:0,completeCrawlJob
FNDA:0,failCrawlJob
FNDA:0,cancelCrawlJob
FNDA:0,getPendingJobCount
FNDA:0,getFailedJobs
DA:1,4
DA:2,4
DA:9,4
DA:11,4
DA:29,4
DA:30,4
DA:41,0
DA:52,0
DA:61,0
DA:63,0
DA:81,4
DA:83,0
DA:88,0
DA:89,0
DA:90,0
DA:94,0
DA:95,0
DA:100,0
DA:102,0
DA:103,0
DA:107,0
DA:115,0
DA:118,0
DA:119,0
DA:120,0
DA:123,0
DA:127,0
DA:130,0
DA:136,4
DA:140,0
DA:153,4
DA:157,0
DA:161,0
DA:163,0
DA:165,0
DA:174,0
DA:188,4
DA:189,0
DA:201,4
DA:202,0
DA:210,4
DA:211,0
LF:42
LH:12
BRDA:9,0,0,4
BRDA:9,0,1,4
BRDA:34,1,0,0
BRDA:34,1,1,4
BRDA:34,2,0,4
BRDA:34,2,1,4
BRDA:35,3,0,0
BRDA:35,3,1,4
BRDA:35,4,0,4
BRDA:35,4,1,4
BRDA:36,5,0,1
BRDA:36,5,1,3
BRDA:36,6,0,4
BRDA:36,6,1,4
BRDA:61,7,0,0
BRDA:88,8,0,0
BRDA:90,9,0,0
BRDA:100,10,0,0
BRDA:102,11,0,0
BRDA:119,12,0,0
BRDA:161,13,0,0
BRDA:163,14,0,0
BRDA:163,14,1,0
BRDA:210,15,0,0
BRF:24
BRH:12
end_of_record
TN:
SF:lib/utils/rateLimit-prisma.ts
FN:40,getAuthenticatedUserId
FN:52,rateLimit
FN:112,withRateLimit
FN:117,(anonymous_4)
FNF:4
FNH:4
FNDA:14,getAuthenticatedUserId
FNDA:14,rateLimit
FNDA:12,withRateLimit
FNDA:14,(anonymous_4)
DA:1,4
DA:2,4
DA:3,4
DA:4,4
DA:5,4
DA:7,4
DA:8,4
DA:13,4
DA:17,4
DA:26,4
DA:41,14
DA:42,14
DA:43,14
DA:44,14
DA:45,14
DA:46,13
DA:48,1
DA:52,4
DA:57,14
DA:58,14
DA:60,14
DA:61,14
DA:62,14
DA:65,14
DA:66,0
DA:72,14
DA:76,14
DA:77,13
DA:89,13
DA:92,1
DA:93,1
DA:100,0
DA:105,0
DA:112,4
DA:117,12
DA:119,14
DA:125,14
DA:126,14
DA:127,14
DA:128,14
DA:135,14
DA:137,14
DA:139,14
DA:140,1
DA:157,13
DA:159,13
DA:160,13
DA:161,13
DA:163,13
LF:49
LH:46
BRDA:7,0,0,4
BRDA:7,0,1,4
BRDA:8,1,0,4
BRDA:8,1,1,4
BRDA:14,2,0,4
BRDA:14,2,1,4
BRDA:18,3,0,4
BRDA:18,3,1,4
BRDA:27,4,0,4
BRDA:27,4,1,4
BRDA:42,5,0,0
BRDA:46,6,0,4
BRDA:46,6,1,9
BRDA:46,7,0,13
BRDA:46,7,1,4
BRDA:46,8,0,9
BRDA:46,8,1,4
BRDA:46,9,0,13
BRDA:46,9,1,4
BRDA:54,10,0,0
BRDA:55,11,0,0
BRDA:58,12,0,0
BRDA:65,13,0,0
BRDA:76,14,0,13
BRDA:76,15,0,14
BRDA:76,15,1,1
BRDA:92,16,0,1
BRDA:114,17,0,9
BRDA:115,18,0,9
BRDA:125,19,0,14
BRDA:125,19,1,11
BRDA:127,20,0,4
BRDA:127,20,1,10
BRDA:128,21,0,4
BRDA:128,21,1,10
BRDA:129,22,0,1
BRDA:129,22,1,3
BRDA:132,23,0,9
BRDA:132,23,1,1
BRDA:135,24,0,4
BRDA:135,24,1,10
BRDA:135,25,0,1
BRDA:135,25,1,3
BRDA:139,26,0,1
BRF:44
BRH:39
end_of_record
TN:
SF:lib/utils/rateLimit-redis.ts
FN:6,getRedis
FN:15,(anonymous_2)
FN:20,redisRateLimit
FNF:3
FNH:2
FNDA:14,getRedis
FNDA:0,(anonymous_2)
FNDA:14,redisRateLimit
DA:1,4
DA:2,4
DA:4,4
DA:7,14
DA:8,14
DA:10,0
DA:11,0
DA:15,0
DA:17,0
DA:20,4
DA:25,14
DA:26,14
DA:28,0
DA:29,0
DA:30,0
DA:33,0
DA:34,0
DA:36,0
DA:37,0
DA:40,0
DA:41,0
DA:43,0
DA:44,0
DA:47,0
DA:53,0
DA:54,0
LF:26
LH:8
BRDA:8,0,0,14
BRDA:10,1,0,0
BRDA:26,2,0,14
BRDA:29,3,0,0
BRDA:36,4,0,0
BRDA:41,5,0,0
BRDA:41,5,1,0
BRDA:43,6,0,0
BRF:8
BRH:2
end_of_record
TN:
SF:lib/utils/rateLimit.ts
FNF:0
FNH:0
DA:1,2
DA:3,2
DA:4,2
LF:3
LH:3
BRF:0
BRH:0
end_of_record
TN:
SF:lib/utils/schedule.ts
FN:17,computeNextCrawlAt
FN:39,isAutoRefreshDue
FN:53,runDueSourceSyncs
FN:87,(anonymous_4)
FNF:4
FNH:2
FNDA:4,computeNextCrawlAt
FNDA:4,isAutoRefreshDue
FNDA:0,runDueSourceSyncs
FNDA:0,(anonymous_4)
DA:1,2
DA:2,2
DA:3,2
DA:4,2
DA:5,2
DA:9,2
DA:17,2
DA:21,4
DA:23,1
DA:25,1
DA:27,1
DA:29,1
DA:39,2
DA:40,4
DA:41,3
DA:42,2
DA:53,2
DA:54,0
DA:71,0
DA:72,0
DA:73,0
DA:78,0
DA:83,0
DA:84,0
DA:87,0
DA:88,0
DA:94,0
DA:103,0
DA:110,0
LF:29
LH:17
BRDA:19,0,0,1
BRDA:21,1,0,1
BRDA:21,1,1,1
BRDA:21,1,2,1
BRDA:21,1,3,1
BRDA:40,2,0,1
BRDA:41,3,0,1
BRDA:84,4,0,0
BRDA:84,4,1,0
BRDA:89,5,0,0
BRDA:89,5,1,0
BRDA:95,6,0,0
BRDA:95,6,1,0
BRDA:95,7,0,0
BRDA:95,7,1,0
BRDA:99,8,0,0
BRDA:99,8,1,0
BRDA:99,9,0,0
BRDA:99,9,1,0
BRDA:104,10,0,0
BRDA:104,10,1,0
BRF:21
BRH:7
end_of_record
TN:
SF:lib/utils/slugify.ts
FN:1,slugify
FNF:1
FNH:1
FNDA:4,slugify
DA:1,3
DA:2,4
LF:2
LH:2
BRF:0
BRH:0
end_of_record
TN:
SF:lib/utils/url.ts
FN:32,isPrivateIpv4Address
FN:52,embeddedIpv4
FN:64,(anonymous_2)
FN:71,isPrivateIpv6
FN:88,isPrivateAddress
FN:98,getCrawlUrlError
FN:126,(anonymous_6)
FN:147,lookupWithTimeout
FN:149,(anonymous_8)
FN:150,(anonymous_9)
FN:168,getCrawlUrlErrorAsync
FN:178,(anonymous_11)
FNF:12
FNH:11
FNDA:18,isPrivateIpv4Address
FNDA:6,embeddedIpv4
FNDA:4,(anonymous_2)
FNDA:8,isPrivateIpv6
FNDA:4,isPrivateAddress
FNDA:35,getCrawlUrlError
FNDA:56,(anonymous_6)
FNDA:4,lookupWithTimeout
FNDA:4,(anonymous_8)
FNDA:0,(anonymous_9)
FNDA:6,getCrawlUrlErrorAsync
FNDA:4,(anonymous_11)
DA:1,3
DA:2,3
DA:29,3
DA:33,18
DA:34,18
DA:35,18
DA:36,18
DA:37,18
DA:53,6
DA:54,6
DA:55,6
DA:56,2
DA:59,2
DA:62,2
DA:63,2
DA:64,4
DA:65,2
DA:66,2
DA:67,2
DA:72,8
DA:73,8
DA:75,6
DA:76,6
DA:78,4
DA:80,4
DA:82,3
DA:84,2
DA:89,4
DA:90,2
DA:91,0
DA:98,3
DA:100,35
DA:101,35
DA:103,1
DA:106,34
DA:107,2
DA:110,32
DA:112,32
DA:118,5
DA:123,27
DA:124,27
DA:125,14
DA:126,56
DA:127,0
DA:129,14
DA:130,14
DA:132,0
DA:136,13
DA:137,6
DA:138,5
DA:140,1
DA:143,7
DA:149,4
DA:150,4
DA:152,4
DA:153,4
DA:158,4
DA:168,3
DA:169,6
DA:170,6
DA:172,4
DA:174,4
DA:176,4
DA:177,4
DA:178,4
DA:179,2
DA:181,1
DA:184,1
LF:68
LH:65
BRDA:34,0,0,0
BRDA:36,1,0,0
BRDA:36,2,0,18
BRDA:36,2,1,18
BRDA:36,2,2,18
BRDA:36,2,3,18
BRDA:38,3,0,18
BRDA:38,3,1,17
BRDA:38,3,2,6
BRDA:38,3,3,6
BRDA:38,3,4,3
BRDA:38,3,5,3
BRDA:38,3,6,1
BRDA:38,3,7,2
BRDA:38,3,8,1
BRDA:38,3,9,1
BRDA:55,4,0,4
BRDA:59,5,0,0
BRDA:63,6,0,0
BRDA:63,7,0,2
BRDA:63,7,1,2
BRDA:65,8,0,0
BRDA:73,9,0,2
BRDA:73,10,0,8
BRDA:73,10,1,7
BRDA:76,11,0,2
BRDA:76,12,0,6
BRDA:76,12,1,2
BRDA:78,13,0,4
BRDA:78,13,1,0
BRDA:78,14,0,4
BRDA:78,14,1,4
BRDA:80,15,0,1
BRDA:82,16,0,1
BRDA:89,17,0,2
BRDA:90,18,0,2
BRDA:106,19,0,2
BRDA:112,20,0,5
BRDA:113,21,0,32
BRDA:113,21,1,30
BRDA:113,21,2,29
BRDA:113,21,3,28
BRDA:124,22,0,14
BRDA:126,23,0,0
BRDA:129,24,0,14
BRDA:136,25,0,6
BRDA:137,26,0,5
BRDA:170,27,0,2
BRDA:174,28,0,0
BRDA:178,29,0,2
BRF:50
BRH:42
end_of_record
TN:
SF:lib/utils/usage.ts
FN:47,parseEnvInt
FN:54,parseEnvFloat
FN:61,getDailyLimit
FN:65,getGlobalDailyBudget
FN:69,getAlertThreshold
FN:74,todayKey
FN:79,nextResetAt
FN:86,maybeCleanupOldUsage
FN:106,consumeUsage
FN:122,(anonymous_10)
FNF:10
FNH:10
FNDA:21,parseEnvInt
FNDA:3,parseEnvFloat
FNDA:12,getDailyLimit
FNDA:6,getGlobalDailyBudget
FNDA:3,getAlertThreshold
FNDA:7,todayKey
FNDA:8,nextResetAt
FNDA:3,maybeCleanupOldUsage
FNDA:7,consumeUsage
FNDA:6,(anonymous_10)
DA:1,2
DA:2,2
DA:29,2
DA:36,2
DA:37,2
DA:48,21
DA:49,21
DA:50,4
DA:51,4
DA:55,3
DA:56,3
DA:57,1
DA:58,1
DA:61,2
DA:62,12
DA:65,2
DA:66,6
DA:70,3
DA:74,2
DA:75,7
DA:79,2
DA:80,8
DA:81,8
DA:82,8
DA:87,3
DA:88,3
DA:89,0
DA:90,0
DA:91,0
DA:92,0
DA:94,0
DA:106,2
DA:110,7
DA:111,7
DA:114,7
DA:115,1
DA:118,6
DA:119,6
DA:121,6
DA:122,6
DA:123,6
DA:129,5
DA:130,5
DA:131,2
DA:135,2
DA:138,5
DA:142,5
DA:143,1
DA:147,1
DA:151,4
DA:152,1
DA:156,1
DA:160,3
DA:161,3
DA:162,1
DA:168,3
DA:170,3
DA:172,1
DA:176,1
LF:59
LH:54
BRDA:49,0,0,17
BRDA:49,1,0,21
BRDA:49,1,1,4
BRDA:51,2,0,4
BRDA:51,2,1,0
BRDA:51,3,0,4
BRDA:51,3,1,4
BRDA:56,4,0,2
BRDA:56,5,0,3
BRDA:56,5,1,1
BRDA:58,6,0,1
BRDA:58,6,1,0
BRDA:58,7,0,1
BRDA:58,7,1,1
BRDA:74,8,0,6
BRDA:79,9,0,7
BRDA:88,10,0,3
BRDA:88,11,0,3
BRDA:88,11,1,3
BRDA:114,12,0,1
BRDA:130,13,0,2
BRDA:135,14,0,2
BRDA:135,14,1,0
BRDA:135,15,0,2
BRDA:135,15,1,2
BRDA:142,16,0,1
BRDA:151,17,0,1
BRDA:151,18,0,4
BRDA:151,18,1,2
BRDA:161,19,0,1
BRF:30
BRH:27
end_of_record
TN:
SF:services/analytics/articleQuery.ts
FN:26,(anonymous_1)
FN:33,resolveTopicArticleIds
FN:41,(anonymous_3)
FN:48,buildArticleWhere
FN:100,searchWithFullText
FN:142,(anonymous_6)
FN:150,fetchArticles
FN:170,queryArticles
FN:190,(anonymous_9)
FN:190,(anonymous_10)
FNF:10
FNH:9
FNDA:2,(anonymous_1)
FNDA:1,resolveTopicArticleIds
FNDA:0,(anonymous_3)
FNDA:4,buildArticleWhere
FNDA:1,searchWithFullText
FNDA:2,(anonymous_6)
FNDA:1,fetchArticles
FNDA:2,queryArticles
FNDA:2,(anonymous_9)
FNDA:3,(anonymous_10)
DA:1,1
DA:2,1
DA:26,2
DA:34,1
DA:35,1
DA:37,0
DA:41,0
DA:48,1
DA:51,4
DA:53,4
DA:58,4
DA:59,2
DA:69,4
DA:70,1
DA:71,1
DA:72,0
DA:76,4
DA:77,4
DA:78,4
DA:80,4
DA:81,0
DA:82,0
DA:83,0
DA:86,4
DA:103,1
DA:104,1
DA:106,1
DA:107,1
DA:109,1
DA:112,1
DA:113,1
DA:117,1
DA:120,1
DA:124,1
DA:132,1
DA:141,1
DA:142,2
DA:146,0
DA:157,1
DA:161,1
DA:170,1
DA:171,2
DA:172,2
DA:173,2
DA:176,2
DA:177,2
DA:179,2
DA:181,1
DA:189,1
DA:190,3
DA:193,1
DA:202,1
DA:203,1
DA:208,1
LF:54
LH:47
BRDA:30,0,0,2
BRDA:30,0,1,0
BRDA:35,1,0,1
BRDA:55,2,0,4
BRDA:55,2,1,0
BRDA:58,3,0,2
BRDA:69,4,0,1
BRDA:71,5,0,0
BRDA:76,6,0,0
BRDA:77,7,0,0
BRDA:78,8,0,1
BRDA:80,9,0,0
BRDA:80,10,0,4
BRDA:80,10,1,4
BRDA:82,11,0,0
BRDA:83,12,0,0
BRDA:103,13,0,0
BRDA:103,14,0,0
BRDA:103,15,0,1
BRDA:104,16,0,0
BRDA:104,17,0,0
BRDA:104,17,1,1
BRDA:104,18,0,1
BRDA:104,18,1,1
BRDA:107,19,0,0
BRDA:107,19,1,1
BRDA:117,20,0,1
BRDA:117,20,1,0
BRDA:120,21,0,1
BRDA:120,21,1,0
BRDA:143,22,0,1
BRDA:143,22,1,0
BRDA:143,23,0,1
BRDA:143,23,1,1
BRDA:143,24,0,0
BRDA:143,24,1,1
BRDA:143,25,0,1
BRDA:143,25,1,1
BRDA:158,26,0,0
BRDA:158,26,1,1
BRDA:171,27,0,2
BRDA:171,27,1,0
BRDA:171,28,0,2
BRDA:171,28,1,2
BRDA:172,29,0,2
BRDA:172,29,1,0
BRDA:172,30,0,2
BRDA:172,30,1,2
BRDA:173,31,0,0
BRDA:173,31,1,2
BRDA:173,32,0,2
BRDA:173,32,1,2
BRDA:176,33,0,2
BRDA:176,33,1,2
BRDA:176,33,2,1
BRDA:176,33,3,1
BRDA:177,34,0,1
BRDA:177,34,1,1
BRDA:179,35,0,1
BRDA:181,36,0,1
BRDA:181,36,1,0
BRF:61
BRH:39
end_of_record
TN:
SF:services/analytics/similar.ts
FN:22,tokenize
FN:28,(anonymous_2)
FN:54,findSimilarArticles
FN:90,(anonymous_4)
FN:93,(anonymous_5)
FN:103,(anonymous_6)
FN:116,(anonymous_7)
FN:117,(anonymous_8)
FNF:8
FNH:7
FNDA:5,tokenize
FNDA:25,(anonymous_2)
FNDA:3,findSimilarArticles
FNDA:2,(anonymous_4)
FNDA:3,(anonymous_5)
FNDA:3,(anonymous_6)
FNDA:3,(anonymous_7)
FNDA:0,(anonymous_8)
DA:1,1
DA:11,1
DA:23,5
DA:28,25
DA:54,1
DA:58,3
DA:67,3
DA:69,2
DA:72,2
DA:90,2
DA:92,2
DA:94,3
DA:96,3
DA:97,3
DA:98,13
DA:100,3
DA:101,3
DA:103,3
DA:104,3
DA:106,3
DA:108,3
DA:110,3
DA:116,3
DA:117,0
DA:120,2
LF:25
LH:24
BRDA:28,0,0,25
BRDA:28,0,1,22
BRDA:56,1,0,0
BRDA:67,2,0,1
BRDA:98,3,0,4
BRDA:101,4,0,0
BRDA:101,4,1,3
BRDA:108,5,0,1
BRDA:108,5,1,2
BRDA:108,6,0,3
BRDA:108,6,1,3
BRF:11
BRH:9
end_of_record
TN:
SF:services/articles/batchArticles.ts
FN:55,chunk
FN:63,toCreateData
FN:88,batchCreateArticles
FN:102,(anonymous_4)
FN:105,(anonymous_5)
FN:106,(anonymous_6)
FN:115,(anonymous_7)
FN:148,(anonymous_8)
FN:170,linkCategoryTopics
FN:176,(anonymous_10)
FN:177,(anonymous_11)
FN:183,(anonymous_12)
FN:191,(anonymous_13)
FN:192,(anonymous_14)
FN:195,(anonymous_15)
FN:207,(anonymous_16)
FN:210,(anonymous_17)
FN:214,(anonymous_18)
FNF:18
FNH:17
FNDA:5,chunk
FNDA:6,toCreateData
FNDA:5,batchCreateArticles
FNDA:6,(anonymous_4)
FNDA:2,(anonymous_5)
FNDA:6,(anonymous_6)
FNDA:4,(anonymous_7)
FNDA:4,(anonymous_8)
FNDA:5,linkCategoryTopics
FNDA:2,(anonymous_10)
FNDA:2,(anonymous_11)
FNDA:2,(anonymous_12)
FNDA:3,(anonymous_13)
FNDA:2,(anonymous_14)
FNDA:0,(anonymous_15)
FNDA:3,(anonymous_16)
FNDA:2,(anonymous_17)
FNDA:2,(anonymous_18)
DA:1,3
DA:2,3
DA:3,3
DA:53,3
DA:56,5
DA:57,5
DA:58,4
DA:60,5
DA:64,6
DA:88,3
DA:93,5
DA:94,5
DA:95,5
DA:96,6
DA:97,6
DA:98,6
DA:101,5
DA:102,6
DA:105,5
DA:106,6
DA:108,5
DA:109,5
DA:110,5
DA:112,5
DA:113,4
DA:114,4
DA:115,4
DA:118,2
DA:122,2
DA:130,2
DA:131,2
DA:132,2
DA:133,0
DA:135,2
DA:146,4
DA:147,4
DA:148,4
DA:151,4
DA:152,2
DA:155,0
DA:162,5
DA:170,3
DA:173,5
DA:176,2
DA:177,2
DA:180,5
DA:182,2
DA:183,2
DA:185,2
DA:187,2
DA:191,3
DA:192,2
DA:193,2
DA:194,0
DA:195,0
DA:203,2
DA:207,3
DA:209,2
DA:210,2
DA:214,2
DA:216,2
DA:217,2
LF:62
LH:58
BRDA:66,0,0,1
BRDA:66,0,1,5
BRDA:66,1,0,6
BRDA:66,1,1,1
BRDA:70,2,0,6
BRDA:70,2,1,0
BRDA:70,3,0,6
BRDA:70,3,1,6
BRDA:71,4,0,0
BRDA:71,4,1,6
BRDA:71,5,0,6
BRDA:71,5,1,0
BRDA:72,6,0,0
BRDA:72,6,1,6
BRDA:72,7,0,6
BRDA:72,7,1,0
BRDA:73,8,0,0
BRDA:73,8,1,6
BRDA:73,9,0,6
BRDA:73,9,1,0
BRDA:74,10,0,4
BRDA:74,10,1,2
BRDA:74,11,0,6
BRDA:74,11,1,4
BRDA:75,12,0,6
BRDA:75,12,1,0
BRDA:75,13,0,6
BRDA:75,13,1,6
BRDA:76,14,0,3
BRDA:76,14,1,3
BRDA:76,15,0,6
BRDA:76,15,1,6
BRDA:77,16,0,3
BRDA:77,16,1,3
BRDA:77,17,0,6
BRDA:77,17,1,6
BRDA:96,18,0,0
BRDA:126,19,0,2
BRDA:126,19,1,0
BRDA:137,20,0,2
BRDA:137,20,1,0
BRDA:180,21,0,3
BRDA:193,22,0,0
BRDA:196,23,0,0
BRDA:196,23,1,0
BRDA:196,24,0,0
BRDA:196,24,1,0
BRDA:212,25,0,2
BRDA:212,25,1,0
BRDA:216,26,0,2
BRF:50
BRH:33
end_of_record
TN:
SF:services/crawl/crawler.ts
FN:10,startCrawlJob
FN:79,processCrawledPages
FN:111,(anonymous_3)
FN:116,safeDate
FN:121,guessCategory
FNF:5
FNH:3
FNDA:0,startCrawlJob
FNDA:3,processCrawledPages
FNDA:1,(anonymous_3)
FNDA:0,safeDate
FNDA:4,guessCategory
DA:2,3
DA:3,3
DA:4,3
DA:10,3
DA:14,0
DA:17,0
DA:25,0
DA:31,0
DA:39,0
DA:46,0
DA:49,0
DA:56,0
DA:79,3
DA:83,3
DA:84,3
DA:85,4
DA:86,4
DA:87,4
DA:89,3
DA:90,3
DA:103,3
DA:107,3
DA:109,3
DA:111,1
DA:117,0
DA:118,0
DA:121,3
DA:122,4
DA:123,4
DA:154,4
DA:155,59
DA:158,2
LF:32
LH:22
BRDA:14,0,0,0
BRDA:14,1,0,0
BRDA:53,2,0,0
BRDA:53,2,1,0
BRDA:85,3,0,4
BRDA:85,3,1,0
BRDA:86,4,0,4
BRDA:86,4,1,1
BRDA:87,5,0,1
BRDA:89,6,0,3
BRDA:89,6,1,1
BRDA:92,7,0,3
BRDA:92,7,1,0
BRDA:95,8,0,3
BRDA:95,8,1,3
BRDA:96,9,0,0
BRDA:96,9,1,3
BRDA:97,10,0,1
BRDA:97,10,1,2
BRDA:98,11,0,3
BRDA:98,11,1,3
BRDA:99,12,0,3
BRDA:99,12,1,3
BRDA:105,13,0,1
BRDA:105,13,1,2
BRDA:105,14,0,3
BRDA:105,14,1,3
BRDA:118,15,0,0
BRDA:118,15,1,0
BRDA:155,16,0,2
BRF:30
BRH:21
end_of_record
TN:
SF:services/openai/client.ts
FN:5,getOpenAIClient
FNF:1
FNH:1
FNDA:1,getOpenAIClient
DA:1,1
DA:3,1
DA:5,1
DA:6,1
DA:7,1
DA:11,1
DA:14,1
LF:7
LH:7
BRDA:6,0,0,1
BRF:1
BRH:1
end_of_record
TN:
SF:services/openai/prompts.ts
FN:67,buildSummaryPrompt
FN:71,buildChatPrompt
FN:75,buildDigestPrompt
FNF:3
FNH:0
FNDA:0,buildSummaryPrompt
FNDA:0,buildChatPrompt
FNDA:0,buildDigestPrompt
DA:1,1
DA:23,1
DA:38,1
DA:53,1
DA:67,1
DA:68,0
DA:71,1
DA:72,0
DA:75,1
DA:76,0
LF:10
LH:7
BRF:0
BRH:0
end_of_record
TN:
SF:services/openai/summarize.ts
FN:22,summarizeArticle
FNF:1
FNH:1
FNDA:1,summarizeArticle
DA:1,1
DA:2,1
DA:3,1
DA:22,1
DA:26,1
DA:27,1
DA:29,1
DA:34,0
DA:35,0
DA:38,0
DA:40,0
DA:58,0
DA:59,0
DA:60,0
DA:63,0
DA:64,0
DA:67,0
DA:68,0
DA:69,0
DA:71,0
DA:76,0
DA:77,0
DA:79,0
DA:97,0
DA:127,0
DA:139,0
DA:140,0
DA:141,0
DA:147,0
DA:154,0
LF:30
LH:7
BRDA:24,0,0,1
BRDA:34,1,0,0
BRDA:59,2,0,0
BRDA:59,2,1,0
BRDA:59,3,0,0
BRDA:59,3,1,0
BRDA:59,4,0,0
BRDA:59,4,1,0
BRDA:59,5,0,0
BRDA:59,5,1,0
BRDA:60,6,0,0
BRDA:60,6,1,0
BRDA:60,7,0,0
BRDA:60,7,1,0
BRDA:68,8,0,0
BRDA:68,8,1,0
BRDA:80,9,0,0
BRDA:80,9,1,0
BRDA:81,10,0,0
BRDA:81,10,1,0
BRDA:82,11,0,0
BRDA:82,11,1,0
BRDA:83,12,0,0
BRDA:83,12,1,0
BRDA:84,13,0,0
BRDA:84,13,1,0
BRDA:85,14,0,0
BRDA:85,14,1,0
BRDA:86,15,0,0
BRDA:86,15,1,0
BRDA:87,16,0,0
BRDA:87,16,1,0
BRDA:88,17,0,0
BRDA:88,17,1,0
BRDA:89,18,0,0
BRDA:89,18,1,0
BRDA:90,19,0,0
BRDA:90,19,1,0
BRDA:132,20,0,0
BRDA:132,20,1,0
BRDA:132,21,0,0
BRDA:132,21,1,0
BRF:42
BRH:1
end_of_record
TN:
SF:services/rss/importer.ts
FN:31,importRssFeed
FN:79,(anonymous_2)
FN:142,safeDate
FNF:3
FNH:2
FNDA:7,importRssFeed
FNDA:3,(anonymous_2)
FNDA:0,safeDate
DA:1,2
DA:2,2
DA:3,2
DA:4,2
DA:5,2
DA:6,2
DA:7,2
DA:31,2
DA:32,7
DA:33,7
DA:34,6
DA:41,5
DA:42,5
DA:43,2
DA:46,3
DA:47,3
DA:49,2
DA:50,2
DA:51,2
DA:54,2
DA:55,2
DA:56,3
DA:57,0
DA:58,0
DA:60,3
DA:64,2
DA:65,2
DA:66,2
DA:67,3
DA:68,0
DA:69,0
DA:71,3
DA:72,3
DA:78,2
DA:80,3
DA:81,3
DA:82,3
DA:98,2
DA:100,2
DA:101,2
DA:102,2
DA:104,2
DA:106,2
DA:122,2
DA:127,2
DA:132,2
DA:143,0
DA:144,0
LF:48
LH:42
BRDA:33,0,0,1
BRDA:34,1,0,1
BRDA:42,2,0,2
BRDA:56,3,0,0
BRDA:56,4,0,3
BRDA:56,4,1,3
BRDA:67,5,0,0
BRDA:80,6,0,3
BRDA:80,6,1,0
BRDA:80,6,2,0
BRDA:87,7,0,0
BRDA:87,7,1,3
BRDA:87,8,0,3
BRDA:87,8,1,3
BRDA:88,9,0,0
BRDA:88,9,1,3
BRDA:89,10,0,0
BRDA:89,10,1,3
BRDA:89,11,0,3
BRDA:89,11,1,3
BRDA:90,12,0,0
BRDA:90,12,1,3
BRDA:90,13,0,3
BRDA:90,13,1,0
BRDA:90,14,0,0
BRDA:90,14,1,3
BRDA:90,15,0,3
BRDA:90,15,1,3
BRDA:109,16,0,1
BRDA:109,16,1,1
BRDA:109,17,0,2
BRDA:109,17,1,1
BRDA:113,18,0,1
BRDA:113,18,1,1
BRDA:113,19,0,2
BRDA:113,19,1,1
BRDA:115,20,0,0
BRDA:115,20,1,1
BRDA:144,21,0,0
BRDA:144,21,1,0
BRF:40
BRH:27
end_of_record
TN:
SF:services/rss/parser.ts
FN:37,parseFeedUrl
FN:50,(anonymous_2)
FN:73,extractImage
FN:96,extractTitleFromHtml
FN:107,(anonymous_5)
FN:133,isBetterTitle
FN:138,(anonymous_7)
FN:151,htmlToText
FN:174,normalizeArticleUrl
FN:189,(anonymous_10)
FNF:10
FNH:7
FNDA:0,parseFeedUrl
FNDA:0,(anonymous_2)
FNDA:0,extractImage
FNDA:6,extractTitleFromHtml
FNDA:15,(anonymous_5)
FNDA:17,isBetterTitle
FNDA:41,(anonymous_7)
FNDA:18,htmlToText
FNDA:6,normalizeArticleUrl
FNDA:60,(anonymous_10)
DA:1,2
DA:2,2
DA:31,2
DA:37,2
DA:38,0
DA:46,0
DA:48,0
DA:50,0
DA:51,0
DA:52,0
DA:64,0
DA:74,0
DA:75,0
DA:76,0
DA:78,0
DA:79,0
DA:80,0
DA:96,2
DA:97,6
DA:99,5
DA:100,5
DA:101,5
DA:103,5
DA:107,15
DA:109,5
DA:110,13
DA:113,3
DA:117,2
DA:133,2
DA:134,17
DA:135,17
DA:136,17
DA:137,6
DA:138,41
DA:139,1
DA:141,5
DA:142,5
DA:143,3
DA:151,2
DA:152,18
DA:153,8
DA:174,2
DA:175,6
DA:176,6
DA:177,6
DA:189,60
DA:190,6
DA:191,6
DA:192,6
DA:193,6
DA:194,6
DA:196,0
LF:52
LH:38
BRDA:50,0,0,0
BRDA:50,0,1,0
BRDA:50,1,0,0
BRDA:50,1,1,0
BRDA:51,2,0,0
BRDA:51,2,1,0
BRDA:51,2,2,0
BRDA:53,3,0,0
BRDA:53,3,1,0
BRDA:53,4,0,0
BRDA:53,4,1,0
BRDA:54,5,0,0
BRDA:54,5,1,0
BRDA:54,6,0,0
BRDA:54,6,1,0
BRDA:55,7,0,0
BRDA:55,7,1,0
BRDA:55,7,2,0
BRDA:56,8,0,0
BRDA:56,8,1,0
BRDA:57,9,0,0
BRDA:57,9,1,0
BRDA:57,9,2,0
BRDA:58,10,0,0
BRDA:58,10,1,0
BRDA:58,10,2,0
BRDA:60,11,0,0
BRDA:60,11,1,0
BRDA:65,12,0,0
BRDA:65,12,1,0
BRDA:65,13,0,0
BRDA:65,13,1,0
BRDA:65,14,0,0
BRDA:65,14,1,0
BRDA:75,15,0,0
BRDA:75,16,0,0
BRDA:75,16,1,0
BRDA:75,17,0,0
BRDA:75,17,1,0
BRDA:75,18,0,0
BRDA:75,18,1,0
BRDA:79,19,0,0
BRDA:79,20,0,0
BRDA:79,20,1,0
BRDA:79,21,0,0
BRDA:79,21,1,0
BRDA:79,22,0,0
BRDA:79,22,1,0
BRDA:79,23,0,0
BRDA:79,23,1,0
BRDA:97,24,0,1
BRDA:104,25,0,2
BRDA:104,25,1,3
BRDA:104,26,0,5
BRDA:104,26,1,5
BRDA:104,27,0,3
BRDA:104,27,1,2
BRDA:104,28,0,5
BRDA:104,28,1,2
BRDA:105,29,0,2
BRDA:105,29,1,3
BRDA:105,30,0,5
BRDA:105,30,1,5
BRDA:105,31,0,3
BRDA:105,31,1,2
BRDA:105,32,0,5
BRDA:105,32,1,2
BRDA:106,33,0,1
BRDA:106,33,1,4
BRDA:106,34,0,5
BRDA:106,34,1,5
BRDA:106,35,0,4
BRDA:106,35,1,1
BRDA:106,36,0,5
BRDA:106,36,1,1
BRDA:110,37,0,2
BRDA:136,38,0,11
BRDA:138,39,0,1
BRDA:138,40,0,41
BRDA:138,40,1,40
BRDA:141,41,0,0
BRDA:142,42,0,2
BRDA:152,43,0,10
BRDA:192,44,0,0
BRF:84
BRH:32
end_of_record
