TN:
SF:app/api/articles/[id]/route.ts
FN:6,GET
FN:64,DELETE
FNF:2
FNH:2
FNDA:1,GET
FNDA:4,DELETE
DA:1,1
DA:2,1
DA:3,1
DA:4,1
DA:6,1
DA:10,1
DA:11,1
DA:12,1
DA:13,1
DA:15,1
DA:16,1
DA:17,1
DA:18,0
DA:23,1
DA:25,1
DA:37,1
DA:38,0
DA:45,1
DA:46,0
DA:52,1
DA:57,0
DA:64,1
DA:68,4
DA:69,4
DA:70,4
DA:71,4
DA:73,4
DA:74,4
DA:75,4
DA:76,0
DA:81,4
DA:86,4
DA:87,4
DA:88,0
DA:93,4
DA:94,2
DA:100,2
DA:104,2
DA:109,0
LF:39
LH:32
BRDA:12,0,0,0
BRDA:17,1,0,0
BRDA:37,2,0,0
BRDA:45,3,0,0
BRDA:45,4,0,1
BRDA:45,4,1,0
BRDA:70,5,0,0
BRDA:75,6,0,0
BRDA:87,7,0,0
BRDA:93,8,0,2
BRDA:93,9,0,2
BRDA:93,9,1,2
BRF:12
BRH:4
end_of_record
TN:
SF:app/api/crawl/route.ts
FN:11,(anonymous_1)
FN:112,(anonymous_2)
FNF:2
FNH:1
FNDA:1,(anonymous_1)
FNDA:0,(anonymous_2)
DA:1,1
DA:2,1
DA:3,1
DA:4,1
DA:5,1
DA:6,1
DA:7,1
DA:8,1
DA:9,1
DA:11,1
DA:12,1
DA:13,1
DA:14,1
DA:15,1
DA:17,1
DA:18,1
DA:19,1
DA:20,0
DA:26,1
DA:28,1
DA:29,1
DA:30,0
DA:36,1
DA:40,1
DA:42,1
DA:43,1
DA:46,1
DA:50,1
DA:58,0
DA:59,0
DA:60,0
DA:69,0
DA:70,0
DA:82,0
DA:91,0
DA:95,0
DA:108,0
DA:112,1
DA:113,0
DA:114,0
DA:115,0
DA:116,0
DA:118,0
DA:130,0
DA:135,0
LF:45
LH:27
BRDA:14,0,0,0
BRDA:19,1,0,0
BRDA:29,2,0,0
BRDA:42,3,0,1
BRDA:46,4,0,1
BRDA:47,5,0,1
BRDA:47,5,1,1
BRDA:48,6,0,0
BRDA:48,6,1,1
BRDA:59,7,0,0
BRDA:69,8,0,0
BRDA:115,9,0,0
BRF:12
BRH:5
end_of_record
TN:
SF:app/api/health/route.ts
FN:3,GET
FNF:1
FNH:1
FNDA:1,GET
DA:1,1
DA:3,1
DA:4,1
LF:3
LH:3
BRF:0
BRH:0
end_of_record
TN:
SF:app/api/notifications/route.ts
FN:9,(anonymous_1)
FN:39,(anonymous_2)
FNF:2
FNH:2
FNDA:2,(anonymous_1)
FNDA:3,(anonymous_2)
DA:1,1
DA:2,1
DA:3,1
DA:4,1
DA:5,1
DA:7,1
DA:9,1
DA:10,2
DA:11,2
DA:12,2
DA:13,1
DA:15,1
DA:26,1
DA:32,0
DA:39,1
DA:40,3
DA:41,3
DA:42,3
DA:43,2
DA:45,2
DA:46,2
DA:47,2
DA:48,1
DA:54,1
DA:59,1
DA:64,0
LF:26
LH:24
BRDA:12,0,0,1
BRDA:42,1,0,1
BRDA:47,2,0,1
BRF:3
BRH:3
end_of_record
TN:
SF:app/api/notifications/[id]/route.ts
FN:6,POST
FNF:1
FNH:1
FNDA:3,POST
DA:1,1
DA:2,1
DA:3,1
DA:4,1
DA:6,1
DA:10,3
DA:11,3
DA:12,3
DA:13,3
DA:15,3
DA:16,3
DA:17,3
DA:18,0
DA:23,3
DA:25,3
DA:26,3
DA:27,1
DA:34,2
DA:35,1
DA:41,1
DA:46,1
DA:48,0
LF:22
LH:20
BRDA:12,0,0,0
BRDA:17,1,0,0
BRDA:26,2,0,1
BRDA:34,3,0,1
BRF:4
BRH:2
end_of_record
TN:
SF:app/api/sources/[id]/route.ts
FN:7,PUT
FN:90,DELETE
FNF:2
FNH:2
FNDA:2,PUT
FNDA:3,DELETE
DA:1,1
DA:2,1
DA:3,1
DA:4,1
DA:5,1
DA:7,1
DA:11,2
DA:12,2
DA:13,2
DA:14,2
DA:16,2
DA:17,2
DA:18,2
DA:19,0
DA:24,2
DA:27,2
DA:28,2
DA:29,0
DA:36,2
DA:37,1
DA:43,1
DA:44,1
DA:45,1
DA:46,0
DA:53,1
DA:58,1
DA:59,1
DA:61,1
DA:78,1
DA:83,0
DA:90,1
DA:94,3
DA:95,3
DA:96,3
DA:97,3
DA:99,3
DA:102,3
DA:103,3
DA:104,0
DA:111,3
DA:112,1
DA:118,2
DA:122,2
DA:127,0
LF:44
LH:38
BRDA:13,0,0,0
BRDA:18,1,0,0
BRDA:28,2,0,0
BRDA:36,3,0,1
BRDA:36,4,0,1
BRDA:36,4,1,1
BRDA:45,5,0,0
BRDA:58,6,0,1
BRDA:58,6,1,0
BRDA:59,7,0,1
BRDA:59,7,1,0
BRDA:64,8,0,1
BRDA:64,8,1,1
BRDA:65,9,0,1
BRDA:65,9,1,0
BRDA:66,10,0,1
BRDA:66,10,1,0
BRDA:67,11,0,1
BRDA:67,11,1,0
BRDA:68,12,0,1
BRDA:68,12,1,0
BRDA:69,13,0,1
BRDA:69,13,1,0
BRDA:70,14,0,1
BRDA:70,14,1,0
BRDA:71,15,0,1
BRDA:71,15,1,0
BRDA:72,16,0,1
BRDA:72,16,1,1
BRDA:72,16,2,0
BRDA:73,17,0,0
BRDA:73,17,1,0
BRDA:73,18,0,0
BRDA:73,18,1,0
BRDA:96,19,0,0
BRDA:103,20,0,0
BRDA:111,21,0,1
BRDA:111,22,0,1
BRDA:111,22,1,2
BRF:39
BRH:19
end_of_record
TN:
SF:app/api/topics/[id]/route.ts
FN:6,DELETE
FNF:1
FNH:1
FNDA:2,DELETE
DA:1,1
DA:2,1
DA:3,1
DA:4,1
DA:6,1
DA:10,2
DA:11,2
DA:12,2
DA:14,2
DA:15,2
DA:16,2
DA:17,0
DA:22,2
DA:24,2
DA:25,2
DA:26,0
DA:34,2
DA:35,1
DA:41,1
DA:43,1
DA:48,0
DA:49,0
LF:22
LH:18
BRDA:12,0,0,0
BRDA:16,1,0,0
BRDA:25,2,0,0
BRDA:34,3,0,1
BRF:4
BRH:1
end_of_record
TN:
SF:lib/logger.ts
FN:25,logError
FNF:1
FNH:0
FNDA:0,logError
DA:1,7
DA:3,7
DA:4,7
DA:11,7
DA:13,7
DA:25,7
DA:26,0
DA:27,0
LF:8
LH:6
BRDA:4,0,0,7
BRDA:4,0,1,7
BRDA:4,1,0,7
BRDA:4,1,1,0
BRDA:14,2,0,7
BRDA:14,2,1,0
BRDA:14,3,0,7
BRDA:14,3,1,7
BRDA:26,4,0,0
BRDA:26,4,1,0
BRF:10
BRH:6
end_of_record
TN:
SF:lib/validations.ts
FN:141,validateBody
FN:160,validateQuery
FN:165,(anonymous_2)
FNF:3
FNH:1
FNDA:16,validateBody
FNDA:0,validateQuery
FNDA:0,(anonymous_2)
DA:1,3
DA:10,3
DA:22,3
DA:28,3
DA:30,3
DA:40,3
DA:53,3
DA:58,3
DA:67,3
DA:80,3
DA:89,3
DA:96,3
DA:102,3
DA:109,3
DA:119,3
DA:125,3
DA:141,3
DA:145,16
DA:146,16
DA:147,15
DA:149,1
DA:150,1
DA:160,3
DA:164,0
DA:165,0
DA:166,0
DA:168,0
LF:27
LH:23
BRDA:146,0,0,15
BRDA:152,1,0,1
BRDA:152,1,1,0
BRF:3
BRH:2
end_of_record
TN:
SF:lib/db/prisma.ts
FNF:0
FNH:0
DA:1,4
DA:3,4
DA:7,4
DA:13,4
DA:15,4
LF:5
LH:5
BRDA:8,0,0,0
BRDA:8,0,1,4
BRDA:8,1,0,4
BRDA:8,1,1,4
BRDA:10,2,0,0
BRDA:10,2,1,4
BRDA:13,3,0,4
BRF:7
BRH:5
end_of_record
TN:
SF:lib/email/client.ts
FN:10,escapeHtml
FN:19,createTransport
FN:41,sendEmail
FN:67,sendDigestEmail
FNF:4
FNH:4
FNDA:9,escapeHtml
FNDA:3,createTransport
FNDA:3,sendEmail
FNDA:3,sendDigestEmail
DA:1,1
DA:2,1
DA:10,1
DA:11,9
DA:20,3
DA:21,3
DA:23,3
DA:41,1
DA:42,3
DA:43,3
DA:44,0
DA:45,0
DA:48,3
DA:50,3
DA:51,3
DA:58,3
DA:59,3
DA:61,0
DA:62,0
DA:67,1
DA:75,3
DA:89,3
LF:22
LH:18
BRDA:21,0,0,0
BRDA:25,1,0,3
BRDA:25,1,1,0
BRDA:28,2,0,3
BRDA:28,2,1,0
BRDA:28,3,0,3
BRDA:28,3,1,3
BRDA:43,4,0,0
BRDA:48,5,0,3
BRDA:48,5,1,3
BRF:10
BRH:6
end_of_record
TN:
SF:lib/utils/api-error.ts
FN:9,internalServerError
FNF:1
FNH:0
FNDA:0,internalServerError
DA:1,1
DA:2,1
DA:9,1
DA:14,0
DA:15,0
LF:5
LH:3
BRF:0
BRH:0
end_of_record
TN:
SF:lib/utils/env.ts
FN:12,validateEnv
FN:21,(anonymous_1)
FN:32,assertSecureAuthSecret
FNF:3
FNH:1
FNDA:0,validateEnv
FNDA:0,(anonymous_1)
FNDA:6,assertSecureAuthSecret
DA:6,1
DA:12,1
DA:13,0
DA:21,0
DA:23,0
DA:24,0
DA:32,1
DA:33,6
DA:34,6
DA:35,4
LF:10
LH:6
BRDA:23,0,0,0
BRDA:33,1,0,1
BRDA:33,1,1,5
BRDA:33,2,0,6
BRDA:33,2,1,6
BRDA:34,3,0,4
BRDA:34,4,0,6
BRDA:34,4,1,5
BRDA:34,4,2,4
BRF:9
BRH:8
end_of_record
TN:
SF:lib/utils/format.ts
FN:14,formatRelativeTime
FN:19,formatDateTime
FN:24,formatDate
FN:29,formatNumber
FN:35,truncate
FN:40,getDomain
FN:48,readingTime
FNF:7
FNH:0
FNDA:0,formatRelativeTime
FNDA:0,formatDateTime
FNDA:0,formatDate
FNDA:0,formatNumber
FNDA:0,truncate
FNDA:0,getDomain
FNDA:0,readingTime
DA:1,3
DA:2,3
DA:5,3
DA:14,3
DA:15,0
DA:16,0
DA:19,3
DA:20,0
DA:21,0
DA:24,3
DA:25,0
DA:26,0
DA:29,3
DA:30,0
DA:31,0
DA:32,0
DA:35,3
DA:36,0
DA:37,0
DA:40,3
DA:41,0
DA:42,0
DA:44,0
DA:48,3
DA:49,0
LF:25
LH:10
BRDA:14,0,0,0
BRDA:15,1,0,0
BRDA:15,1,1,0
BRDA:15,2,0,0
BRDA:15,2,1,0
BRDA:19,3,0,0
BRDA:20,4,0,0
BRDA:20,4,1,0
BRDA:20,5,0,0
BRDA:20,5,1,0
BRDA:24,6,0,0
BRDA:25,7,0,0
BRDA:25,7,1,0
BRDA:25,8,0,0
BRDA:25,8,1,0
BRDA:30,9,0,0
BRDA:31,10,0,0
BRDA:36,11,0,0
BRF:18
BRH:0
end_of_record
TN:
SF:lib/utils/ip.ts
FN:17,getClientIp
FN:25,isTrustProxyEnabled
FNF:2
FNH:2
FNDA:12,getClientIp
FNDA:12,isTrustProxyEnabled
DA:17,4
DA:18,12
DA:19,3
DA:20,3
DA:22,10
DA:26,12
DA:27,12
LF:7
LH:7
BRDA:18,0,0,3
BRDA:19,1,0,1
BRDA:19,1,1,2
BRDA:19,2,0,3
BRDA:19,2,1,3
BRDA:19,3,0,1
BRDA:19,3,1,2
BRDA:19,4,0,3
BRDA:19,4,1,2
BRDA:20,5,0,2
BRDA:22,6,0,10
BRDA:22,6,1,9
BRDA:26,7,0,9
BRDA:26,7,1,3
BRDA:26,8,0,12
BRDA:26,8,1,12
BRDA:27,9,0,12
BRDA:27,9,1,10
BRDA:27,9,2,9
BRDA:27,9,3,9
BRF:20
BRH:20
end_of_record
TN:
SF:lib/utils/jobQueue.ts
FN:29,enqueueCrawlJob
FN:48,claimJob
FN:81,dequeueCrawlJob
FN:136,completeCrawlJob
FN:153,failCrawlJob
FN:188,cancelCrawlJob
FN:201,getPendingJobCount
FN:210,getFailedJobs
FNF:8
FNH:8
FNDA:11,enqueueCrawlJob
FNDA:8,claimJob
FNDA:10,dequeueCrawlJob
FNDA:1,completeCrawlJob
FNDA:2,failCrawlJob
FNDA:1,cancelCrawlJob
FNDA:1,getPendingJobCount
FNDA:1,getFailedJobs
DA:1,4
DA:2,4
DA:9,4
DA:11,4
DA:29,4
DA:30,11
DA:41,11
DA:52,8
DA:61,8
DA:63,8
DA:81,4
DA:83,10
DA:88,10
DA:89,6
DA:90,6
DA:94,4
DA:95,4
DA:100,4
DA:102,3
DA:103,1
DA:107,1
DA:115,1
DA:118,2
DA:119,2
DA:120,2
DA:123,2
DA:127,2
DA:130,0
DA:136,4
DA:140,1
DA:153,4
DA:157,2
DA:161,2
DA:163,2
DA:165,1
DA:174,1
DA:188,4
DA:189,1
DA:201,4
DA:202,1
DA:210,4
DA:211,1
LF:42
LH:41
BRDA:9,0,0,4
BRDA:9,0,1,4
BRDA:34,1,0,0
BRDA:34,1,1,11
BRDA:34,2,0,11
BRDA:34,2,1,11
BRDA:35,3,0,0
BRDA:35,3,1,11
BRDA:35,4,0,11
BRDA:35,4,1,11
BRDA:36,5,0,3
BRDA:36,5,1,8
BRDA:36,6,0,11
BRDA:36,6,1,11
BRDA:61,7,0,0
BRDA:88,8,0,6
BRDA:90,9,0,6
BRDA:100,10,0,1
BRDA:102,11,0,1
BRDA:119,12,0,2
BRDA:161,13,0,0
BRDA:163,14,0,1
BRDA:163,14,1,1
BRDA:210,15,0,1
BRF:24
BRH:20
end_of_record
TN:
SF:lib/utils/rateLimit-prisma.ts
FN:9,rateLimit
FN:69,withRateLimit
FN:74,(anonymous_3)
FNF:3
FNH:3
FNDA:10,rateLimit
FNDA:5,withRateLimit
FNDA:7,(anonymous_3)
DA:1,3
DA:2,3
DA:3,3
DA:4,3
DA:6,3
DA:7,3
DA:9,3
DA:14,10
DA:15,10
DA:17,10
DA:18,10
DA:19,10
DA:22,10
DA:23,0
DA:29,10
DA:33,10
DA:34,8
DA:46,8
DA:49,2
DA:50,1
DA:57,1
DA:62,1
DA:69,3
DA:74,5
DA:76,7
DA:78,7
DA:80,7
DA:81,0
DA:98,7
DA:100,7
DA:101,7
DA:102,7
DA:104,7
LF:33
LH:31
BRDA:6,0,0,3
BRDA:6,0,1,3
BRDA:7,1,0,3
BRDA:7,1,1,3
BRDA:11,2,0,0
BRDA:12,3,0,0
BRDA:15,4,0,0
BRDA:22,5,0,0
BRDA:33,6,0,8
BRDA:33,7,0,10
BRDA:33,7,1,2
BRDA:49,8,0,1
BRDA:71,9,0,4
BRDA:72,10,0,4
BRDA:80,11,0,0
BRF:15
BRH:10
end_of_record
TN:
SF:lib/utils/rateLimit-redis.ts
FN:6,getRedis
FN:15,(anonymous_2)
FN:20,redisRateLimit
FNF:3
FNH:2
FNDA:10,getRedis
FNDA:0,(anonymous_2)
FNDA:10,redisRateLimit
DA:1,3
DA:2,3
DA:4,3
DA:7,10
DA:8,10
DA:10,0
DA:11,0
DA:15,0
DA:17,0
DA:20,3
DA:25,10
DA:26,10
DA:28,0
DA:29,0
DA:30,0
DA:33,0
DA:34,0
DA:36,0
DA:37,0
DA:40,0
DA:41,0
DA:43,0
DA:44,0
DA:47,0
DA:53,0
DA:54,0
LF:26
LH:8
BRDA:8,0,0,10
BRDA:10,1,0,0
BRDA:26,2,0,10
BRDA:29,3,0,0
BRDA:36,4,0,0
BRDA:41,5,0,0
BRDA:41,5,1,0
BRDA:43,6,0,0
BRF:8
BRH:2
end_of_record
TN:
SF:lib/utils/rateLimit.ts
FNF:0
FNH:0
DA:1,2
DA:3,2
DA:4,2
LF:3
LH:3
BRF:0
BRH:0
end_of_record
TN:
SF:lib/utils/schedule.ts
FN:17,computeNextCrawlAt
FN:39,isAutoRefreshDue
FN:53,runDueSourceSyncs
FN:87,(anonymous_4)
FNF:4
FNH:2
FNDA:4,computeNextCrawlAt
FNDA:4,isAutoRefreshDue
FNDA:0,runDueSourceSyncs
FNDA:0,(anonymous_4)
DA:1,2
DA:2,2
DA:3,2
DA:4,2
DA:5,2
DA:9,2
DA:17,2
DA:21,4
DA:23,1
DA:25,1
DA:27,1
DA:29,1
DA:39,2
DA:40,4
DA:41,3
DA:42,2
DA:53,2
DA:54,0
DA:71,0
DA:72,0
DA:73,0
DA:78,0
DA:83,0
DA:84,0
DA:87,0
DA:88,0
DA:94,0
DA:103,0
DA:110,0
LF:29
LH:17
BRDA:19,0,0,1
BRDA:21,1,0,1
BRDA:21,1,1,1
BRDA:21,1,2,1
BRDA:21,1,3,1
BRDA:40,2,0,1
BRDA:41,3,0,1
BRDA:84,4,0,0
BRDA:84,4,1,0
BRDA:89,5,0,0
BRDA:89,5,1,0
BRDA:95,6,0,0
BRDA:95,6,1,0
BRDA:95,7,0,0
BRDA:95,7,1,0
BRDA:99,8,0,0
BRDA:99,8,1,0
BRDA:99,9,0,0
BRDA:99,9,1,0
BRDA:104,10,0,0
BRDA:104,10,1,0
BRF:21
BRH:7
end_of_record
TN:
SF:lib/utils/slugify.ts
FN:1,slugify
FNF:1
FNH:0
FNDA:0,slugify
DA:1,3
DA:2,0
LF:2
LH:1
BRF:0
BRH:0
end_of_record
TN:
SF:lib/utils/url.ts
FN:5,getCrawlUrlError
FN:31,(anonymous_1)
FNF:2
FNH:2
FNDA:8,getCrawlUrlError
FNDA:12,(anonymous_1)
DA:5,2
DA:7,8
DA:8,8
DA:10,1
DA:13,7
DA:14,1
DA:17,6
DA:19,6
DA:25,1
DA:28,5
DA:29,5
DA:30,3
DA:31,12
DA:32,0
DA:34,3
DA:35,3
DA:43,3
DA:47,2
LF:18
LH:17
BRDA:13,0,0,1
BRDA:19,1,0,1
BRDA:20,2,0,6
BRDA:20,2,1,5
BRDA:20,2,2,5
BRDA:20,2,3,5
BRDA:29,3,0,3
BRDA:31,4,0,0
BRDA:35,5,0,3
BRDA:36,6,0,3
BRDA:36,6,1,2
BRDA:36,6,2,1
BRDA:36,6,3,1
BRDA:36,6,4,0
BRDA:36,6,5,1
BRDA:36,6,6,1
BRDA:36,6,7,0
BRDA:36,6,8,0
BRDA:36,6,9,0
BRF:19
BRH:14
end_of_record
TN:
SF:lib/utils/usage.ts
FN:47,parseEnvInt
FN:54,parseEnvFloat
FN:61,getDailyLimit
FN:65,getGlobalDailyBudget
FN:69,getAlertThreshold
FN:74,todayKey
FN:79,nextResetAt
FN:86,maybeCleanupOldUsage
FN:106,consumeUsage
FN:122,(anonymous_10)
FNF:10
FNH:10
FNDA:21,parseEnvInt
FNDA:3,parseEnvFloat
FNDA:12,getDailyLimit
FNDA:6,getGlobalDailyBudget
FNDA:3,getAlertThreshold
FNDA:7,todayKey
FNDA:8,nextResetAt
FNDA:3,maybeCleanupOldUsage
FNDA:7,consumeUsage
FNDA:6,(anonymous_10)
DA:1,2
DA:2,2
DA:29,2
DA:36,2
DA:37,2
DA:48,21
DA:49,21
DA:50,4
DA:51,4
DA:55,3
DA:56,3
DA:57,1
DA:58,1
DA:61,2
DA:62,12
DA:65,2
DA:66,6
DA:70,3
DA:74,2
DA:75,7
DA:79,2
DA:80,8
DA:81,8
DA:82,8
DA:87,3
DA:88,3
DA:89,0
DA:90,0
DA:91,0
DA:92,0
DA:94,0
DA:106,2
DA:110,7
DA:111,7
DA:114,7
DA:115,1
DA:118,6
DA:119,6
DA:121,6
DA:122,6
DA:123,6
DA:129,5
DA:130,5
DA:131,2
DA:135,2
DA:138,5
DA:142,5
DA:143,1
DA:147,1
DA:151,4
DA:152,1
DA:156,1
DA:160,3
DA:161,3
DA:162,1
DA:168,3
DA:170,3
DA:172,1
DA:176,1
LF:59
LH:54
BRDA:49,0,0,17
BRDA:49,1,0,21
BRDA:49,1,1,4
BRDA:51,2,0,4
BRDA:51,2,1,0
BRDA:51,3,0,4
BRDA:51,3,1,4
BRDA:56,4,0,2
BRDA:56,5,0,3
BRDA:56,5,1,1
BRDA:58,6,0,1
BRDA:58,6,1,0
BRDA:58,7,0,1
BRDA:58,7,1,1
BRDA:74,8,0,6
BRDA:79,9,0,7
BRDA:88,10,0,3
BRDA:88,11,0,3
BRDA:88,11,1,3
BRDA:114,12,0,1
BRDA:130,13,0,2
BRDA:135,14,0,2
BRDA:135,14,1,0
BRDA:135,15,0,2
BRDA:135,15,1,2
BRDA:142,16,0,1
BRDA:151,17,0,1
BRDA:151,18,0,4
BRDA:151,18,1,2
BRDA:161,19,0,1
BRF:30
BRH:27
end_of_record
TN:
SF:services/analytics/articleQuery.ts
FN:26,(anonymous_1)
FN:33,resolveTopicArticleIds
FN:41,(anonymous_3)
FN:48,buildArticleWhere
FN:100,searchWithFullText
FN:142,(anonymous_6)
FN:150,fetchArticles
FN:170,queryArticles
FN:190,(anonymous_9)
FN:190,(anonymous_10)
FNF:10
FNH:9
FNDA:2,(anonymous_1)
FNDA:1,resolveTopicArticleIds
FNDA:0,(anonymous_3)
FNDA:4,buildArticleWhere
FNDA:1,searchWithFullText
FNDA:2,(anonymous_6)
FNDA:1,fetchArticles
FNDA:2,queryArticles
FNDA:2,(anonymous_9)
FNDA:3,(anonymous_10)
DA:1,1
DA:2,1
DA:26,2
DA:34,1
DA:35,1
DA:37,0
DA:41,0
DA:48,1
DA:51,4
DA:53,4
DA:58,4
DA:59,2
DA:69,4
DA:70,1
DA:71,1
DA:72,0
DA:76,4
DA:77,4
DA:78,4
DA:80,4
DA:81,0
DA:82,0
DA:83,0
DA:86,4
DA:103,1
DA:104,1
DA:106,1
DA:107,1
DA:109,1
DA:112,1
DA:113,1
DA:117,1
DA:120,1
DA:124,1
DA:132,1
DA:141,1
DA:142,2
DA:146,0
DA:157,1
DA:161,1
DA:170,1
DA:171,2
DA:172,2
DA:173,2
DA:176,2
DA:177,2
DA:179,2
DA:181,1
DA:189,1
DA:190,3
DA:193,1
DA:202,1
DA:203,1
DA:208,1
LF:54
LH:47
BRDA:30,0,0,2
BRDA:30,0,1,0
BRDA:35,1,0,1
BRDA:55,2,0,4
BRDA:55,2,1,0
BRDA:58,3,0,2
BRDA:69,4,0,1
BRDA:71,5,0,0
BRDA:76,6,0,0
BRDA:77,7,0,0
BRDA:78,8,0,1
BRDA:80,9,0,0
BRDA:80,10,0,4
BRDA:80,10,1,4
BRDA:82,11,0,0
BRDA:83,12,0,0
BRDA:103,13,0,0
BRDA:103,14,0,0
BRDA:103,15,0,1
BRDA:104,16,0,0
BRDA:104,17,0,0
BRDA:104,17,1,1
BRDA:104,18,0,1
BRDA:104,18,1,1
BRDA:107,19,0,0
BRDA:107,19,1,1
BRDA:117,20,0,1
BRDA:117,20,1,0
BRDA:120,21,0,1
BRDA:120,21,1,0
BRDA:143,22,0,1
BRDA:143,22,1,0
BRDA:143,23,0,1
BRDA:143,23,1,1
BRDA:143,24,0,0
BRDA:143,24,1,1
BRDA:143,25,0,1
BRDA:143,25,1,1
BRDA:158,26,0,0
BRDA:158,26,1,1
BRDA:171,27,0,2
BRDA:171,27,1,0
BRDA:171,28,0,2
BRDA:171,28,1,2
BRDA:172,29,0,2
BRDA:172,29,1,0
BRDA:172,30,0,2
BRDA:172,30,1,2
BRDA:173,31,0,0
BRDA:173,31,1,2
BRDA:173,32,0,2
BRDA:173,32,1,2
BRDA:176,33,0,2
BRDA:176,33,1,2
BRDA:176,33,2,1
BRDA:176,33,3,1
BRDA:177,34,0,1
BRDA:177,34,1,1
BRDA:179,35,0,1
BRDA:181,36,0,1
BRDA:181,36,1,0
BRF:61
BRH:39
end_of_record
TN:
SF:services/analytics/similar.ts
FN:22,tokenize
FN:28,(anonymous_2)
FN:54,findSimilarArticles
FN:90,(anonymous_4)
FN:93,(anonymous_5)
FN:103,(anonymous_6)
FN:116,(anonymous_7)
FN:117,(anonymous_8)
FNF:8
FNH:7
FNDA:5,tokenize
FNDA:25,(anonymous_2)
FNDA:3,findSimilarArticles
FNDA:2,(anonymous_4)
FNDA:3,(anonymous_5)
FNDA:3,(anonymous_6)
FNDA:3,(anonymous_7)
FNDA:0,(anonymous_8)
DA:1,1
DA:11,1
DA:23,5
DA:28,25
DA:54,1
DA:58,3
DA:67,3
DA:69,2
DA:72,2
DA:90,2
DA:92,2
DA:94,3
DA:96,3
DA:97,3
DA:98,13
DA:100,3
DA:101,3
DA:103,3
DA:104,3
DA:106,3
DA:108,3
DA:110,3
DA:116,3
DA:117,0
DA:120,2
LF:25
LH:24
BRDA:28,0,0,25
BRDA:28,0,1,22
BRDA:56,1,0,0
BRDA:67,2,0,1
BRDA:98,3,0,4
BRDA:101,4,0,0
BRDA:101,4,1,3
BRDA:108,5,0,1
BRDA:108,5,1,2
BRDA:108,6,0,3
BRDA:108,6,1,3
BRF:11
BRH:9
end_of_record
TN:
SF:services/crawl/crawler.ts
FN:7,startCrawlJob
FN:66,processCrawledPage
FN:123,guessCategory
FNF:3
FNH:0
FNDA:0,startCrawlJob
FNDA:0,processCrawledPage
FNDA:0,guessCategory
DA:2,3
DA:3,3
DA:4,3
DA:5,3
DA:7,3
DA:11,0
DA:14,0
DA:22,0
DA:28,0
DA:36,0
DA:43,0
DA:46,0
DA:53,0
DA:66,3
DA:67,0
DA:68,0
DA:70,0
DA:71,0
DA:74,0
DA:78,0
DA:80,0
DA:83,0
DA:84,0
DA:85,0
DA:88,0
DA:106,0
DA:107,0
DA:108,0
DA:114,0
DA:123,3
DA:124,0
DA:125,0
DA:156,0
DA:157,0
DA:160,0
LF:35
LH:7
BRDA:11,0,0,0
BRDA:11,1,0,0
BRDA:50,2,0,0
BRDA:50,2,1,0
BRDA:68,3,0,0
BRDA:68,3,1,0
BRDA:70,4,0,0
BRDA:70,4,1,0
BRDA:71,5,0,0
BRDA:78,6,0,0
BRDA:83,7,0,0
BRDA:83,7,1,0
BRDA:84,8,0,0
BRDA:84,8,1,0
BRDA:91,9,0,0
BRDA:91,9,1,0
BRDA:96,10,0,0
BRDA:96,10,1,0
BRDA:97,11,0,0
BRDA:97,11,1,0
BRDA:98,12,0,0
BRDA:98,12,1,0
BRDA:99,13,0,0
BRDA:99,13,1,0
BRDA:100,14,0,0
BRDA:100,14,1,0
BRDA:106,15,0,0
BRDA:157,16,0,0
BRF:28
BRH:0
end_of_record
TN:
SF:services/openai/client.ts
FN:5,getOpenAIClient
FNF:1
FNH:1
FNDA:1,getOpenAIClient
DA:1,1
DA:3,1
DA:5,1
DA:6,1
DA:7,1
DA:11,1
DA:14,1
LF:7
LH:7
BRDA:6,0,0,1
BRF:1
BRH:1
end_of_record
TN:
SF:services/openai/prompts.ts
FN:67,buildSummaryPrompt
FN:71,buildChatPrompt
FN:75,buildDigestPrompt
FNF:3
FNH:0
FNDA:0,buildSummaryPrompt
FNDA:0,buildChatPrompt
FNDA:0,buildDigestPrompt
DA:1,1
DA:23,1
DA:38,1
DA:53,1
DA:67,1
DA:68,0
DA:71,1
DA:72,0
DA:75,1
DA:76,0
LF:10
LH:7
BRF:0
BRH:0
end_of_record
TN:
SF:services/openai/summarize.ts
FN:22,summarizeArticle
FNF:1
FNH:1
FNDA:1,summarizeArticle
DA:1,1
DA:2,1
DA:3,1
DA:22,1
DA:26,1
DA:27,1
DA:29,1
DA:34,1
DA:35,1
DA:38,0
DA:40,0
DA:58,0
DA:59,0
DA:60,0
DA:63,0
DA:64,0
DA:67,0
DA:68,0
DA:69,0
DA:71,0
DA:76,0
DA:77,0
DA:79,0
DA:97,0
DA:127,0
DA:139,0
DA:140,0
DA:141,0
DA:147,0
DA:154,0
LF:30
LH:9
BRDA:24,0,0,1
BRDA:34,1,0,1
BRDA:59,2,0,0
BRDA:59,2,1,0
BRDA:59,3,0,0
BRDA:59,3,1,0
BRDA:59,4,0,0
BRDA:59,4,1,0
BRDA:59,5,0,0
BRDA:59,5,1,0
BRDA:60,6,0,0
BRDA:60,6,1,0
BRDA:60,7,0,0
BRDA:60,7,1,0
BRDA:68,8,0,0
BRDA:68,8,1,0
BRDA:80,9,0,0
BRDA:80,9,1,0
BRDA:81,10,0,0
BRDA:81,10,1,0
BRDA:82,11,0,0
BRDA:82,11,1,0
BRDA:83,12,0,0
BRDA:83,12,1,0
BRDA:84,13,0,0
BRDA:84,13,1,0
BRDA:85,14,0,0
BRDA:85,14,1,0
BRDA:86,15,0,0
BRDA:86,15,1,0
BRDA:87,16,0,0
BRDA:87,16,1,0
BRDA:88,17,0,0
BRDA:88,17,1,0
BRDA:89,18,0,0
BRDA:89,18,1,0
BRDA:90,19,0,0
BRDA:90,19,1,0
BRDA:132,20,0,0
BRDA:132,20,1,0
BRDA:132,21,0,0
BRDA:132,21,1,0
BRF:42
BRH:2
end_of_record
TN:
SF:services/rss/importer.ts
FN:28,importRssFeed
FN:141,safeDate
FNF:2
FNH:1
FNDA:2,importRssFeed
FNDA:0,safeDate
DA:1,2
DA:2,2
DA:3,2
DA:4,2
DA:5,2
DA:6,2
DA:28,2
DA:29,2
DA:30,2
DA:31,1
DA:33,0
DA:34,0
DA:36,0
DA:37,0
DA:38,0
DA:40,0
DA:41,0
DA:42,0
DA:43,0
DA:46,0
DA:48,0
DA:49,0
DA:50,0
DA:51,0
DA:52,0
DA:55,0
DA:56,0
DA:58,0
DA:78,0
DA:79,0
DA:80,0
DA:81,0
DA:86,0
DA:93,0
DA:95,0
DA:96,0
DA:103,0
DA:105,0
DA:121,0
DA:126,0
DA:131,0
DA:142,0
DA:143,0
LF:43
LH:10
BRDA:30,0,0,1
BRDA:31,1,0,1
BRDA:41,2,0,0
BRDA:41,3,0,0
BRDA:41,3,1,0
BRDA:50,4,0,0
BRDA:55,5,0,0
BRDA:55,5,1,0
BRDA:55,5,2,0
BRDA:66,6,0,0
BRDA:66,6,1,0
BRDA:66,7,0,0
BRDA:66,7,1,0
BRDA:67,8,0,0
BRDA:67,8,1,0
BRDA:68,9,0,0
BRDA:68,9,1,0
BRDA:68,10,0,0
BRDA:68,10,1,0
BRDA:69,11,0,0
BRDA:69,11,1,0
BRDA:69,12,0,0
BRDA:69,12,1,0
BRDA:69,13,0,0
BRDA:69,13,1,0
BRDA:69,14,0,0
BRDA:69,14,1,0
BRDA:79,15,0,0
BRDA:97,16,0,0
BRDA:97,16,1,0
BRDA:108,17,0,0
BRDA:108,17,1,0
BRDA:108,18,0,0
BRDA:108,18,1,0
BRDA:112,19,0,0
BRDA:112,19,1,0
BRDA:112,20,0,0
BRDA:112,20,1,0
BRDA:114,21,0,0
BRDA:114,21,1,0
BRDA:143,22,0,0
BRDA:143,22,1,0
BRF:42
BRH:2
end_of_record
TN:
SF:services/rss/parser.ts
FN:37,parseFeedUrl
FN:50,(anonymous_2)
FN:73,extractImage
FN:96,extractTitleFromHtml
FN:107,(anonymous_5)
FN:133,isBetterTitle
FN:138,(anonymous_7)
FN:151,htmlToText
FN:174,normalizeArticleUrl
FN:189,(anonymous_10)
FNF:10
FNH:7
FNDA:0,parseFeedUrl
FNDA:0,(anonymous_2)
FNDA:0,extractImage
FNDA:6,extractTitleFromHtml
FNDA:15,(anonymous_5)
FNDA:17,isBetterTitle
FNDA:41,(anonymous_7)
FNDA:18,htmlToText
FNDA:3,normalizeArticleUrl
FNDA:30,(anonymous_10)
DA:1,2
DA:2,2
DA:31,2
DA:37,2
DA:38,0
DA:46,0
DA:48,0
DA:50,0
DA:51,0
DA:52,0
DA:64,0
DA:74,0
DA:75,0
DA:76,0
DA:78,0
DA:79,0
DA:80,0
DA:96,2
DA:97,6
DA:99,5
DA:100,5
DA:101,5
DA:103,5
DA:107,15
DA:109,5
DA:110,13
DA:113,3
DA:117,2
DA:133,2
DA:134,17
DA:135,17
DA:136,17
DA:137,6
DA:138,41
DA:139,1
DA:141,5
DA:142,5
DA:143,3
DA:151,2
DA:152,18
DA:153,8
DA:174,2
DA:175,3
DA:176,3
DA:177,3
DA:189,30
DA:190,3
DA:191,3
DA:192,3
DA:193,3
DA:194,3
DA:196,0
LF:52
LH:38
BRDA:50,0,0,0
BRDA:50,0,1,0
BRDA:50,1,0,0
BRDA:50,1,1,0
BRDA:51,2,0,0
BRDA:51,2,1,0
BRDA:51,2,2,0
BRDA:53,3,0,0
BRDA:53,3,1,0
BRDA:53,4,0,0
BRDA:53,4,1,0
BRDA:54,5,0,0
BRDA:54,5,1,0
BRDA:54,6,0,0
BRDA:54,6,1,0
BRDA:55,7,0,0
BRDA:55,7,1,0
BRDA:55,7,2,0
BRDA:56,8,0,0
BRDA:56,8,1,0
BRDA:57,9,0,0
BRDA:57,9,1,0
BRDA:57,9,2,0
BRDA:58,10,0,0
BRDA:58,10,1,0
BRDA:58,10,2,0
BRDA:60,11,0,0
BRDA:60,11,1,0
BRDA:65,12,0,0
BRDA:65,12,1,0
BRDA:65,13,0,0
BRDA:65,13,1,0
BRDA:65,14,0,0
BRDA:65,14,1,0
BRDA:75,15,0,0
BRDA:75,16,0,0
BRDA:75,16,1,0
BRDA:75,17,0,0
BRDA:75,17,1,0
BRDA:75,18,0,0
BRDA:75,18,1,0
BRDA:79,19,0,0
BRDA:79,20,0,0
BRDA:79,20,1,0
BRDA:79,21,0,0
BRDA:79,21,1,0
BRDA:79,22,0,0
BRDA:79,22,1,0
BRDA:79,23,0,0
BRDA:79,23,1,0
BRDA:97,24,0,1
BRDA:104,25,0,2
BRDA:104,25,1,3
BRDA:104,26,0,5
BRDA:104,26,1,5
BRDA:104,27,0,3
BRDA:104,27,1,2
BRDA:104,28,0,5
BRDA:104,28,1,2
BRDA:105,29,0,2
BRDA:105,29,1,3
BRDA:105,30,0,5
BRDA:105,30,1,5
BRDA:105,31,0,3
BRDA:105,31,1,2
BRDA:105,32,0,5
BRDA:105,32,1,2
BRDA:106,33,0,1
BRDA:106,33,1,4
BRDA:106,34,0,5
BRDA:106,34,1,5
BRDA:106,35,0,4
BRDA:106,35,1,1
BRDA:106,36,0,5
BRDA:106,36,1,1
BRDA:110,37,0,2
BRDA:136,38,0,11
BRDA:138,39,0,1
BRDA:138,40,0,41
BRDA:138,40,1,40
BRDA:141,41,0,0
BRDA:142,42,0,2
BRDA:152,43,0,10
BRDA:192,44,0,0
BRF:84
BRH:32
end_of_record
